ANSI-C/cC++ Compiler for HC12 V-5.0.38 Build 9056, Feb 26 2009

    1:  //
    2:  //  characters8x8.c    
    3:  //  Interface
    4:  //
    5:  //  Created by Sergio N. Deligiannis on 27/4/15.
    6:  //  Copyright (c) 2015 Sergio N. Deligiannis. All rights reserved.
    7:  //
    8:  
    9:  #include "characters8x8.h"       
   10:  
   11:  // ASCII and extended ASCII chars from 0x00 to 0xAF 
   12:  const unsigned char font8x8_basic[][8] = {
   13:      { 0B00000000 , 0B00000000 , 0B00000000 , 0B00000000 , 0B00000000 , 0B00000000 , 0B00000000 , 0B00000000 },   // U+0000 (nul)
   14:      { 0B00000000 , 0B00000000 , 0B00000000 , 0B00000000 , 0B00000000 , 0B00000000 , 0B00000000 , 0B00000000 },   // U+0001
   15:      { 0B00000000 , 0B00000000 , 0B00000000 , 0B00000000 , 0B00000000 , 0B00000000 , 0B00000000 , 0B00000000 },   // U+0002
   16:      { 0B00000000 , 0B00000000 , 0B00000000 , 0B00000000 , 0B00000000 , 0B00000000 , 0B00000000 , 0B00000000 },   // U+0003
   17:      { 0B00000000 , 0B00000000 , 0B00000000 , 0B00000000 , 0B00000000 , 0B00000000 , 0B00000000 , 0B00000000 },   // U+0004
   18:      { 0B00000000 , 0B00000000 , 0B00000000 , 0B00000000 , 0B00000000 , 0B00000000 , 0B00000000 , 0B00000000 },   // U+0005
   19:      { 0B00000000 , 0B00000000 , 0B00000000 , 0B00000000 , 0B00000000 , 0B00000000 , 0B00000000 , 0B00000000 },   // U+0006
   20:      { 0B00000000 , 0B00000000 , 0B00000000 , 0B00000000 , 0B00000000 , 0B00000000 , 0B00000000 , 0B00000000 },   // U+0007
   21:      { 0B00000000 , 0B00000000 , 0B00000000 , 0B00000000 , 0B00000000 , 0B00000000 , 0B00000000 , 0B00000000 },   // U+0008
   22:      { 0B00000000 , 0B00000000 , 0B00000000 , 0B00000000 , 0B00000000 , 0B00000000 , 0B00000000 , 0B00000000 },   // U+0009
   23:      { 0B00000000 , 0B00000000 , 0B00000000 , 0B00000000 , 0B00000000 , 0B00000000 , 0B00000000 , 0B00000000 },   // U+000A
   24:      { 0B00000000 , 0B00000000 , 0B00000000 , 0B00000000 , 0B00000000 , 0B00000000 , 0B00000000 , 0B00000000 },   // U+000B
   25:      { 0B00000000 , 0B00000000 , 0B00000000 , 0B00000000 , 0B00000000 , 0B00000000 , 0B00000000 , 0B00000000 },   // U+000C
   26:      { 0B00000000 , 0B00000000 , 0B00000000 , 0B00000000 , 0B00000000 , 0B00000000 , 0B00000000 , 0B00000000 },   // U+000D
   27:      { 0B00000000 , 0B00000000 , 0B00000000 , 0B00000000 , 0B00000000 , 0B00000000 , 0B00000000 , 0B00000000 },   // U+000E
   28:      { 0B00000000 , 0B00000000 , 0B00000000 , 0B00000000 , 0B00000000 , 0B00000000 , 0B00000000 , 0B00000000 },   // U+000F
   29:      { 0B00000000 , 0B00000000 , 0B00000000 , 0B00000000 , 0B00000000 , 0B00000000 , 0B00000000 , 0B00000000 },   // U+0010
   30:      { 0B00000000 , 0B00000000 , 0B00000000 , 0B00000000 , 0B00000000 , 0B00000000 , 0B00000000 , 0B00000000 },   // U+0011
   31:      { 0B00000000 , 0B00000000 , 0B00000000 , 0B00000000 , 0B00000000 , 0B00000000 , 0B00000000 , 0B00000000 },   // U+0012
   32:      { 0B00000000 , 0B00000000 , 0B00000000 , 0B00000000 , 0B00000000 , 0B00000000 , 0B00000000 , 0B00000000 },   // U+0013
   33:      { 0B00000000 , 0B00000000 , 0B00000000 , 0B00000000 , 0B00000000 , 0B00000000 , 0B00000000 , 0B00000000 },   // U+0014
   34:      { 0B00000000 , 0B00000000 , 0B00000000 , 0B00000000 , 0B00000000 , 0B00000000 , 0B00000000 , 0B00000000 },   // U+0015
   35:      { 0B00000000 , 0B00000000 , 0B00000000 , 0B00000000 , 0B00000000 , 0B00000000 , 0B00000000 , 0B00000000 },   // U+0016
   36:      { 0B00000000 , 0B00000000 , 0B00000000 , 0B00000000 , 0B00000000 , 0B00000000 , 0B00000000 , 0B00000000 },   // U+0017
   37:      { 0B00000000 , 0B00000000 , 0B00000000 , 0B00000000 , 0B00000000 , 0B00000000 , 0B00000000 , 0B00000000 },   // U+0018
   38:      { 0B00000000 , 0B00000000 , 0B00000000 , 0B00000000 , 0B00000000 , 0B00000000 , 0B00000000 , 0B00000000 },   // U+0019
   39:      { 0B00000000 , 0B00000000 , 0B00000000 , 0B00000000 , 0B00000000 , 0B00000000 , 0B00000000 , 0B00000000 },   // U+001A
   40:      { 0B00000000 , 0B00000000 , 0B00000000 , 0B00000000 , 0B00000000 , 0B00000000 , 0B00000000 , 0B00000000 },   // U+001B
   41:      { 0B00000000 , 0B00000000 , 0B00000000 , 0B00000000 , 0B00000000 , 0B00000000 , 0B00000000 , 0B00000000 },   // U+001C
   42:      { 0B00000000 , 0B00000000 , 0B00000000 , 0B00000000 , 0B00000000 , 0B00000000 , 0B00000000 , 0B00000000 },   // U+001D
   43:      { 0B00000000 , 0B00000000 , 0B00000000 , 0B00000000 , 0B00000000 , 0B00000000 , 0B00000000 , 0B00000000 },   // U+001E
   44:      { 0B00000000 , 0B00000000 , 0B00000000 , 0B00000000 , 0B00000000 , 0B00000000 , 0B00000000 , 0B00000000 },   // U+001F
   45:  {
   46:  0B00000000 ,
   47:  0B00000000 ,
   48:  0B00000000 ,
   49:  0B00000000 ,
   50:  0B00000000 ,
   51:  0B00000000 ,
   52:  0B00000000 ,
   53:  0B00000000 
   54:  },
   55:  {		// !
   56:  0B00000100 ,
   57:  0B00000100 ,
   58:  0B00000100 ,
   59:  0B00000100 ,
   60:  0B00000000 ,
   61:  0B00000000 ,
   62:  0B00000100 ,
   63:  0B00000000 
   64:  },
   65:  {		// "
   66:  0B00001010 ,
   67:  0B00001010 ,
   68:  0B00001010 ,
   69:  0B00000000 ,
   70:  0B00000000 ,
   71:  0B00000000 ,
   72:  0B00000000 ,
   73:  0B00000000 
   74:  },
   75:  {		// #
   76:  0B00000000 ,
   77:  0B00010100 ,
   78:  0B00010100 ,
   79:  0B00111110 ,
   80:  0B00010100 ,
   81:  0B00111110 ,
   82:  0B00010100 ,
   83:  0B00010100 
   84:  },
   85:  {		// $
   86:  0B00000000 ,
   87:  0B00001000 ,
   88:  0B00011110 ,
   89:  0B00101000 ,
   90:  0B00011100 ,
   91:  0B00001010 ,
   92:  0B00111100 ,
   93:  0B00001000 
   94:  },
   95:  {		// %
   96:  0B00000000 ,
   97:  0B00110000 ,
   98:  0B00110010 ,
   99:  0B00000100 ,
  100:  0B00001000 ,
  101:  0B00010000 ,
  102:  0B00100110 ,
  103:  0B00000110 
  104:  },
  105:  {		// &
  106:  0B00000000 ,
  107:  0B00011000 ,
  108:  0B00100100 ,
  109:  0B00101000 ,
  110:  0B00010000 ,
  111:  0B00101010 ,
  112:  0B00100100 ,
  113:  0B00011010 
  114:  },
  115:  {		// '
  116:  0B00001100 ,
  117:  0B00000100 ,
  118:  0B00001000 ,
  119:  0B00000000 ,
  120:  0B00000000 ,
  121:  0B00000000 ,
  122:  0B00000000 ,
  123:  0B00000000 
  124:  },
  125:  {		// (
  126:  0B00000000 ,
  127:  0B00000010 ,
  128:  0B00000100 ,
  129:  0B00001000 ,
  130:  0B00001000 ,
  131:  0B00001000 ,
  132:  0B00000100 ,
  133:  0B00000010 
  134:  },
  135:  {		// )
  136:  0B00000000 ,
  137:  0B00001000 ,
  138:  0B00000100 ,
  139:  0B00000010 ,
  140:  0B00000010 ,
  141:  0B00000010 ,
  142:  0B00000100 ,
  143:  0B00001000 
  144:  },
  145:  {		// *
  146:  0B00000000 ,
  147:  0B00001000 ,
  148:  0B00101010 ,
  149:  0B00011100 ,
  150:  0B00101010 ,
  151:  0B00001000 ,
  152:  0B00000000 ,
  153:  0B00000000 
  154:  },
  155:  {		// +
  156:  0B00000000 ,
  157:  0B00000000 ,
  158:  0B00001000 ,
  159:  0B00001000 ,
  160:  0B00111110 ,
  161:  0B00001000 ,
  162:  0B00001000 ,
  163:  0B00000000 
  164:  },
  165:  {		// ,
  166:  0B00000000 ,
  167:  0B00000000 ,
  168:  0B00000000 ,
  169:  0B00000000 ,
  170:  0B00000000 ,
  171:  0B00001100 ,
  172:  0B00000100 ,
  173:  0B00001000 
  174:  },
  175:  {		// -
  176:  0B00000000 ,	
  177:  0B00000000 ,
  178:  0B00000000 ,
  179:  0B00000000 ,
  180:  0B00111110 ,
  181:  0B00000000 ,
  182:  0B00000000 ,
  183:  0B00000000 
  184:  },
  185:  {		// .
  186:  0B00000000 ,
  187:  0B00000000 ,
  188:  0B00000000 ,
  189:  0B00000000 ,
  190:  0B00000000 ,
  191:  0B00000000 ,
  192:  0B00001100 ,
  193:  0B00001100 
  194:  },
  195:  {		// /
  196:  0B00000000 ,	
  197:  0B00000000 ,
  198:  0B00000010 ,
  199:  0B00000100 ,
  200:  0B00001000 ,
  201:  0B00010000 ,
  202:  0B00100000 ,
  203:  0B00000000 
  204:  },
  205:  {		// 0
  206:  0B00000000 ,	
  207:  0B00011100 ,
  208:  0B00100010 ,
  209:  0B00100110 ,
  210:  0B00101010 ,
  211:  0B00110010 ,
  212:  0B00100010 ,
  213:  0B00011100 
  214:  },
  215:  {		// 1
  216:  0B00000000 ,	
  217:  0B00000100 ,
  218:  0B00001100 ,
  219:  0B00000100 ,
  220:  0B00000100 ,
  221:  0B00000100 ,
  222:  0B00000100 ,
  223:  0B00001110 
  224:  },
  225:  {		// 2
  226:  0B00000000 ,	
  227:  0B00011100 ,
  228:  0B00100010 ,
  229:  0B00000010 ,
  230:  0B00000100 ,
  231:  0B00001000 ,
  232:  0B00010000 ,
  233:  0B00111110 
  234:  },
  235:  {		// 3
  236:  0B00000000 ,	
  237:  0B00111110 ,
  238:  0B00000100 ,
  239:  0B00001000 ,
  240:  0B00000100 ,
  241:  0B00000010 ,
  242:  0B00100010 ,
  243:  0B00011100 
  244:  },
  245:  {		// 4
  246:  0B00000000 ,	
  247:  0B00000100 ,
  248:  0B00001100 ,
  249:  0B00010100 ,
  250:  0B00100100 ,
  251:  0B00111110 ,
  252:  0B00000100 ,
  253:  0B00000100 
  254:  },
  255:  {		// 5
  256:  0B00000000 ,	
  257:  0B00111110 ,
  258:  0B00100000 ,
  259:  0B00111100 ,
  260:  0B00000010 ,
  261:  0B00000010 ,
  262:  0B00100010 ,
  263:  0B00011100 
  264:  },
  265:  {		// 6
  266:  0B00000000 ,	
  267:  0B00001100 ,
  268:  0B00010000 ,
  269:  0B00100000 ,
  270:  0B00111100 ,
  271:  0B00100010 ,
  272:  0B00100010 ,
  273:  0B00011100 
  274:  },
  275:  {		// 7
  276:  0B00000000 ,	
  277:  0B00111110 ,
  278:  0B00000010 ,
  279:  0B00000100 ,
  280:  0B00001000 ,
  281:  0B00001000 ,
  282:  0B00001000 ,
  283:  0B00001000 
  284:  },
  285:  {		// 8
  286:  0B00000000 ,	
  287:  0B00111100 ,
  288:  0B00100010 ,
  289:  0B00100010 ,
  290:  0B00011100 ,
  291:  0B00100010 ,
  292:  0B00100010 ,
  293:  0B00011100 
  294:  },
  295:  {		// 9
  296:  0B00000000 ,
  297:  0B00011100 ,
  298:  0B00100010 ,
  299:  0B00100010 ,
  300:  0B00011110 ,
  301:  0B00000010 ,
  302:  0B00000100 ,
  303:  0B00011000 
  304:  },
  305:  {		// :
  306:  0B00000000 ,
  307:  0B00000000 ,
  308:  0B00001100 ,
  309:  0B00001100 ,
  310:  0B00000000 ,
  311:  0B00001100 ,
  312:  0B00001100 ,
  313:  0B00000000 ,
  314:  },
  315:  {		// ;
  316:  0B00000000 ,	
  317:  0B00000000 ,
  318:  0B00001100 ,
  319:  0B00001100 ,
  320:  0B00000000 ,
  321:  0B00001100 ,
  322:  0B00000100 ,
  323:  0B00001000 
  324:  },
  325:  {		// <
  326:  0B00000000 ,	
  327:  0B00000010 ,
  328:  0B00000100 ,
  329:  0B00001000 ,
  330:  0B00010000 ,
  331:  0B00001000 ,
  332:  0B00000100 ,
  333:  0B00000010 ,
  334:  },
  335:  {		// =
  336:  0B00000000 ,	
  337:  0B00000000 ,
  338:  0B00000000 ,
  339:  0B00111110 ,
  340:  0B00000000 ,
  341:  0B00111110 ,
  342:  0B00000000 ,
  343:  0B00000000 
  344:  },
  345:  {		// >
  346:  0B00000000 ,	
  347:  0B00010000 ,
  348:  0B00001000 ,
  349:  0B00000100 ,
  350:  0B00000010 ,
  351:  0B00000100 ,
  352:  0B00001000 ,
  353:  0B00010000 
  354:  },
  355:  {		// ?
  356:  0B00011100 ,
  357:  0B00100010 ,
  358:  0B00000010 ,
  359:  0B00000100 ,
  360:  0B00001000 ,
  361:  0B00000000 ,
  362:  0B00001000 ,
  363:  0B00000000 
  364:  },
  365:  {		// @
  366:  0B00000000 ,	
  367:  0B00011100 ,
  368:  0B00100010 ,
  369:  0B00000010 ,
  370:  0B00011010 ,
  371:  0B00101010 ,
  372:  0B00101010 ,
  373:  0B00011100 
  374:  },
  375:  {		// A
  376:  0B00000000 ,	
  377:  0B00011100 ,
  378:  0B00100010 ,
  379:  0B00100010 ,
  380:  0B00100010 ,
  381:  0B00111110 ,
  382:  0B00100010 ,
  383:  0B00100010
  384:  },
  385:  {		// B
  386:  0B00000000 ,
  387:  0B00111100 ,
  388:  0B00010010 ,
  389:  0B00010010 ,
  390:  0B00011100 ,
  391:  0B00010010 ,
  392:  0B00010010 ,
  393:  0B00111100
  394:  },
  395:  {		// C
  396:  0B00000000 ,	
  397:  0B00011100 ,
  398:  0B00100010 ,
  399:  0B00100000 ,
  400:  0B00100000 ,
  401:  0B00100000 ,
  402:  0B00100010 ,
  403:  0B00011100
  404:  },
  405:  {		// D
  406:  0B00000000 ,
  407:  0B00111100 ,
  408:  0B00010010 ,
  409:  0B00010010 ,
  410:  0B00010010 ,
  411:  0B00010010 ,
  412:  0B00010010 ,
  413:  0B00111100
  414:  },
  415:  {		// E
  416:  0B00000000 ,	
  417:  0B00111110 ,
  418:  0B00100000 ,
  419:  0B00100000 ,
  420:  0B00111110 ,
  421:  0B00100000 ,
  422:  0B00100000 ,
  423:  0B00111110 
  424:  },
  425:  {		// F
  426:  0B00000000 ,
  427:  0B00111110 ,
  428:  0B00100000 ,
  429:  0B00100000 ,
  430:  0B00111100 ,
  431:  0B00100000 ,
  432:  0B00100000 ,
  433:  0B00100000 
  434:  },
  435:  {		// G
  436:  0B00000000 ,	
  437:  0B00011100 ,
  438:  0B00100010 ,
  439:  0B00100000 ,
  440:  0B00100110 ,
  441:  0B00100010 ,
  442:  0B00100010 ,
  443:  0B00011110 
  444:  },
  445:  {		// H
  446:  0B00000000 ,	
  447:  0B00100010 ,
  448:  0B00100010 ,
  449:  0B00100010 ,
  450:  0B00111110 ,
  451:  0B00100010 ,
  452:  0B00100010 ,
  453:  0B00100010 
  454:  },
  455:  {		// I
  456:  0B00000000 ,	
  457:  0B00011100 ,
  458:  0B00001000 ,
  459:  0B00001000 ,
  460:  0B00001000 ,
  461:  0B00001000 ,
  462:  0B00001000 ,
  463:  0B00011100 
  464:  },
  465:  {		// J
  466:  0B00000000 ,	
  467:  0B00001110 ,
  468:  0B00000100 ,
  469:  0B00000100 ,
  470:  0B00000100 ,
  471:  0B00000100 ,
  472:  0B00100100 ,
  473:  0B00011000 
  474:  },
  475:  {		// K
  476:  0B00000000 ,	
  477:  0B00100010 ,
  478:  0B00100100 ,
  479:  0B00101000 ,
  480:  0B00110000 ,
  481:  0B00101000 ,
  482:  0B00100100 ,
  483:  0B00100010 
  484:  },
  485:  {		// L
  486:  0B00000000 ,	
  487:  0B00100000 ,
  488:  0B00100000 ,
  489:  0B00100000 ,
  490:  0B00100000 ,
  491:  0B00100000 ,
  492:  0B00100000 ,
  493:  0B00111110 
  494:  },
  495:  {		// M
  496:  0B00000000 ,	
  497:  0B00100010 ,
  498:  0B00110110 ,
  499:  0B00101010 ,
  500:  0B00101010 ,
  501:  0B00100010 ,
  502:  0B00100010 ,
  503:  0B00100010 
  504:  },
  505:  {		// N
  506:  0B00000000 ,	
  507:  0B00100010 ,
  508:  0B00110010 ,
  509:  0B00110010 ,
  510:  0B00101010 ,
  511:  0B00100110 ,
  512:  0B00100110 ,
  513:  0B00100010 
  514:  },
  515:  {		// O
  516:  0B00000000 ,	
  517:  0B00011100 ,
  518:  0B00100010 ,
  519:  0B00100010 ,
  520:  0B00100010 ,
  521:  0B00100010 ,
  522:  0B00100010 ,
  523:  0B00011100 
  524:  },
  525:  {		// P
  526:  0B00000000 ,	
  527:  0B00111100 ,
  528:  0B00100010 ,
  529:  0B00100010 ,
  530:  0B00111100 ,
  531:  0B00100000 ,
  532:  0B00100000 ,
  533:  0B00100000 
  534:  },
  535:  {		// Q
  536:  0B00000000 ,	
  537:  0B00011100 ,
  538:  0B00100010 ,
  539:  0B00100010 ,
  540:  0B00100010 ,
  541:  0B00101010 ,
  542:  0B00100100 ,
  543:  0B00111010 
  544:  },
  545:  {		// R
  546:  0B00000000 ,
  547:  0B00111100 ,
  548:  0B00100010 ,
  549:  0B00100010 ,
  550:  0B00111100 ,
  551:  0B00101000 ,
  552:  0B00100100 ,
  553:  0B00100010 
  554:  },
  555:  {		// S
  556:  0B00000000 ,	
  557:  0B00011100 ,
  558:  0B00100010 ,
  559:  0B00100000 ,
  560:  0B00011100 ,
  561:  0B00000010 ,
  562:  0B00100010 ,
  563:  0B00011100 
  564:  },
  565:  {		// T
  566:  0B00000000 ,	
  567:  0B00111110 ,
  568:  0B00001000 ,
  569:  0B00001000 ,
  570:  0B00001000 ,
  571:  0B00001000 ,
  572:  0B00001000 ,
  573:  0B00001000 
  574:  },
  575:  {		// U
  576:  0B00000000 ,	
  577:  0B00100010 ,
  578:  0B00100010 ,
  579:  0B00100010 ,
  580:  0B00100010 ,
  581:  0B00100010 ,
  582:  0B00100010 ,
  583:  0B00011100 
  584:  },
  585:  {		// V
  586:  0B00000000 ,	
  587:  0B00100010 ,
  588:  0B00100010 ,
  589:  0B00100010 ,
  590:  0B00100010 ,
  591:  0B00100010 ,
  592:  0B00010100 ,
  593:  0B00001000 
  594:  },
  595:  {		// W
  596:  0B00000000 ,	
  597:  0B00100010 ,
  598:  0B00100010 ,
  599:  0B00100010 ,
  600:  0B00101010 ,
  601:  0B00101010 ,
  602:  0B00110110 ,
  603:  0B00100010 
  604:  },
  605:  {		// X
  606:  0B00000000 ,	
  607:  0B00100010 ,
  608:  0B00100010 ,
  609:  0B00010100 ,
  610:  0B00001000 ,
  611:  0B00010100 ,
  612:  0B00100010 ,
  613:  0B00100010 
  614:  },
  615:  {		// Y
  616:  0B00000000 ,	
  617:  0B00100010 ,
  618:  0B00100010 ,
  619:  0B00100010 ,
  620:  0B00010100 ,
  621:  0B00001000 ,
  622:  0B00001000 ,
  623:  0B00001000 
  624:  },
  625:  {		// Z
  626:  0B00000000 ,	
  627:  0B00111110 ,
  628:  0B00000010 ,
  629:  0B00000100 ,
  630:  0B00001000 ,
  631:  0B00010000 ,
  632:  0B00100000 ,
  633:  0B00111110 
  634:  },
  635:  {		// [
  636:  0B000000000 ,	
  637:  0B000011100 ,
  638:  0B000010000 ,
  639:  0B000010000 ,
  640:  0B000010000 ,
  641:  0B000010000 ,
  642:  0B000010000 ,
  643:  0B000011100 
  644:  },
  645:  {		// \
  646:  0B00000000 ,	
  647:  0B00000000 ,
  648:  0B00100000 ,
  649:  0B00010000 ,
  650:  0B00001000 ,
  651:  0B00000100 ,
  652:  0B00000010 ,
  653:  0B00000000 
  654:  },
  655:  {		// ]
  656:  0B00000000 ,	
  657:  0B00001110 ,
  658:  0B00000010 ,
  659:  0B00000010 ,
  660:  0B00000010 ,
  661:  0B00000010 ,
  662:  0B00000010 ,
  663:  0B00001110 
  664:  },
  665:  {		// ^
  666:  0B00001000 ,
  667:  0B00010100 ,
  668:  0B00100010 ,
  669:  0B00000000 ,
  670:  0B00000000 ,
  671:  0B00000000 ,
  672:  0B00000000 ,
  673:  0B00000000 
  674:  },
  675:  {		// _
  676:  0B00000000 ,	
  677:  0B00000000 ,
  678:  0B00000000 ,
  679:  0B00000000 ,
  680:  0B00000000 ,
  681:  0B00000000 ,
  682:  0B00000000 ,
  683:  0B00111110 
  684:  },
  685:  {		// `
  686:  0B00010000 ,
  687:  0B00001000 ,
  688:  0B00000100 ,
  689:  0B00000000 ,
  690:  0B00000000 ,
  691:  0B00000000 ,
  692:  0B00000000 ,
  693:  0B00000000 
  694:  },
  695:  {		// a
  696:  0B00000000 ,	
  697:  0B00000000 ,
  698:  0B00000000 ,
  699:  0B00011100 ,
  700:  0B00000010 ,
  701:  0B00011110 ,
  702:  0B00100010 ,
  703:  0B00011110 
  704:  },
  705:  {		// b
  706:  0B00000000 ,	
  707:  0B00100000 ,
  708:  0B00100000 ,
  709:  0B00101100 ,
  710:  0B00110010 ,
  711:  0B00100010 ,
  712:  0B00100010 ,
  713:  0B00111100 
  714:  },
  715:  {		// c
  716:  0B00000000 ,	
  717:  0B00000000 ,
  718:  0B00000000 ,
  719:  0B00011100 ,
  720:  0B00100010 ,
  721:  0B00100000 ,
  722:  0B00100010 ,
  723:  0B00011100 
  724:  },
  725:  {		// d
  726:  0B00000000 ,	
  727:  0B00000010 ,
  728:  0B00000010 ,
  729:  0B00011010 ,
  730:  0B00100110 ,
  731:  0B00100010 ,
  732:  0B00100010 ,
  733:  0B00011110 
  734:  },
  735:  {		// e
  736:  0B00000000 ,	
  737:  0B00000000 ,
  738:  0B00000000 ,
  739:  0B00011100 ,
  740:  0B00100010 ,
  741:  0B00111110 ,
  742:  0B00100000 ,
  743:  0B00011100 
  744:  },
  745:  {		// f
  746:  0B00000000 ,	
  747:  0B00000100 ,
  748:  0B00001010 ,
  749:  0B00001000 ,
  750:  0B00011100 ,
  751:  0B00001000 ,
  752:  0B00001000 ,
  753:  0B00001000 
  754:  },
  755:  {		// g
  756:  0B00000000 ,	
  757:  0B00000000 ,
  758:  0B00011010 ,
  759:  0B00100110 ,
  760:  0B00100110 ,
  761:  0B00011010 ,
  762:  0B00000010 ,
  763:  0B00011100 
  764:  },
  765:  {		// h
  766:  0B00000000 ,	
  767:  0B00100000 ,
  768:  0B00100000 ,
  769:  0B00101100 ,
  770:  0B00110010 ,
  771:  0B00100010 ,
  772:  0B00100010 ,
  773:  0B00100010 
  774:  },
  775:  {		// i
  776:  0B00000000 ,	
  777:  0B00001000 ,
  778:  0B00000000 ,
  779:  0B00011000 ,
  780:  0B00001000 ,
  781:  0B00001000 ,
  782:  0B00001000 ,
  783:  0B00011100 
  784:  },
  785:  {		// j
  786:  0B00000000 ,	
  787:  0B00000010 ,
  788:  0B00000000 ,
  789:  0B00000110 ,
  790:  0B00000010 ,
  791:  0B00000010 ,
  792:  0B00010010 ,
  793:  0B00001100 
  794:  },
  795:  {		// k
  796:  0B00000000 ,	
  797:  0B00010000 ,
  798:  0B00010000 ,
  799:  0B00010010 ,
  800:  0B00010100 ,
  801:  0B00011000 ,
  802:  0B00010100 ,
  803:  0B00010010 
  804:  },
  805:  {		// l
  806:  0B00000000 ,	
  807:  0B00001100 ,
  808:  0B00000100 ,
  809:  0B00000100 ,
  810:  0B00000100 ,
  811:  0B00000100 ,
  812:  0B00000100 ,
  813:  0B00001110 
  814:  },
  815:  {		// m
  816:  0B00000000 ,
  817:  0B00000000 ,
  818:  0B00000000 ,
  819:  0B00110100 ,
  820:  0B00101010 ,
  821:  0B00101010 ,
  822:  0B00101010 ,
  823:  0B00101010 
  824:  },
  825:  {		// n
  826:  0B00000000 ,	
  827:  0B00000000 ,
  828:  0B00000000 ,
  829:  0B00101100 ,
  830:  0B00110010 ,
  831:  0B00100010 ,
  832:  0B00100010 ,
  833:  0B00100010 
  834:  },
  835:  {		// o
  836:  0B00000000 ,	
  837:  0B00000000 ,
  838:  0B00000000 ,
  839:  0B00011100 ,
  840:  0B00100010 ,
  841:  0B00100010 ,
  842:  0B00100010 ,
  843:  0B00011100 
  844:  },
  845:  {		// p
  846:  0B00000000 ,	
  847:  0B00000000 ,
  848:  0B00101100 ,
  849:  0B00110010 ,
  850:  0B00110010 ,
  851:  0B00101100 ,
  852:  0B00100000 ,
  853:  0B00100000 
  854:  },
  855:  {		// q
  856:  0B00000000 ,	
  857:  0B00000000 ,
  858:  0B00011010 ,
  859:  0B00100110 ,
  860:  0B00100110 ,
  861:  0B00011010 ,
  862:  0B00000010 ,
  863:  0B00000010 
  864:  },
  865:  {		// r
  866:  0B00000000 ,	
  867:  0B00000000 ,
  868:  0B00000000 ,
  869:  0B00101100 ,
  870:  0B00110010 ,
  871:  0B00100000 ,
  872:  0B00100000 ,
  873:  0B00100000 
  874:  },
  875:  {		// s
  876:  0B00000000 ,
  877:  0B00000000 ,
  878:  0B00000000 ,
  879:  0B00011110 ,
  880:  0B00100000 ,
  881:  0B00111100 ,
  882:  0B00000010 ,
  883:  0B00111110 
  884:  },
  885:  {		// t
  886:  0B00000000 ,	
  887:  0B00010000 ,
  888:  0B00010000 ,
  889:  0B00111000 ,
  890:  0B00010000 ,
  891:  0B00010000 ,
  892:  0B00010010 ,
  893:  0B00001100 
  894:  },
  895:  {		// u
  896:  0B00000000 ,	
  897:  0B00000000 ,
  898:  0B00000000 ,
  899:  0B00100100 ,
  900:  0B00100100 ,
  901:  0B00100100 ,
  902:  0B00100100 ,
  903:  0B00011010 
  904:  },
  905:  {		// v
  906:  0B00000000 ,	
  907:  0B00000000 ,
  908:  0B00000000 ,
  909:  0B00100010 ,
  910:  0B00100010 ,
  911:  0B00100010 ,
  912:  0B00010100 ,
  913:  0B00001000 
  914:  },
  915:  {		// w
  916:  0B000000000 ,
  917:  0B000000000 ,
  918:  0B000000000 ,
  919:  0B000100010 ,
  920:  0B000100010 ,
  921:  0B000101010 ,
  922:  0B000101010 ,
  923:  0B000010100 
  924:  },
  925:  {		// x
  926:  0B00000000 ,
  927:  0B00000000 ,
  928:  0B00000000 ,
  929:  0B00100010 ,
  930:  0B00010100 ,
  931:  0B00001000 ,
  932:  0B00010100 ,
  933:  0B00100010 
  934:  },
  935:  {		// y
  936:  0B00000000 ,	
  937:  0B00000000 ,
  938:  0B00000000 ,
  939:  0B00100010 ,
  940:  0B00100010 ,
  941:  0B00100110 ,
  942:  0B00011010 ,
  943:  0B00000010 
  944:  },
  945:  {		// z
  946:  0B00000000 ,	
  947:  0B00000000 ,
  948:  0B00000000 ,
  949:  0B00111110 ,
  950:  0B00000100 ,
  951:  0B00001000 ,
  952:  0B00010000 ,
  953:  0B00111110 
  954:  },
  955:  {		// {
  956:  0B00000000 ,	
  957:  0B00000010 ,
  958:  0B00000100 ,
  959:  0B00000100 ,
  960:  0B00001000 ,
  961:  0B00000100 ,
  962:  0B00000100 ,
  963:  0B00000010 
  964:  },
  965:  {		// |
  966:  0B00000000 ,	
  967:  0B00000100 ,
  968:  0B00000100 ,
  969:  0B00000100 ,
  970:  0B00000000 ,
  971:  0B00000100 ,
  972:  0B00000100 ,
  973:  0B00000100 
  974:  },
  975:  {		// }
  976:  0B00000000 ,
  977:  0B00001000 ,
  978:  0B00000100 ,
  979:  0B00000100 ,
  980:  0B00000010 ,
  981:  0B00000100 ,
  982:  0B00000100 ,
  983:  0B00001000 
  984:  },
  985:  {		// ~
  986:  0B00010000 ,
  987:  0B00101010 ,
  988:  0B00000100 ,
  989:  0B00000000 ,
  990:  0B00000000 ,
  991:  0B00000000 ,
  992:  0B00000000 ,
  993:  0B00000000 
  994:  },
  995:  {		// DEL
  996:  0B00000000 ,
  997:  0B00000000 ,
  998:  0B00000000 ,
  999:  0B00000000 ,
 1000:  0B00000000 ,
 1001:  0B00000000 ,
 1002:  0B00000000 ,
 1003:  0B00000000 
 1004:  },
 1005:  { 	// (C cedille)
 1006:  	0B01111000  ,	
 1007:  	0B11001100  ,
 1008:  	0B11000000  ,
 1009:  	0B11001100  ,
 1010:  	0B01111000  ,
 1011:  	0B00011000  ,
 1012:  	0B00001100  ,
 1013:  	0B01111000  },
 1014:  { 	// ü
 1015:  	0B00000000 ,
 1016:  	0B00100100 ,
 1017:  	0B00000000 ,
 1018:  	0B00100100 ,
 1019:  	0B00100100 ,
 1020:  	0B00100100 ,
 1021:  	0B00100100 ,
 1022:  	0B00011010 
 1023:  },	
 1024:  { 	// é
 1025:  	0B00000000 ,
 1026:  	0B00000111 ,
 1027:  	0B00000000 ,
 1028:  	0B00011100 ,
 1029:  	0B00100010 ,
 1030:  	0B00111110 ,
 1031:  	0B00100000 ,
 1032:  	0B00011100 
 1033:  },	
 1034:  { 	// â
 1035:  	0B00000000 ,
 1036:  	0B01111110  ,	
 1037:  	0B11000011  ,
 1038:  	0B00111100  ,
 1039:  	0B00000110  ,
 1040:  	0B00111110  ,
 1041:  	0B01100110  ,
 1042:  	0B00111111  
 1043:  },
 1044:  { 	// ä
 1045:  	0B00000000 ,
 1046:  	0B11001100  ,	
 1047:  	0B00000000  ,
 1048:  	0B01111000  ,
 1049:  	0B00001100  ,
 1050:  	0B01111100  ,
 1051:  	0B11001100  ,
 1052:  	0B01111110  
 1053:  },
 1054:  { 	// à
 1055:  	0B00000000 ,
 1056:  	0B11100000  ,	
 1057:  	0B00000000  ,
 1058:  	0B01111000  ,
 1059:  	0B00001100  ,
 1060:  	0B01111100  ,
 1061:  	0B11001100  ,
 1062:  	0B01111110  
 1063:  },
 1064:  { 	// (a ring)
 1065:  	0B00000000 ,
 1066:  	0B00110000  ,	
 1067:  	0B00110000  ,
 1068:  	0B01111000  ,
 1069:  	0B00001100  ,
 1070:  	0B01111100  ,
 1071:  	0B11001100  ,
 1072:  	0B01111110  
 1073:  },
 1074:  {  	//(c cedille)
 1075:  	0B00000000  ,	
 1076:  	0B00000000  ,
 1077:  	0B01111000  ,
 1078:  	0B11000000  ,
 1079:  	0B11000000  ,
 1080:  	0B01111000  ,
 1081:  	0B00001100  ,
 1082:  	0B00111000  },
 1083:  { 	// ê
 1084:  	0B000111000 ,
 1085:  	0B01111110  ,	
 1086:  	0B11000011  ,
 1087:  	0B00111100  ,
 1088:  	0B01100110  ,
 1089:  	0B01111110  ,
 1090:  	0B01100000  ,
 1091:  	0B00111100  
 1092:  },
 1093:  { 	// ë
 1094:  	0B00000000 ,
 1095:  	0B11001100  ,	
 1096:  	0B00000000  ,
 1097:  	0B01111000  ,
 1098:  	0B11001100  ,
 1099:  	0B11111100  ,
 1100:  	0B11000000  ,
 1101:  	0B01111000  
 1102:  },
 1103:  { 	// è
 1104:  	0B00000000 ,
 1105:  	0B11100000  ,	
 1106:  	0B00000000  ,
 1107:  	0B01111000  ,
 1108:  	0B11001100  ,
 1109:  	0B11111100  ,
 1110:  	0B11000000  ,
 1111:  	0B01111000  
 1112:  },
 1113:  { 	// ï
 1114:  	0B00000000 ,
 1115:  	0B11001100  ,	
 1116:  	0B00000000  ,
 1117:  	0B01110000  ,
 1118:  	0B00110000  ,
 1119:  	0B00110000  ,
 1120:  	0B00110000  ,
 1121:  	0B01111000  
 1122:  },
 1123:  { 	// î
 1124:  	0B00011000 ,
 1125:  	0B01111100  ,	
 1126:  	0B11000110  ,
 1127:  	0B00111000  ,
 1128:  	0B00011000  ,
 1129:  	0B00011000  ,
 1130:  	0B00011000  ,
 1131:  	0B00111100  
 1132:  },
 1133:  { 	// ì
 1134:  	0B00000000 	,
 1135:  	0B11100000  ,	
 1136:  	0B00000000  ,
 1137:  	0B01110000  ,
 1138:  	0B00110000  ,
 1139:  	0B00110000  ,
 1140:  	0B00110000  ,
 1141:  	0B01111000  
 1142:  },
 1143:  { 	// Ä
 1144:  	0B11000110  ,	
 1145:  	0B00000000 	,
 1146:  	0B00111000  ,
 1147:  	0B01101100  ,
 1148:  	0B11000110  ,
 1149:  	0B11111110  ,
 1150:  	0B11000110  ,
 1151:  	0B11000110  
 1152:  },
 1153:  { 	// U+00C5 (A ring)
 1154:  	0B00000000 	,
 1155:  	0B00110000  ,	
 1156:  	0B00110000  ,
 1157:  	0B00000000  ,
 1158:  	0B01111000  ,
 1159:  	0B11001100  ,
 1160:  	0B11111100  ,
 1161:  	0B11001100  
 1162:  },
 1163:  { 	// É
 1164:  	0B00001110 ,
 1165:  	0B00000000 ,
 1166:  	0B00111110 ,
 1167:  	0B00100000 ,
 1168:  	0B00111110 ,
 1169:  	0B00100000 ,
 1170:  	0B00100000 ,
 1171:  	0B00111110 
 1172:  },
 1173:  { 	// U+00C6 (AE)
 1174:  	0B00111110  ,	
 1175:  	0B01101100  ,
 1176:  	0B11001100  ,
 1177:  	0B11111110  ,
 1178:  	0B11001100  ,
 1179:  	0B11001100  ,
 1180:  	0B11001110  ,
 1181:  	0B00000000  },
 1182:  { 	// U+00C6 (AE)
 1183:  	0B00111110  ,	
 1184:  	0B01101100  ,
 1185:  	0B11001100  ,
 1186:  	0B11111110  ,
 1187:  	0B11001100  ,
 1188:  	0B11001100  ,
 1189:  	0B11001110  ,
 1190:  	0B00000000  },	
 1191:  { 	// ô
 1192:  	0B01111000  ,	
 1193:  	0B11001100  ,
 1194:  	0B00000000  ,
 1195:  	0B01111000  ,
 1196:  	0B11001100  ,
 1197:  	0B11001100  ,
 1198:  	0B01111000  ,
 1199:  	0B00000000  },
 1200:  { 	// ö
 1201:  	0B00000000 	,
 1202:  	0B00000000  ,	
 1203:  	0B11001100  ,
 1204:  	0B00000000  ,
 1205:  	0B01111000  ,
 1206:  	0B11001100  ,
 1207:  	0B11001100  ,
 1208:  	0B01111000  
 1209:  },
 1210:  { 	// ò
 1211:  	0B00000000 	,
 1212:  	0B00000000  ,	
 1213:  	0B11100000  ,
 1214:  	0B00000000  ,
 1215:  	0B01111000  ,
 1216:  	0B11001100  ,
 1217:  	0B11001100  ,
 1218:  	0B01111000  
 1219:  },
 1220:  { 	// û
 1221:  	0B00000000 	,
 1222:  	0B01111000  , 	
 1223:  	0B11001100  ,
 1224:  	0B00000000  ,
 1225:  	0B11001100  ,
 1226:  	0B11001100  ,
 1227:  	0B11001100  ,
 1228:  	0B01111110  
 1229:  },
 1230:  { 	// ù
 1231:  	0B00000000 	,
 1232:  	0B00000000  ,	
 1233:  	0B11100000  ,
 1234:  	0B00000000  ,
 1235:  	0B11001100  ,
 1236:  	0B11001100  ,
 1237:  	0B11001100  ,
 1238:  	0B01111110  
 1239:  },
 1240:  { 	// ÿ
 1241:  	0B00000000  ,	
 1242:  	0B11001100  ,
 1243:  	0B00000000  ,
 1244:  	0B11001100  ,
 1245:  	0B11001100  ,
 1246:  	0B01111100  ,
 1247:  	0B00001100  ,
 1248:  	0B11111000  
 1249:  },
 1250:  {	// Ö
 1251:  	0B00001110 ,
 1252:  	0B00000000 ,
 1253:  	0B00011100 ,
 1254:  	0B00100010 ,
 1255:  	0B00100010 ,
 1256:  	0B00100010 ,
 1257:  	0B00100010 ,
 1258:  	0B00011100 
 1259:  },
 1260:  { 	// Ü
 1261:  	0B00000000 	,
 1262:  	0B00010100 ,
 1263:  	0B00100010 ,
 1264:  	0B00100010 ,
 1265:  	0B00100010 ,
 1266:  	0B00100010 ,
 1267:  	0B00100010 ,
 1268:  	0B00011100 
 1269:  },
 1270:  { 	// (dollarcents)
 1271:  	0B00011000  ,	
 1272:  	0B00011000  ,
 1273:  	0B01111110  ,
 1274:  	0B11000000  ,
 1275:  	0B11000000  ,
 1276:  	0B01111110  ,
 1277:  	0B00011000  ,
 1278:  	0B00011000  },
 1279:  { 	// (pound sterling)
 1280:  	0B00111000  ,	
 1281:  	0B01101100  ,
 1282:  	0B01100100  ,
 1283:  	0B11110000  ,
 1284:  	0B01100000  ,
 1285:  	0B11100110  ,
 1286:  	0B11111100  ,
 1287:  	0B00000000  },
 1288:  { 	// (yen)
 1289:  	0B11001100  ,	
 1290:  	0B11001100  ,
 1291:  	0B01111000  ,
 1292:  	0B11111100  ,
 1293:  	0B00110000  ,
 1294:  	0B11111100  ,
 1295:  	0B00110000  ,
 1296:  	0B00110000  },
 1297:  { 	// Á
 1298:  	0B00001110 ,
 1299:  	0B00000000 ,
 1300:  	0B00011100 ,
 1301:  	0B00100010 ,
 1302:  	0B00100010 ,
 1303:  	0B00111110 ,
 1304:  	0B00100010 ,
 1305:  	0B00100010 ,
 1306:  },
 1307:  { 	// Í
 1308:  	0B00001110 ,
 1309:  	0B00000000 ,
 1310:  	0B00011100 ,
 1311:  	0B00001000 ,
 1312:  	0B00001000 ,
 1313:  	0B00001000 ,
 1314:  	0B00001000 ,
 1315:  	0B00011100 
 1316:  },
 1317:  { 	// á
 1318:  	0B00000000 ,
 1319:  	0B00001110 ,	
 1320:  	0B00000000 ,
 1321:  	0B00011100 ,
 1322:  	0B00000010 ,
 1323:  	0B00011110 ,
 1324:  	0B00100010 ,
 1325:  	0B00011110 
 1326:  },
 1327:  { 	// í
 1328:  	0B00000000 ,
 1329:  	0B00001110 ,
 1330:  	0B00000000 ,
 1331:  	0B00011000 ,
 1332:  	0B00001000 ,
 1333:  	0B00001000 ,
 1334:  	0B00001000 ,
 1335:  	0B00011100 
 1336:  },
 1337:  { 	// ó
 1338:  	0B00000000 ,
 1339:  	0B00001110 ,
 1340:  	0B00000000 ,
 1341:  	0B00011100 ,
 1342:  	0B00100010 ,
 1343:  	0B00100010 ,
 1344:  	0B00100010 ,
 1345:  	0B00011100 
 1346:  },
 1347:  { 	// ú
 1348:  	0B00000000 ,
 1349:  	0B00001110 ,
 1350:  	0B00000000 ,
 1351:  	0B00100100 ,
 1352:  	0B00100100 ,
 1353:  	0B00100100 ,
 1354:  	0B00100100 ,
 1355:  	0B00011010 
 1356:  },	
 1357:  { 	// ñ
 1358:  	0B00000000 ,
 1359:  	0B00111100 ,
 1360:  	0B00000000 ,
 1361:  	0B00101100 ,
 1362:  	0B00110010 ,
 1363:  	0B00100010 ,
 1364:  	0B00100010 ,
 1365:  	0B00100010 
 1366:  },
 1367:  { 	// Ñ
 1368:  	0B00011100 ,
 1369:  	0B00000000 ,
 1370:  	0B00100010 ,
 1371:  	0B00100010 ,
 1372:  	0B00110010 ,
 1373:  	0B00101010 ,
 1374:  	0B00100110 ,
 1375:  	0B00100010 
 1376:  },
 1377:  { 	// (superscript a)
 1378:  	0B00111100  ,	
 1379:  	0B01101100  ,
 1380:  	0B01101100  ,
 1381:  	0B00111110  ,
 1382:  	0B00000000  ,
 1383:  	0B00000000  ,
 1384:  	0B00000000  ,
 1385:  	0B00000000  },
 1386:  { 	// (superscript 0)
 1387:  	0B00111000  ,	
 1388:  	0B01101100  ,
 1389:  	0B01101100  ,
 1390:  	0B00111000  ,
 1391:  	0B00000000  ,
 1392:  	0B00000000  ,
 1393:  	0B00000000  ,
 1394:  	0B00000000  },
 1395:  { 	// ¿
 1396:  	0B00000000 ,
 1397:  	0B00110000  ,	
 1398:  	0B00000000  ,
 1399:  	0B00110000  ,
 1400:  	0B01100000  ,
 1401:  	0B11000000  ,
 1402:  	0B11001100  ,
 1403:  	0B01111000  
 1404:  },
 1405:  { 	// Ú
 1406:  	0B00000111 ,
 1407:  	0B00000000 ,
 1408:  	0B00100010 ,
 1409:  	0B00100010 ,
 1410:  	0B00100010 ,
 1411:  	0B00100010 ,
 1412:  	0B00100010 ,
 1413:  	0B00011100 ,
 1414:  },
 1415:  { 	// ¬
 1416:  	0B00000000  ,	
 1417:  	0B00000000  ,
 1418:  	0B00000000  ,
 1419:  	0B11111100  ,
 1420:  	0B00001100  ,
 1421:  	0B00001100  ,
 1422:  	0B00000000  ,
 1423:  	0B00000000  },
 1424:  { 	// (1/2)
 1425:  	0B11000011  ,	
 1426:  	0B11000110  ,
 1427:  	0B11001100  ,
 1428:  	0B11011110  ,
 1429:  	0B00110011  ,
 1430:  	0B01100110  ,
 1431:  	0B11001100  ,
 1432:  	0B00001111  },
 1433:  { 	// (1/4)
 1434:  	0B11000011  ,	
 1435:  	0B11000110  ,
 1436:  	0B11001100  ,
 1437:  	0B10111101  ,
 1438:  	0B00110111  ,
 1439:  	0B01101111  ,
 1440:  	0B11001111  ,
 1441:  	0B11000000  },
 1442:  { 	// ¡
 1443:  	0B00000000 ,
 1444:  	0B00010000  ,	
 1445:  	0B00010000  ,
 1446:  	0B00000000  ,
 1447:  	0B00010000  ,
 1448:  	0B00010000  ,
 1449:  	0B00010000  ,
 1450:  	0B00010000  
 1451:  },
 1452:  { 	// (<<)
 1453:  	0B00000000  ,	
 1454:  	0B00110011  ,
 1455:  	0B01100110  ,
 1456:  	0B11001100  ,
 1457:  	0B01100110  ,
 1458:  	0B00110011  ,
 1459:  	0B00000000  ,
 1460:  	0B00000000  },
 1461:  { 	// (>>)
 1462:  	0B00000000  ,	
 1463:  	0B11001100  ,
 1464:  	0B01100110  ,
 1465:  	0B00110011  ,
 1466:  	0B01100110  ,
 1467:  	0B11001100  ,
 1468:  	0B00000000  ,
 1469:  	0B00000000   
 1470:  }};
