ANSI-C/cC++ Compiler for HC12 V-5.0.38 Build 9056, Feb 26 2009

    1:  #include "mc9s12xdp512.h"
    2:  
    3:  
    4:  
    5:  
    6:  #include <stdio.h>
    7:  
    8:  #include "cqueue.h"
    9:  #include <stdlib.h>
   10:  #include <stdarg.h>
   11:  
   12:  
   13:  #include "cqueue.h"
   14:  #include "sci.h"
   15:  #include "spi.h"
   16:  #include "adc.h"
   17:  
   18:  
   19:  
   20:  #include "rti.h"
   21:  #include "pll_asm.h"
   22:  
   23:  #include "LEDscreen.h"                    
   24:  #include "ws2812b.h"
   25:  
   26:  #include "sci.h"
   27:  
   28:  #define _putchar           (void)putchar
   29:  #define _printf            (void)printf
   30:  
   31:  #define OK 0
   32:  
   33:  //===========CMD Parser================================//
   34:  
   35:  typedef struct
   36:  
   37:  {
   38:  	unsigned char command;
   39:  	void (* exec)(void);
   40:  
   41:  	
   42:  	
   43:  } CMD_STR;
   44:  
   45:  unsigned char command_parser(CMD_STR *p2cmd);	
   46:  void Cmd_Set_Text(void);	
   47:  void Cmd_Set_Color(void);
   48:  
   49:  void Cmd_Set_Speed(void);
   50:  
   51:  void Cmd_Rd_Battery(void);
   52:  void Cmd_Set_Intensity(void);
   53:  void Cmd_Set_Party(void);
   54:  
   55:  void Cmd_No_more_msj(void);	
   56:  void Unknown_Cmd(void);		  
   57:  
   58:  
   59:  #define END_OF_LIST 0xFF
   60:  
   61:  CMD_STR commands[]= { 
   62:  					
   63:  					 {'T',Cmd_Set_Text },	      //text
   64:  					 {'C',Cmd_Set_Color},	      //color
   65:  					 {'S',Cmd_Set_Speed },	    //speed
   66:  					 {'I',Cmd_Set_Intensity },  // Set Intensity
   67:  					 {'B',Cmd_Rd_Battery },     // Battery Status
   68:  					 {'F',Cmd_Set_Party },     // Fiesta!!!
   69:  					 
   70:  					 
   71:  					 {EOT,Cmd_No_more_msj},
   72:  					 
   73:  					 {END_OF_LIST,Unknown_Cmd},
   74:  					 
   75:  					};
   76:  					 
   77:  	
   78:  	
   79:  
   80:  
   81:  // ===================================================================
   82:  //8 *32 Pixel WS2812B WS2812 Digital Color Flexible Led Panel Display
   83:  // ===================================================================
   84:  
   85:    
   86:  // LED Internal Structure 
   87:     
   88:  /*
   89:  typedef struct// es GRB
   90:  
   91:  {
   92:    unsigned char Green;
   93:    unsigned char Red ;
   94:    unsigned char Blue;
   95:    
   96:  }LEDSTR; 
   97:  
   98:  */
   99:  
  100:                                       
  101:  
  102:  
  103:  
  104:  #define TEST_COLS 32
  105:  #define TEST_ROWS 8 
  106:  
  107:  /*
  108:          
  109:  
  110:  LEDSTR LedScreen1 [TEST_ROWS][TEST_COLS]={
  111:  {{0x01,0x02,0x03},{0x04,0x05,0x06},{0x07,0x08,0x09}},    // first 3 elem of first row (rest are zero)
  112:  {{0x10,0x20,0x30},{0x40,0x50,0x60},{0x70,0x80,0x90}},    // first 3 elem of second row (rest are zero)
  113:  {{0x11,0x12,0x13},{0x14,0x15,0x16},{0x17,0x18,0x19}},
  114:  {{0x21,0x22,0x23},{0x24,0x25,0x26},{0x27,0x28,0x29}},
  115:  };
  116:  
  117:  */
  118:  
  119:  //int i,j;
  120:  
  121:  
  122:  
  123:  static void system_init(void);
  124:  /////void init_display(void);
  125:  
  126:  static unsigned char end_of_transmision = FALSE;
  127:  static unsigned char op_status;
  128:  
  129:  unsigned char endsts=0;
  130:  unsigned char timsts=0; 
  131:  unsigned int adcval=0;
  132:  
  133:  
  134:  void WS2812B_Test(void);
  135:  
  136:  
  137:  void LEDtest2(void);
  138:  void LEDtest3(void);
  139:  void Scitest(void);
  140:  
  141:  
  142:  void test_delay(unsigned int dly); 
  143:  
  144:  
  145:  void Matrix2Vector(LEDSTR *);
  146:  void Set_Color(LEDSTR  );
  147:  
  148:  void Set_Intensity(unsigned char new_intensity);
  149:  
  150:  
  151:  unsigned char Batt_Status(unsigned int bat_level );
  152:  
  153:  
  154:  
  155:  
  156:  LEDSTR DestLedScreen [TEST_ROWS*TEST_COLS];  // The data stored is sent directly to the RGB Led Display      
  157:  
  158:  void PrintMatrix(LEDSTR * p2Matrix);
  159:  
  160:  #define I_MAX   0x28      // Maxima intensidad  
  161:  
  162:  //#define I_MAX   0x04      // Maxima intensidad     (At Home)
  163:  
  164:  // Green  Red  Blue
  165:  
  166:  //LEDSTR colorLEDsON = {0xff,0xff,0xff};           
  167:  //LEDSTR colorLEDsOFF = {0x00,0x00,0x00};
  168:  
  169:  
  170:  
  171:  LEDSTR color={I_MAX,I_MAX,I_MAX};  // White (default)
  172:  
  173:  //                     G     R     B
  174:  LEDSTR Led_Colors[]={{0x00 ,0x00 ,0x00 },     // Black
  175:                       {0x00 ,0x00 ,I_MAX},     // Blue
  176:                       {I_MAX,0x00 ,0x00 },     // Green
  177:                       {I_MAX,0x00 ,I_MAX},     // Cyan (Blue+Green)
  178:                       {0x00 ,I_MAX,0x00 },     // Red
  179:                       {0x00 ,I_MAX,I_MAX},     // Magenta (Red +Blue)
  180:                       {I_MAX,I_MAX,0x00 },     // Yellow   (Green + Red)                 
  181:                       {I_MAX,I_MAX,I_MAX},     // White  
  182:                       
  183:  };
  184:  
  185:  #define C_Black   0
  186:  #define C_Blue    1
  187:  #define C_Green   2
  188:  #define C_Cyan    3
  189:  #define C_Red     4
  190:  #define C_Magenta 5
  191:  #define C_Yellow  6
  192:  #define C_White   7
  193:  
  194:  
  195:  
  196:  
  197:  
  198:  #define DEFAULT_INTENSITY  I_MAX  // '0'
  199:  
  200:  
  201:  unsigned char Intensity_Table[]={I_MAX,I_MAX/2,I_MAX/4};  //'0'-'2'
  202:  unsigned char Led_intensity; 
  203:  
  204:  
  205:  void Cqtestbench(void);
  206:  
  207:  void testbench_2(void);
  208:  
  209:  void timetoshift(void)
  210:  
  211:  {

Function: timetoshift
Source  : Z:\mi home\Documents\RGB LED Strip\HC12\WS2812B_HC12\Sources\main.c
Options : -CPUHCS12X -D__NO_FLOAT__ -Env"GENPATH=Z:\mi home\Documents\RGB LED Strip\HC12\WS2812B_HC12;Z:\mi home\Documents\RGB LED Strip\HC12\WS2812B_HC12\bin;Z:\mi home\Documents\RGB LED Strip\HC12\WS2812B_HC12\prm;Z:\mi home\Documents\RGB LED Strip\HC12\WS2812B_HC12\cmd;Z:\mi home\Documents\RGB LED Strip\HC12\WS2812B_HC12\Sources;C:\Archivos de programa\Freescale\CodeWarrior for S12(X) V5.0\lib\HC12c\lib;C:\Archivos de programa\Freescale\CodeWarrior for S12(X) V5.0\lib\HC12c\src;Z:\mi home\Documents\RGB LED Strip\HC12\WS2812B_HC12\Sources\DP256Reg;C:\Archivos de programa\Freescale\CodeWarrior for S12(X) V5.0\lib\HC12c\include" -Env"LIBPATH=C:\Archivos de programa\Freescale\CodeWarrior for S12(X) V5.0\lib\HC12c\include" -Env"OBJPATH=Z:\mi home\Documents\RGB LED Strip\HC12\WS2812B_HC12\bin" -Env"TEXTPATH=Z:\mi home\Documents\RGB LED Strip\HC12\WS2812B_HC12\bin" -Lasm=%n.lst -Lasmc= -Ms -Ot -ObjN="Z:\mi home\Documents\RGB LED Strip\HC12\WS2812B_HC12\CLASE4_C_12X_RTI_Data\RAM\ObjectCode\main.c.o" -WmsgSd1106

  212:  
  213:  _printf("shift\n") ;             
  0000 cc0000       [2]     LDD   #"shift\012"
  0003 3b           [2]     PSHD  
  0004 160000       [4]     JSR   printf
  0007 1b82         [2]     LEAS  2,SP
  214:  
  215:  
  216:  }
  0009 3d           [5]     RTS   
  217:  
  218:  
  219:  
  220:  // -----------------------------------------------
  221:  
  222:  #define DEFAULT_SPEED  20     // '3'
  223:    
  224:  unsigned int speed; 
  225:  
  226:  #define S_0  1  
  227:  #define S_1  5  
  228:  #define S_2  10  
  229:  #define S_3  20 
  230:  #define S_4  40  
  231:  #define S_5  50 
  232:  #define S_6  80 
  233:  #define S_7  100 
  234:  #define S_8  200 
  235:  #define S_9  300
  236:  
  237:  unsigned int SpeedTable[]={S_0,S_1,S_2,S_3,S_4,S_5,S_6,S_7,S_8,S_9};    // 0-9
  238:  
  239:  
  240:  // -----------------------------------------------
  241:  
  242:  #define MAX_TEXT_LEN 200
  243:  char textBuf[MAX_TEXT_LEN];
  244:                
  245:  void main(void) {                          

Function: main
Source  : Z:\mi home\Documents\RGB LED Strip\HC12\WS2812B_HC12\Sources\main.c
Options : -CPUHCS12X -D__NO_FLOAT__ -Env"GENPATH=Z:\mi home\Documents\RGB LED Strip\HC12\WS2812B_HC12;Z:\mi home\Documents\RGB LED Strip\HC12\WS2812B_HC12\bin;Z:\mi home\Documents\RGB LED Strip\HC12\WS2812B_HC12\prm;Z:\mi home\Documents\RGB LED Strip\HC12\WS2812B_HC12\cmd;Z:\mi home\Documents\RGB LED Strip\HC12\WS2812B_HC12\Sources;C:\Archivos de programa\Freescale\CodeWarrior for S12(X) V5.0\lib\HC12c\lib;C:\Archivos de programa\Freescale\CodeWarrior for S12(X) V5.0\lib\HC12c\src;Z:\mi home\Documents\RGB LED Strip\HC12\WS2812B_HC12\Sources\DP256Reg;C:\Archivos de programa\Freescale\CodeWarrior for S12(X) V5.0\lib\HC12c\include" -Env"LIBPATH=C:\Archivos de programa\Freescale\CodeWarrior for S12(X) V5.0\lib\HC12c\include" -Env"OBJPATH=Z:\mi home\Documents\RGB LED Strip\HC12\WS2812B_HC12\bin" -Env"TEXTPATH=Z:\mi home\Documents\RGB LED Strip\HC12\WS2812B_HC12\bin" -Lasm=%n.lst -Lasmc= -Ms -Ot -ObjN="Z:\mi home\Documents\RGB LED Strip\HC12\WS2812B_HC12\CLASE4_C_12X_RTI_Data\RAM\ObjectCode\main.c.o" -WmsgSd1106

  246:    
  247:   
  248:                 
  249:   
  250:   
  251:   system_init();
  0000 160000       [4]     JSR   system_init
  252:   
  253:    _asm cli;
  0003 10ef         [1]     CLI   
  254:    
  255:    
  256:  // testbench_2();
  257:  
  258:   
  259:  //  for (;;) ;
  260:   
  261:   
  262:   
  263:  /* 
  264:   _asm cli;
  265:   
  266:    for (;;)
  267:    Scitest();
  268:  */
  269:    
  270:  ////  LEDtest2();   // OK!!
  271:  
  272:    _printf("Start");
  0005 cc0000       [2]     LDD   #"Start"
  0008 3b           [2]     PSHD  
  0009 160000       [4]     JSR   printf
  000c 1b82         [2]     LEAS  2,SP
  273:  
  274:    LEDtest3();
  000e 060000       [3]     JMP   LEDtest3
  275:    
  276:    
  277:    
  278:  
  279:    
  280:  /// WS2812B_Test();                     
  281:  
  282:  
  283:     
  284:   
  285:  }
  286:  
  287:  
  288:  
  289:  
  290:  static void system_init(void) 
  291:  {

Function: system_init
Source  : Z:\mi home\Documents\RGB LED Strip\HC12\WS2812B_HC12\Sources\main.c
Options : -CPUHCS12X -D__NO_FLOAT__ -Env"GENPATH=Z:\mi home\Documents\RGB LED Strip\HC12\WS2812B_HC12;Z:\mi home\Documents\RGB LED Strip\HC12\WS2812B_HC12\bin;Z:\mi home\Documents\RGB LED Strip\HC12\WS2812B_HC12\prm;Z:\mi home\Documents\RGB LED Strip\HC12\WS2812B_HC12\cmd;Z:\mi home\Documents\RGB LED Strip\HC12\WS2812B_HC12\Sources;C:\Archivos de programa\Freescale\CodeWarrior for S12(X) V5.0\lib\HC12c\lib;C:\Archivos de programa\Freescale\CodeWarrior for S12(X) V5.0\lib\HC12c\src;Z:\mi home\Documents\RGB LED Strip\HC12\WS2812B_HC12\Sources\DP256Reg;C:\Archivos de programa\Freescale\CodeWarrior for S12(X) V5.0\lib\HC12c\include" -Env"LIBPATH=C:\Archivos de programa\Freescale\CodeWarrior for S12(X) V5.0\lib\HC12c\include" -Env"OBJPATH=Z:\mi home\Documents\RGB LED Strip\HC12\WS2812B_HC12\bin" -Env"TEXTPATH=Z:\mi home\Documents\RGB LED Strip\HC12\WS2812B_HC12\bin" -Lasm=%n.lst -Lasmc= -Ms -Ot -ObjN="Z:\mi home\Documents\RGB LED Strip\HC12\WS2812B_HC12\CLASE4_C_12X_RTI_Data\RAM\ObjectCode\main.c.o" -WmsgSd1106

  292:  
  293:  
  294:  
  295:    _asm sei; 
  0000 1410         [1]     SEI   
  296:  
  297:    #ifdef FLASH     
  298:  
  299:   /////    pll_init();	  // solo para flash  (ver config.h)
  300:  
  301:    #endif				     
  302:                             
  303:      QueueInit();
  0002 160000       [4]     JSR   QueueInit
  304:      Sci_Init();
  0005 160000       [4]     JSR   Sci_Init
  305:  
  306:  
  307:      PORTA = 0x00;
  0008 790000       [3]     CLR   _PORTAB
  308:      DDRA = 0xFF;
  000b c6ff         [1]     LDAB  #255
  000d 5b00         [2]     STAB  _DDRAB
  309:      
  310:      init_SPI();
  000f 160000       [4]     JSR   init_SPI
  311:      
  312:      atd_init();
  0012 160000       [4]     JSR   atd_init
  313:      
  314:      rti_start();      
  0015 160000       [4]     JSR   rti_start
  315:  
  316:                   
  317:      speed=DEFAULT_SPEED;   // message shift speed
  0018 c614         [1]     LDAB  #20
  001a 87           [1]     CLRA  
  001b 7c0000       [3]     STD   speed
  318:      Led_intensity=DEFAULT_INTENSITY;
  001e 58           [1]     LSLB  
  001f 7b0000       [3]     STAB  Led_intensity
  319:   
  320:      
  321:  //    rti_init();
  322:  
  323:    _asm cli; 
  0022 10ef         [1]     CLI   
  324:  
  325:  }
  0024 3d           [5]     RTS   
  326:  
  327:  
  328:  
  329:  
  330:  
  331:  
  332:  
  333:  
  334:  
  335:  
  336:  
  337:  
  338:  
  339:  /* This test sends data generated by LEDscreen.c 
  340:     to screen   (OK)
  341:   */
  342:   
  343:  
  344:   
  345:  
  346:  void LEDtest2(void) {        //// ojo no va mas   (only for tests)

Function: LEDtest2
Source  : Z:\mi home\Documents\RGB LED Strip\HC12\WS2812B_HC12\Sources\main.c
Options : -CPUHCS12X -D__NO_FLOAT__ -Env"GENPATH=Z:\mi home\Documents\RGB LED Strip\HC12\WS2812B_HC12;Z:\mi home\Documents\RGB LED Strip\HC12\WS2812B_HC12\bin;Z:\mi home\Documents\RGB LED Strip\HC12\WS2812B_HC12\prm;Z:\mi home\Documents\RGB LED Strip\HC12\WS2812B_HC12\cmd;Z:\mi home\Documents\RGB LED Strip\HC12\WS2812B_HC12\Sources;C:\Archivos de programa\Freescale\CodeWarrior for S12(X) V5.0\lib\HC12c\lib;C:\Archivos de programa\Freescale\CodeWarrior for S12(X) V5.0\lib\HC12c\src;Z:\mi home\Documents\RGB LED Strip\HC12\WS2812B_HC12\Sources\DP256Reg;C:\Archivos de programa\Freescale\CodeWarrior for S12(X) V5.0\lib\HC12c\include" -Env"LIBPATH=C:\Archivos de programa\Freescale\CodeWarrior for S12(X) V5.0\lib\HC12c\include" -Env"OBJPATH=Z:\mi home\Documents\RGB LED Strip\HC12\WS2812B_HC12\bin" -Env"TEXTPATH=Z:\mi home\Documents\RGB LED Strip\HC12\WS2812B_HC12\bin" -Lasm=%n.lst -Lasmc= -Ms -Ot -ObjN="Z:\mi home\Documents\RGB LED Strip\HC12\WS2812B_HC12\CLASE4_C_12X_RTI_Data\RAM\ObjectCode\main.c.o" -WmsgSd1106

  347:    
  348:  
  349:      LEDSTR *p2Matrix=NULL;  
  0000 1869ae       [3]     CLRW  2,-SP
  350:      
  351:    //  LEDscreen_setShiftEnded_voidCallback(timetoshift);
  352:          
  353:      LEDscreen_setActualMSJ("HELLO");  
  0003 cc0000       [2]     LDD   #"HELLO"
  0006 160000       [4]     JSR   LEDscreen_setActualMSJ
  354:    //  LEDscreen_setMSJ("LIESL");  
  355:      
  356:      for (;;) {    
  357:      
  358:      p2Matrix=LEDscreen_getScreenAddress();
  0009 160000       [4]     JSR   LEDscreen_getScreenAddress
  000c 6c80         [2]     STD   0,SP
  359:      
  360:      PORTA |= 0x01;
  000e 4c0001       [4]     BSET  _PORTAB,#1
  361:       
  362:      LEDscreen_ShiftMSJ();  // shift msg one colum left
  0011 160000       [4]     JSR   LEDscreen_ShiftMSJ
  363:      
  364:      if( Get_End_Of_Shift_Status() == TRUE)   //Ckeck if the whole msg was sent
  0014 160000       [4]     JSR   Get_End_Of_Shift_Status
  0017 042409       [3]     DBNE  D,*+12 ;abs = 0023
  365:        
  366:              _printf("Hallo Welt \n  ");
  001a cc0000       [2]     LDD   #"Hallo Welt \012  "
  001d 3b           [2]     PSHD  
  001e 160000       [4]     JSR   printf
  0021 1b82         [2]     LEAS  2,SP
  367:                                                    
  368:      
  369:      Matrix2Vector(p2Matrix);     // Convert Matrix to Vector
  0023 ec80         [3]     LDD   0,SP
  0025 160000       [4]     JSR   Matrix2Vector
  370:      
  371:      
  372:      
  373:      Set_Color(color);      
  0028 fe0000       [3]     LDX   color:1
  002b f60000       [3]     LDAB  color
  002e 160000       [4]     JSR   Set_Color
  374:      
  375:      WS2812B_Init();
  0031 160000       [4]     JSR   WS2812B_Init
  376:      
  377:      WS2812B_Set_Data_pointer((unsigned char *)DestLedScreen);
  0034 cc0000       [2]     LDD   #DestLedScreen
  0037 160000       [4]     JSR   WS2812B_Set_Data_pointer
  378:      
  379:      WS2812B_Set_Data_Length(32*8*sizeof(LEDSTR));
  003a 8603         [1]     LDAA  #3
  003c c7           [1]     CLRB  
  003d 160000       [4]     JSR   WS2812B_Set_Data_Length
  380:          
  381:      WS2812B_Send_data();
  0040 160000       [4]     JSR   WS2812B_Send_data
  382:      
  383:      PORTA &= 0xFE;          //21.3 ms        
  0043 4d0001       [4]     BCLR  _PORTAB,#1
  384:      
  385:      //test_delay(100);        //24.8 ms     // Blocking W/software Timer
  386:      
  387:      
  388:      rti_start();                     // Non Blocking W/hardware Timer
  0046 160000       [4]     JSR   rti_start
  389:      
  390:     Set_Timer_ms(25);
  0049 c619         [1]     LDAB  #25
  004b 87           [1]     CLRA  
  004c 160000       [4]     JSR   Set_Timer_ms
  391:     while( Get_Timer_ms_Status())
  004f 160000       [4]     JSR   Get_Timer_ms_Status
  0052 0471fa       [3]     TBNE  B,*-3 ;abs = 004f
  392:     ;
  393:  
  394:  //    delayms(25);   // Blocking W/hardware Timer
  395:  
  396:      rti_stop();
  0055 160000       [4]     JSR   rti_stop
  397:      
  398:                                      
  399:         _asm nop;
  0058 a7           [1]     NOP   
  400:         _asm nop;   
  0059 a7           [1]     NOP   
  401:         _asm nop;
  005a a7           [1]     NOP   
  402:         _asm nop;
  005b a7           [1]     NOP   
  005c 20ab         [3]     BRA   *-83 ;abs = 0009
  403:      
  404:      
  405:    
  406:      }
  407:      
  408:      
  409:       
  410:      
  411:  }    
  412:  
  413:  #define TIME_OUT 1 
  414:  
  415:  void LEDtest3(void) {

Function: LEDtest3
Source  : Z:\mi home\Documents\RGB LED Strip\HC12\WS2812B_HC12\Sources\main.c
Options : -CPUHCS12X -D__NO_FLOAT__ -Env"GENPATH=Z:\mi home\Documents\RGB LED Strip\HC12\WS2812B_HC12;Z:\mi home\Documents\RGB LED Strip\HC12\WS2812B_HC12\bin;Z:\mi home\Documents\RGB LED Strip\HC12\WS2812B_HC12\prm;Z:\mi home\Documents\RGB LED Strip\HC12\WS2812B_HC12\cmd;Z:\mi home\Documents\RGB LED Strip\HC12\WS2812B_HC12\Sources;C:\Archivos de programa\Freescale\CodeWarrior for S12(X) V5.0\lib\HC12c\lib;C:\Archivos de programa\Freescale\CodeWarrior for S12(X) V5.0\lib\HC12c\src;Z:\mi home\Documents\RGB LED Strip\HC12\WS2812B_HC12\Sources\DP256Reg;C:\Archivos de programa\Freescale\CodeWarrior for S12(X) V5.0\lib\HC12c\include" -Env"LIBPATH=C:\Archivos de programa\Freescale\CodeWarrior for S12(X) V5.0\lib\HC12c\include" -Env"OBJPATH=Z:\mi home\Documents\RGB LED Strip\HC12\WS2812B_HC12\bin" -Env"TEXTPATH=Z:\mi home\Documents\RGB LED Strip\HC12\WS2812B_HC12\bin" -Lasm=%n.lst -Lasmc= -Ms -Ot -ObjN="Z:\mi home\Documents\RGB LED Strip\HC12\WS2812B_HC12\CLASE4_C_12X_RTI_Data\RAM\ObjectCode\main.c.o" -WmsgSd1106

  416:    
  417:  
  418:      LEDSTR *p2Matrix=NULL;  
  0000 1869ad       [3]     CLRW  3,-SP
  419:      unsigned char temp;
  420:  //    unsigned char show_led=0;
  421:      
  422:      
  423:      
  424:   //   LEDscreen_setShiftEnded_voidCallback(timetoshift);
  425:          
  426:      LEDscreen_setActualMSJ("**C5N**");  
  0003 cc0000       [2]     LDD   #"**C5N**"
  0006 160000       [4]     JSR   LEDscreen_setActualMSJ
  427:   
  428:      
  429:      for (;;) {    
  430:      
  431:        
  432:      adcval=atd_getsample();
  0009 160000       [4]     JSR   atd_getsample
  000c 7c0000       [3]     STD   adcval
  433:         
  434:      _printf("ADC;%d \n",adcval);
  000f 3b           [2]     PSHD  
  0010 cc0000       [2]     LDD   #"ADC;%d \012"
  0013 3b           [2]     PSHD  
  0014 160000       [4]     JSR   printf
  0017 1b84         [2]     LEAS  4,SP
  435:      
  436:      
  437:    /////  putcspi0(show_led++);
  438:      
  439:      p2Matrix=LEDscreen_getScreenAddress();
  0019 160000       [4]     JSR   LEDscreen_getScreenAddress
  001c 6c80         [2]     STD   0,SP
  440:      
  441:      PORTA |= 0x01;
  001e 4c0001       [4]     BSET  _PORTAB,#1
  442:       
  443:      LEDscreen_ShiftMSJ();  // shift msg one colum left
  0021 160000       [4]     JSR   LEDscreen_ShiftMSJ
  444:      
  445:      if( Get_End_Of_Shift_Status() == TRUE)   //Ckeck if the whole msg was sent
  0024 160000       [4]     JSR   Get_End_Of_Shift_Status
  0027 042482       [3]     DBNE  D,*+133 ;abs = 00ac
  446:      {
  447:        
  448:              //_printf("Hallo Welt \n  ");
  449:              
  450:               end_of_transmision = FALSE;
  002a 790000       [3]     CLR   end_of_transmision
  451:               
  452:               Reset_FSM();
  002d 160000       [4]     JSR   Reset_FSM
  453:               
  454:               QueueInit();
  0030 160000       [4]     JSR   QueueInit
  455:                          
  456:               Sci1_Putchar(XON);     // HC05 Bluetooth
  0033 c611         [1]     LDAB  #17
  0035 160000       [4]     JSR   Sci1_Putchar
  457:               
  458:   ////////            rti_start();                     // Non Blocking W/hardware Timer
  459:      
  460:               Set_Timer_ms(3000);    // 3 seconds window
  0038 cc0bb8       [2]     LDD   #3000
  003b 160000       [4]     JSR   Set_Timer_ms
  461:    
  462:   
  463:  /* TIMER TEST 
  464:               _printf("Timer in \n");
  465:             while(1){
  466:              
  467:               if( Get_Timer_ms_Status()) {
  468:                
  469:                    _printf("Timer\n");
  470:                      
  471:                      Set_Timer_ms(1000);     
  472:                          
  473:               }
  474:             }
  475:  TIMER TEST END*/           
  476:  		
  477:       //// _printf("-(%c)[%.2X]-",ch,ch);   
  478:      
  479:               
  480:      
  481:                do    
  482:                {
  483:                      if(messages_count())
  003e 160000       [4]     JSR   messages_count
  0041 04410e       [3]     TBEQ  B,*+17 ;abs = 0052
  484:                      _printf("Remaining mess %d\n",messages_count());
  0044 160000       [4]     JSR   messages_count
  0047 87           [1]     CLRA  
  0048 3b           [2]     PSHD  
  0049 cc0000       [2]     LDD   #"Remaining mess %d\012"
  004c 3b           [2]     PSHD  
  004d 160000       [4]     JSR   printf
  0050 1b84         [2]     LEAS  4,SP
  485:                      
  486:                      if(new_messages())
  0052 160000       [4]     JSR   new_messages
  0055 044109       [3]     TBEQ  B,*+12 ;abs = 0061
  487:                           op_status=command_parser(commands);	// Process the cmd
  0058 cc0000       [2]     LDD   #commands
  005b 160000       [4]     JSR   command_parser
  005e 7b0000       [3]     STAB  op_status
  488:              
  489:                }
  490:                
  491:                while ((endsts=(end_of_transmision ==  FALSE)) && (timsts=(Get_Timer_ms_Status()!=TIME_OUT)));
  0061 f60000       [3]     LDAB  end_of_transmision
  0064 2702         [3/1]   BEQ   *+4 ;abs = 0068
  0066 c7           [1]     CLRB  
  0067 8f           [2]     SKIP2 
  0068 c601         [1]     LDAB  #1
  006a 7b0000       [3]     STAB  endsts
  006d 270f         [3/1]   BEQ   *+17 ;abs = 007e
  006f 160000       [4]     JSR   Get_Timer_ms_Status
  0072 042102       [3]     DBNE  B,*+5 ;abs = 0077
  0075 c7           [1]     CLRB  
  0076 8f           [2]     SKIP2 
  0077 c601         [1]     LDAB  #1
  0079 7b0000       [3]     STAB  timsts
  007c 26c0         [3/1]   BNE   *-62 ;abs = 003e
  492:              
  493:                 if(!endsts)
  007e f60000       [3]     LDAB  endsts
  0081 2609         [3/1]   BNE   *+11 ;abs = 008c
  494:                     _printf("end_of_trans EOT\n");
  0083 cc0000       [2]     LDD   #"end_of_trans EOT\012"
  0086 3b           [2]     PSHD  
  0087 160000       [4]     JSR   printf
  008a 1b82         [2]     LEAS  2,SP
  495:                 if(!timsts)
  008c f60000       [3]     LDAB  timsts
  008f 2615         [3/1]   BNE   *+23 ;abs = 00a6
  496:                    _printf("timeout EOT\n");                  
  0091 cc0000       [2]     LDD   #"timeout EOT\012"
  0094 3b           [2]     PSHD  
  0095 160000       [4]     JSR   printf
  0098 1b82         [2]     LEAS  2,SP
  009a 200a         [3]     BRA   *+12 ;abs = 00a6
  497:              
  498:                                                               
  499:               
  500:             
  501:         //////////////       rti_stop(); 
  502:                
  503:              
  504:                while(QueueStatus())                  /// cleanup
  505:  	                op_status=PullQueue(&temp);
  009c 1a82         [2]     LEAX  2,SP
  009e b754         [1]     TFR   X,D
  00a0 160000       [4]     JSR   PullQueue
  00a3 7b0000       [3]     STAB  op_status
  00a6 160000       [4]     JSR   QueueStatus
  00a9 0474f0       [3]     TBNE  D,*-13 ;abs = 009c
  506:              
  507:      
  508:      }
  509:      
  510:      Matrix2Vector(p2Matrix);     // Convert Matrix to Vector
  00ac ec80         [3]     LDD   0,SP
  00ae 160000       [4]     JSR   Matrix2Vector
  511:      
  512:      Set_Color(color); 
  00b1 fe0000       [3]     LDX   color:1
  00b4 f60000       [3]     LDAB  color
  00b7 160000       [4]     JSR   Set_Color
  513:      
  514:      Set_Intensity(Led_intensity);
  00ba f60000       [3]     LDAB  Led_intensity
  00bd 160000       [4]     JSR   Set_Intensity
  515:        
  516:      
  517:      WS2812B_Init();
  00c0 160000       [4]     JSR   WS2812B_Init
  518:      
  519:      WS2812B_Set_Data_pointer((unsigned char *)DestLedScreen);
  00c3 cc0000       [2]     LDD   #DestLedScreen
  00c6 160000       [4]     JSR   WS2812B_Set_Data_pointer
  520:      
  521:      WS2812B_Set_Data_Length(32*8*sizeof(LEDSTR));
  00c9 8603         [1]     LDAA  #3
  00cb c7           [1]     CLRB  
  00cc 160000       [4]     JSR   WS2812B_Set_Data_Length
  522:          
  523:      WS2812B_Send_data();
  00cf 160000       [4]     JSR   WS2812B_Send_data
  524:      
  525:      PORTA &= 0xFE;          //21.3 ms        
  00d2 4d0001       [4]     BCLR  _PORTAB,#1
  526:      
  527:      
  528:   /// Set_Timer_ms(24);       // 24 ms   esto es normal velocidad posta
  529:       
  530:       
  531:       Set_Timer_ms(speed); 
  00d5 fc0000       [3]     LDD   speed
  00d8 160000       [4]     JSR   Set_Timer_ms
  532:       while (Get_Timer_ms_Status()!=TIME_OUT) ;
  00db 160000       [4]     JSR   Get_Timer_ms_Status
  00de 0431fa       [3]     DBNE  B,*-3 ;abs = 00db
  533:       
  534:     // test_delay(100);        //24.8 ms  (OLD)
  535:      
  536:    
  537:  
  538:  
  539:  
  540:                                      
  541:         _asm nop;
  00e1 a7           [1]     NOP   
  542:         _asm nop;   
  00e2 a7           [1]     NOP   
  543:         _asm nop;
  00e3 a7           [1]     NOP   
  544:         _asm nop;
  00e4 a7           [1]     NOP   
  00e5 060000       [3]     JMP   LEDtest3:0x0009
  545:      
  546:      
  547:    
  548:      }
  549:      
  550:      
  551:       
  552:      
  553:  }     
  554:  
  555:  
  556:  
  557:  
  558:  void test_delay(unsigned int dly)  {

Function: test_delay
Source  : Z:\mi home\Documents\RGB LED Strip\HC12\WS2812B_HC12\Sources\main.c
Options : -CPUHCS12X -D__NO_FLOAT__ -Env"GENPATH=Z:\mi home\Documents\RGB LED Strip\HC12\WS2812B_HC12;Z:\mi home\Documents\RGB LED Strip\HC12\WS2812B_HC12\bin;Z:\mi home\Documents\RGB LED Strip\HC12\WS2812B_HC12\prm;Z:\mi home\Documents\RGB LED Strip\HC12\WS2812B_HC12\cmd;Z:\mi home\Documents\RGB LED Strip\HC12\WS2812B_HC12\Sources;C:\Archivos de programa\Freescale\CodeWarrior for S12(X) V5.0\lib\HC12c\lib;C:\Archivos de programa\Freescale\CodeWarrior for S12(X) V5.0\lib\HC12c\src;Z:\mi home\Documents\RGB LED Strip\HC12\WS2812B_HC12\Sources\DP256Reg;C:\Archivos de programa\Freescale\CodeWarrior for S12(X) V5.0\lib\HC12c\include" -Env"LIBPATH=C:\Archivos de programa\Freescale\CodeWarrior for S12(X) V5.0\lib\HC12c\include" -Env"OBJPATH=Z:\mi home\Documents\RGB LED Strip\HC12\WS2812B_HC12\bin" -Env"TEXTPATH=Z:\mi home\Documents\RGB LED Strip\HC12\WS2812B_HC12\bin" -Lasm=%n.lst -Lasmc= -Ms -Ot -ObjN="Z:\mi home\Documents\RGB LED Strip\HC12\WS2812B_HC12\CLASE4_C_12X_RTI_Data\RAM\ObjectCode\main.c.o" -WmsgSd1106

  0000 6caa         [2]     STD   6,-SP
  559:  
  560:  
  561:  unsigned int x,y,a; 
  562:  
  563:  
  564:  for (x=0;x<dly;x++)
  0002 186982       [3]     CLRW  2,SP
  0005 200e         [3]     BRA   *+16 ;abs = 0015
  565:      for (y=0;y<1000;y++)
  0007 1887         [2]     CLRX  
  566:        
  567:              a+=1;
  0009 186284       [4]     INCW  4,SP
  000c 08           [1]     INX   
  000d 8e03e8       [2]     CPX   #1000
  0010 25f7         [3/1]   BCS   *-7 ;abs = 0009
  0012 186282       [4]     INCW  2,SP
  0015 ec82         [3]     LDD   2,SP
  0017 ac80         [3]     CPD   0,SP
  0019 25ec         [3/1]   BCS   *-18 ;abs = 0007
  568:  
  569:  
  570:  }
  001b 1b86         [2]     LEAS  6,SP
  001d 3d           [5]     RTS   
  571:  
  572:  
  573:  
  574:  
  575:  
  576:  
  577:  
  578:  void Set_Color(LEDSTR grb_gain ) {

Function: Set_Color
Source  : Z:\mi home\Documents\RGB LED Strip\HC12\WS2812B_HC12\Sources\main.c
Options : -CPUHCS12X -D__NO_FLOAT__ -Env"GENPATH=Z:\mi home\Documents\RGB LED Strip\HC12\WS2812B_HC12;Z:\mi home\Documents\RGB LED Strip\HC12\WS2812B_HC12\bin;Z:\mi home\Documents\RGB LED Strip\HC12\WS2812B_HC12\prm;Z:\mi home\Documents\RGB LED Strip\HC12\WS2812B_HC12\cmd;Z:\mi home\Documents\RGB LED Strip\HC12\WS2812B_HC12\Sources;C:\Archivos de programa\Freescale\CodeWarrior for S12(X) V5.0\lib\HC12c\lib;C:\Archivos de programa\Freescale\CodeWarrior for S12(X) V5.0\lib\HC12c\src;Z:\mi home\Documents\RGB LED Strip\HC12\WS2812B_HC12\Sources\DP256Reg;C:\Archivos de programa\Freescale\CodeWarrior for S12(X) V5.0\lib\HC12c\include" -Env"LIBPATH=C:\Archivos de programa\Freescale\CodeWarrior for S12(X) V5.0\lib\HC12c\include" -Env"OBJPATH=Z:\mi home\Documents\RGB LED Strip\HC12\WS2812B_HC12\bin" -Env"TEXTPATH=Z:\mi home\Documents\RGB LED Strip\HC12\WS2812B_HC12\bin" -Lasm=%n.lst -Lasmc= -Ms -Ot -ObjN="Z:\mi home\Documents\RGB LED Strip\HC12\WS2812B_HC12\CLASE4_C_12X_RTI_Data\RAM\ObjectCode\main.c.o" -WmsgSd1106

  0000 6eac         [2]     STX   4,-SP
  0002 37           [2]     PSHB  
  579:  
  580:  unsigned int n_pixels=TEST_ROWS*TEST_COLS;
  0003 8601         [1]     LDAA  #1
  0005 c7           [1]     CLRB  
  0006 6c83         [2]     STD   3,SP
  581:  unsigned char dest_index=0;
  582:  
  583:        while (n_pixels--) {
  0008 2028         [3]     BRA   *+42 ;abs = 0032
  584:        
  585:        
  586:          DestLedScreen[dest_index].Green &=grb_gain.Green;
  000a 37           [2]     PSHB  
  000b c603         [1]     LDAB  #3
  000d a680         [3]     LDAA  0,SP
  000f 12           [1]     MUL   
  0010 b745         [1]     TFR   D,X
  0012 e681         [3]     LDAB  1,SP
  0014 e4e20000     [4]     ANDB  DestLedScreen,X
  0018 6be20000     [3]     STAB  DestLedScreen,X
  587:          DestLedScreen[dest_index].Red   &=grb_gain.Red ;
  001c e682         [3]     LDAB  2,SP
  001e e4e20000     [4]     ANDB  DestLedScreen:1,X
  0022 6be20000     [3]     STAB  DestLedScreen:1,X
  588:          DestLedScreen[dest_index].Blue  &=grb_gain.Blue ;
  0026 e683         [3]     LDAB  3,SP
  0028 e4e20000     [4]     ANDB  DestLedScreen:2,X
  002c 6be20000     [3]     STAB  DestLedScreen:2,X
  589:        
  590:          dest_index++;
  0030 33           [3]     PULB  
  0031 52           [1]     INCB  
  0032 ee83         [3]     LDX   3,SP
  0034 191f         [2]     LEAY  -1,X
  0036 6d83         [2]     STY   3,SP
  0038 0475cf       [3]     TBNE  X,*-46 ;abs = 000a
  591:        }
  592:         
  593:  
  594:  
  595:  }
  003b 1b85         [2]     LEAS  5,SP
  003d 3d           [5]     RTS   
  596:  
  597:  
  598:  // =================Matrix2Vector Index Table================= 
  599:  
  600:  
  601:  
  602:  unsigned char RowIndex[]={0,1,2,3,4,5,6,7,7,6,5,4,3,2,1,0};
  603:  unsigned char ColUpdat[]={0,0,0,0,0,0,0,1,0,0,0,0,0,0,0,1};
  604:  
  605:  
  606:  
  607:  /* ===========================================================
  608:       Matrix2Vector() 
  609:  
  610:      Copies Text Scrolling Matrix to Linear Array
  611:  
  612:   * ===========================================================*/
  613:  
  614:  void Matrix2Vector(LEDSTR* p2Matrix)      // 600 us ???  
  615:  {

Function: Matrix2Vector
Source  : Z:\mi home\Documents\RGB LED Strip\HC12\WS2812B_HC12\Sources\main.c
Options : -CPUHCS12X -D__NO_FLOAT__ -Env"GENPATH=Z:\mi home\Documents\RGB LED Strip\HC12\WS2812B_HC12;Z:\mi home\Documents\RGB LED Strip\HC12\WS2812B_HC12\bin;Z:\mi home\Documents\RGB LED Strip\HC12\WS2812B_HC12\prm;Z:\mi home\Documents\RGB LED Strip\HC12\WS2812B_HC12\cmd;Z:\mi home\Documents\RGB LED Strip\HC12\WS2812B_HC12\Sources;C:\Archivos de programa\Freescale\CodeWarrior for S12(X) V5.0\lib\HC12c\lib;C:\Archivos de programa\Freescale\CodeWarrior for S12(X) V5.0\lib\HC12c\src;Z:\mi home\Documents\RGB LED Strip\HC12\WS2812B_HC12\Sources\DP256Reg;C:\Archivos de programa\Freescale\CodeWarrior for S12(X) V5.0\lib\HC12c\include" -Env"LIBPATH=C:\Archivos de programa\Freescale\CodeWarrior for S12(X) V5.0\lib\HC12c\include" -Env"OBJPATH=Z:\mi home\Documents\RGB LED Strip\HC12\WS2812B_HC12\bin" -Env"TEXTPATH=Z:\mi home\Documents\RGB LED Strip\HC12\WS2812B_HC12\bin" -Lasm=%n.lst -Lasmc= -Ms -Ot -ObjN="Z:\mi home\Documents\RGB LED Strip\HC12\WS2812B_HC12\CLASE4_C_12X_RTI_Data\RAM\ObjectCode\main.c.o" -WmsgSd1106

  0000 6ca9         [2]     STD   7,-SP
  616:            
  617:            
  618:  unsigned char col_index=0;
  0002 6983         [2]     CLR   3,SP
  619:  unsigned char src_index=0;            
  0004 6982         [2]     CLR   2,SP
  620:  unsigned char dest_index=0;
  0006 6986         [2]     CLR   6,SP
  621:  unsigned int  n_pixels=TEST_ROWS*TEST_COLS;
  0008 8601         [1]     LDAA  #1
  000a c7           [1]     CLRB  
  000b 6c84         [2]     STD   4,SP
  622:        
  623:        
  624:        
  625:        // copies all matrix pixels to Send Array
  626:        while (n_pixels--) {
  000d 2045         [3]     BRA   *+71 ;abs = 0054
  627:          
  628:          DestLedScreen[dest_index++]=((LEDSTR(*)[32])p2Matrix)[RowIndex[src_index]][col_index];
  000f e686         [3]     LDAB  6,SP
  0011 37           [2]     PSHB  
  0012 52           [1]     INCB  
  0013 6b87         [2]     STAB  7,SP
  0015 c603         [1]     LDAB  #3
  0017 32           [3]     PULA  
  0018 12           [1]     MUL   
  0019 3b           [2]     PSHD  
  001a e684         [3]     LDAB  4,SP
  001c ce0000       [2]     LDX   #RowIndex
  001f a6e5         [3]     LDAA  B,X
  0021 37           [2]     PSHB  
  0022 36           [2]     PSHA  
  0023 c660         [1]     LDAB  #96
  0025 32           [3]     PULA  
  0026 12           [1]     MUL   
  0027 e383         [3]     ADDD  3,SP
  0029 ce0003       [2]     LDX   #3
  002c b746         [1]     TFR   D,Y
  002e b751         [1]     TFR   X,B
  0030 a686         [3]     LDAA  6,SP
  0032 12           [1]     MUL   
  0033 19ee         [2]     LEAY  D,Y
  0035 e640         [3]     LDAB  0,Y
  0037 ee81         [3]     LDX   1,SP
  0039 6be20000     [3]     STAB  DestLedScreen,X
  003d ec41         [3]     LDD   1,Y
  003f 6ce20000     [3]     STD   DestLedScreen:1,X
  629:              	
  630:       	  col_index+=ColUpdat[src_index++];		// Update colum index
  0043 6285         [3]     INC   5,SP
  0045 ce0000       [2]     LDX   #ColUpdat
  0048 33           [3]     PULB  
  0049 a685         [3]     LDAA  5,SP
  004b abe5         [3]     ADDA  B,X
  004d 6a85         [2]     STAA  5,SP
  631:  			  src_index&=0x0F;				            // modulo arithmetic for Row indexing
  004f 0d84f0       [4]     BCLR  4,SP,#240
  0052 1b82         [2]     LEAS  2,SP
  0054 ee84         [3]     LDX   4,SP
  0056 191f         [2]     LEAY  -1,X
  0058 6d84         [2]     STY   4,SP
  005a 0475b2       [3]     TBNE  X,*-75 ;abs = 000f
  632:        }
  633:    
  634:  }
  005d 1b87         [2]     LEAS  7,SP
  005f 3d           [5]     RTS   
  635:  
  636:  
  637:  
  638:  
  639:  
  640:  /* TEST  Shows Source Matrix */
  641:  
  642:  void PrintMatrix(LEDSTR * p2Matrix)
  643:  
  644:  {

Function: PrintMatrix
Source  : Z:\mi home\Documents\RGB LED Strip\HC12\WS2812B_HC12\Sources\main.c
Options : -CPUHCS12X -D__NO_FLOAT__ -Env"GENPATH=Z:\mi home\Documents\RGB LED Strip\HC12\WS2812B_HC12;Z:\mi home\Documents\RGB LED Strip\HC12\WS2812B_HC12\bin;Z:\mi home\Documents\RGB LED Strip\HC12\WS2812B_HC12\prm;Z:\mi home\Documents\RGB LED Strip\HC12\WS2812B_HC12\cmd;Z:\mi home\Documents\RGB LED Strip\HC12\WS2812B_HC12\Sources;C:\Archivos de programa\Freescale\CodeWarrior for S12(X) V5.0\lib\HC12c\lib;C:\Archivos de programa\Freescale\CodeWarrior for S12(X) V5.0\lib\HC12c\src;Z:\mi home\Documents\RGB LED Strip\HC12\WS2812B_HC12\Sources\DP256Reg;C:\Archivos de programa\Freescale\CodeWarrior for S12(X) V5.0\lib\HC12c\include" -Env"LIBPATH=C:\Archivos de programa\Freescale\CodeWarrior for S12(X) V5.0\lib\HC12c\include" -Env"OBJPATH=Z:\mi home\Documents\RGB LED Strip\HC12\WS2812B_HC12\bin" -Env"TEXTPATH=Z:\mi home\Documents\RGB LED Strip\HC12\WS2812B_HC12\bin" -Lasm=%n.lst -Lasmc= -Ms -Ot -ObjN="Z:\mi home\Documents\RGB LED Strip\HC12\WS2812B_HC12\CLASE4_C_12X_RTI_Data\RAM\ObjectCode\main.c.o" -WmsgSd1106

  0000 6caa         [2]     STD   6,-SP
  645:    int i,j ;
  646:    //unsigned char x;
  647:    
  648:        for(i=0;i<8;i++) 
  0002 186984       [3]     CLRW  4,SP
  649:        {
  650:          
  651:              for(j=0;j<32;j++)
  0005 186982       [3]     CLRW  2,SP
  652:              
  653:              {
  654:              
  655:                 if(((LEDSTR(*)[32])p2Matrix)[i][j].Green==0xFF)
  0008 c660         [1]     LDAB  #96
  000a 87           [1]     CLRA  
  000b ed84         [3]     LDY   4,SP
  000d 13           [1]     EMUL  
  000e e380         [3]     ADDD  0,SP
  0010 b745         [1]     TFR   D,X
  0012 c603         [1]     LDAB  #3
  0014 87           [1]     CLRA  
  0015 ed82         [3]     LDY   2,SP
  0017 13           [1]     EMUL  
  0018 1ae6         [2]     LEAX  D,X
  001a e600         [3]     LDAB  0,X
  001c 04a109       [3]     IBNE  B,*+12 ;abs = 0028
  656:                 _printf("%c",'*') ;
  001f c62a         [1]     LDAB  #42
  0021 87           [1]     CLRA  
  0022 3b           [2]     PSHD  
  0023 ce0000       [2]     LDX   #"%c"
  0026 2007         [3]     BRA   *+9 ;abs = 002f
  657:                 else 
  658:                 _printf("%c",'-') ;
  0028 c62d         [1]     LDAB  #45
  002a 87           [1]     CLRA  
  002b 3b           [2]     PSHD  
  002c ce0000       [2]     LDX   #"%c"
  002f 34           [2]     PSHX  
  0030 160000       [4]     JSR   printf
  0033 1b84         [2]     LEAS  4,SP
  0035 186282       [4]     INCW  2,SP
  0038 ec82         [3]     LDD   2,SP
  003a 8c0020       [2]     CPD   #32
  003d 2dc9         [3/1]   BLT   *-53 ;abs = 0008
  659:              
  660:              
  661:              }
  662:              
  663:          _printf("\n");
  003f cc0000       [2]     LDD   #"\012"
  0042 3b           [2]     PSHD  
  0043 160000       [4]     JSR   printf
  0046 1b82         [2]     LEAS  2,SP
  0048 186284       [4]     INCW  4,SP
  004b ec84         [3]     LDD   4,SP
  004d 8c0008       [2]     CPD   #8
  0050 2db3         [3/1]   BLT   *-75 ;abs = 0005
  664:            
  665:        }
  666:  }
  0052 1b86         [2]     LEAS  6,SP
  0054 3d           [5]     RTS   
  667:   
  668:  
  669:  
  670:  
  671:  // to test power comsumtiom //
  672:  
  673:  #include "testpat.h"   // Test patterns 
  674:  
  675:  void WS2812B_Test(void) {

Function: WS2812B_Test
Source  : Z:\mi home\Documents\RGB LED Strip\HC12\WS2812B_HC12\Sources\main.c
Options : -CPUHCS12X -D__NO_FLOAT__ -Env"GENPATH=Z:\mi home\Documents\RGB LED Strip\HC12\WS2812B_HC12;Z:\mi home\Documents\RGB LED Strip\HC12\WS2812B_HC12\bin;Z:\mi home\Documents\RGB LED Strip\HC12\WS2812B_HC12\prm;Z:\mi home\Documents\RGB LED Strip\HC12\WS2812B_HC12\cmd;Z:\mi home\Documents\RGB LED Strip\HC12\WS2812B_HC12\Sources;C:\Archivos de programa\Freescale\CodeWarrior for S12(X) V5.0\lib\HC12c\lib;C:\Archivos de programa\Freescale\CodeWarrior for S12(X) V5.0\lib\HC12c\src;Z:\mi home\Documents\RGB LED Strip\HC12\WS2812B_HC12\Sources\DP256Reg;C:\Archivos de programa\Freescale\CodeWarrior for S12(X) V5.0\lib\HC12c\include" -Env"LIBPATH=C:\Archivos de programa\Freescale\CodeWarrior for S12(X) V5.0\lib\HC12c\include" -Env"OBJPATH=Z:\mi home\Documents\RGB LED Strip\HC12\WS2812B_HC12\bin" -Env"TEXTPATH=Z:\mi home\Documents\RGB LED Strip\HC12\WS2812B_HC12\bin" -Lasm=%n.lst -Lasmc= -Ms -Ot -ObjN="Z:\mi home\Documents\RGB LED Strip\HC12\WS2812B_HC12\CLASE4_C_12X_RTI_Data\RAM\ObjectCode\main.c.o" -WmsgSd1106

  676:    
  677:   WS2812B_Init();
  0000 160000       [4]     JSR   WS2812B_Init
  678:   WS2812B_Set_Data_pointer(temp);
  0003 cc0000       [2]     LDD   #temp
  0006 160000       [4]     JSR   WS2812B_Set_Data_pointer
  679:   WS2812B_Set_Data_Length(sizeof(temp)/sizeof(temp[0]));
  0009 c609         [1]     LDAB  #9
  000b 87           [1]     CLRA  
  000c 160000       [4]     JSR   WS2812B_Set_Data_Length
  680:   WS2812B_Send_data();
  000f 160000       [4]     JSR   WS2812B_Send_data
  681:   for (;;) ;   // stop for test
  0012 20fe         [3]     BRA   *+0 ;abs = 0012
  682:  
  683:  }
  684:  
  685:  
  686:  /// ===========================000000000000000000000000000000======================================
  687:  
  688:  
  689:  /// ===========================000000000000000000000000000000======================================
  690:  
  691:  /// ===========================000000000000000000000000000000======================================
  692:  
  693:  
  694:  #define ON 1
  695:  #define OFF 0
  696:  #define DEBUG ON
  697:  
  698:  
  699:  
  700:   
  701:  
  702:  /* ------------- Comand Parser ------------------ */
  703:  	
  704:  unsigned char command_parser(CMD_STR *p2cmd)
  705:  {

Function: command_parser
Source  : Z:\mi home\Documents\RGB LED Strip\HC12\WS2812B_HC12\Sources\main.c
Options : -CPUHCS12X -D__NO_FLOAT__ -Env"GENPATH=Z:\mi home\Documents\RGB LED Strip\HC12\WS2812B_HC12;Z:\mi home\Documents\RGB LED Strip\HC12\WS2812B_HC12\bin;Z:\mi home\Documents\RGB LED Strip\HC12\WS2812B_HC12\prm;Z:\mi home\Documents\RGB LED Strip\HC12\WS2812B_HC12\cmd;Z:\mi home\Documents\RGB LED Strip\HC12\WS2812B_HC12\Sources;C:\Archivos de programa\Freescale\CodeWarrior for S12(X) V5.0\lib\HC12c\lib;C:\Archivos de programa\Freescale\CodeWarrior for S12(X) V5.0\lib\HC12c\src;Z:\mi home\Documents\RGB LED Strip\HC12\WS2812B_HC12\Sources\DP256Reg;C:\Archivos de programa\Freescale\CodeWarrior for S12(X) V5.0\lib\HC12c\include" -Env"LIBPATH=C:\Archivos de programa\Freescale\CodeWarrior for S12(X) V5.0\lib\HC12c\include" -Env"OBJPATH=Z:\mi home\Documents\RGB LED Strip\HC12\WS2812B_HC12\bin" -Env"TEXTPATH=Z:\mi home\Documents\RGB LED Strip\HC12\WS2812B_HC12\bin" -Lasm=%n.lst -Lasmc= -Ms -Ot -ObjN="Z:\mi home\Documents\RGB LED Strip\HC12\WS2812B_HC12\CLASE4_C_12X_RTI_Data\RAM\ObjectCode\main.c.o" -WmsgSd1106

  0000 6cad         [2]     STD   3,-SP
  706:  	
  707:  	unsigned char cmd;
  708:  	
  709:  	if(QueueStatus())
  0002 160000       [4]     JSR   QueueStatus
  0005 044432       [3]     TBEQ  D,*+53 ;abs = 003a
  710:  	{
  711:  		op_status=PullQueue(&cmd);
  0008 1a82         [2]     LEAX  2,SP
  000a b754         [1]     TFR   X,D
  000c 160000       [4]     JSR   PullQueue
  000f 7b0000       [3]     STAB  op_status
  712:  			
  713:  		 _printf("$(%c)-[%.2X]$",cmd,cmd);
  0012 e682         [3]     LDAB  2,SP
  0014 87           [1]     CLRA  
  0015 3b           [2]     PSHD  
  0016 3b           [2]     PSHD  
  0017 cc0000       [2]     LDD   #"$(%c)-[%.2X]$"
  001a 3b           [2]     PSHD  
  001b 160000       [4]     JSR   printf
  001e 1b86         [2]     LEAS  6,SP
  714:  	
  715:  	
  716:  		while (p2cmd->command!= END_OF_LIST && p2cmd->command!=cmd)
  0020 2004         [3]     BRA   *+6 ;abs = 0026
  717:  				p2cmd++;
  0022 1a03         [2]     LEAX  3,X
  0024 6e80         [2]     STX   0,SP
  0026 ee80         [3]     LDX   0,SP
  0028 e600         [3]     LDAB  0,X
  002a c1ff         [1]     CMPB  #255
  002c 2704         [3/1]   BEQ   *+6 ;abs = 0032
  002e e182         [3]     CMPB  2,SP
  0030 26f0         [3/1]   BNE   *-14 ;abs = 0022
  718:  	
  719:  		(p2cmd->exec)();
  0032 b756         [1]     TFR   X,Y
  0034 15e30001     [7]     JSR   [1,X]
  720:  		return(OK);
  0038 c7           [1]     CLRB  
  0039 8f           [2]     SKIP2 
  721:  	}
  722:  	
  723:  	return(QEMPTY);	// Error queue is empty
  003a c602         [1]     LDAB  #2
  724:  	
  725:  }
  003c 1b83         [2]     LEAS  3,SP
  003e 3d           [5]     RTS   
  726:  
  727:  //*****************************************
  728:  //
  729:  //      Cmd_Set_Text
  730:  //
  731:  //
  732:  //*****************************************
  733:  
  734:  void Cmd_Set_Text(void)     
  735:  {

Function: Cmd_Set_Text
Source  : Z:\mi home\Documents\RGB LED Strip\HC12\WS2812B_HC12\Sources\main.c
Options : -CPUHCS12X -D__NO_FLOAT__ -Env"GENPATH=Z:\mi home\Documents\RGB LED Strip\HC12\WS2812B_HC12;Z:\mi home\Documents\RGB LED Strip\HC12\WS2812B_HC12\bin;Z:\mi home\Documents\RGB LED Strip\HC12\WS2812B_HC12\prm;Z:\mi home\Documents\RGB LED Strip\HC12\WS2812B_HC12\cmd;Z:\mi home\Documents\RGB LED Strip\HC12\WS2812B_HC12\Sources;C:\Archivos de programa\Freescale\CodeWarrior for S12(X) V5.0\lib\HC12c\lib;C:\Archivos de programa\Freescale\CodeWarrior for S12(X) V5.0\lib\HC12c\src;Z:\mi home\Documents\RGB LED Strip\HC12\WS2812B_HC12\Sources\DP256Reg;C:\Archivos de programa\Freescale\CodeWarrior for S12(X) V5.0\lib\HC12c\include" -Env"LIBPATH=C:\Archivos de programa\Freescale\CodeWarrior for S12(X) V5.0\lib\HC12c\include" -Env"OBJPATH=Z:\mi home\Documents\RGB LED Strip\HC12\WS2812B_HC12\bin" -Env"TEXTPATH=Z:\mi home\Documents\RGB LED Strip\HC12\WS2812B_HC12\bin" -Lasm=%n.lst -Lasmc= -Ms -Ot -ObjN="Z:\mi home\Documents\RGB LED Strip\HC12\WS2812B_HC12\CLASE4_C_12X_RTI_Data\RAM\ObjectCode\main.c.o" -WmsgSd1106

  0000 1b9d         [2]     LEAS  -3,SP
  736:  
  737:  ///#define MAX_TEXT_LEN 200
  738:  ///char textBuf[MAX_TEXT_LEN];
  739:  
  740:  unsigned int i=0;
  0002 c7           [1]     CLRB  
  0003 87           [1]     CLRA  
  0004 6c81         [2]     STD   1,SP
  741:  unsigned char data=0;
  0006 6b80         [2]     STAB  0,SP
  742:  
  743:  
  744:     _printf("Set Text Cmd : ");
  0008 ce0000       [2]     LDX   #"Set Text Cmd : "
  000b 34           [2]     PSHX  
  000c 160000       [4]     JSR   printf
  000f 1b82         [2]     LEAS  2,SP
  745:  	do
  746:  	{
  747:  		if (QueueStatus())				    // some news?
  0011 160000       [4]     JSR   QueueStatus
  0014 044439       [3]     TBEQ  D,*+60 ;abs = 0050
  748:  			op_status=PullQueue(&data);
  0017 1a80         [2]     LEAX  0,SP
  0019 b754         [1]     TFR   X,D
  001b 160000       [4]     JSR   PullQueue
  001e 7b0000       [3]     STAB  op_status
  749:  		else
  750:  			return;
  751:  						
  752:  	    
  753:  	  //_printf("%c",data);
  754:  	  //	 _printf("*(%c)-[%.2X]* ",data,data);
  755:  	  textBuf[i++]=data; 
  0021 ee81         [3]     LDX   1,SP
  0023 b754         [1]     TFR   X,D
  0025 08           [1]     INX   
  0026 6e81         [2]     STX   1,SP
  0028 a680         [3]     LDAA  0,SP
  002a cd0000       [2]     LDY   #textBuf
  002d 6aed         [2]     STAA  B,Y
  756:  	   
  757:  	  
  758:  	  if(i > MAX_TEXT_LEN-1) // Prevent  overwiting
  002f 8e00c7       [2]     CPX   #199
  0032 2306         [3/1]   BLS   *+8 ;abs = 003a
  759:  	  {   
  760:  	  
  761:  	    textBuf[i]=0;            
  0034 69e20000     [3]     CLR   textBuf,X
  762:  	    return;
  0038 2016         [3]     BRA   *+24 ;abs = 0050
  763:  	  }
  764:  	  
  765:  	  
  766:  	  
  767:  	  
  768:  	} while (data);
  003a 0470d4       [3]     TBNE  A,*-41 ;abs = 0011
  769:  	
  770:  	 textBuf[i]=data;
  003d 6ae20000     [3]     STAA  textBuf,X
  771:  	
  772:  
  773:     LEDscreen_setActualMSJ(textBuf);
  0041 cc0000       [2]     LDD   #textBuf
  0044 160000       [4]     JSR   LEDscreen_setActualMSJ
  774:  	
  775:  	 _printf("\n");
  0047 cc0000       [2]     LDD   #"\012"
  004a 3b           [2]     PSHD  
  004b 160000       [4]     JSR   printf
  004e 1b82         [2]     LEAS  2,SP
  776:  }
  0050 1b83         [2]     LEAS  3,SP
  0052 3d           [5]     RTS   
  777:  
  778:  //*****************************************
  779:  //
  780:  //      Cmd_Set_Color
  781:  //
  782:  //
  783:  //*****************************************
  784:  
  785:  
  786:  void Cmd_Set_Color(void)
  787:  {

Function: Cmd_Set_Color
Source  : Z:\mi home\Documents\RGB LED Strip\HC12\WS2812B_HC12\Sources\main.c
Options : -CPUHCS12X -D__NO_FLOAT__ -Env"GENPATH=Z:\mi home\Documents\RGB LED Strip\HC12\WS2812B_HC12;Z:\mi home\Documents\RGB LED Strip\HC12\WS2812B_HC12\bin;Z:\mi home\Documents\RGB LED Strip\HC12\WS2812B_HC12\prm;Z:\mi home\Documents\RGB LED Strip\HC12\WS2812B_HC12\cmd;Z:\mi home\Documents\RGB LED Strip\HC12\WS2812B_HC12\Sources;C:\Archivos de programa\Freescale\CodeWarrior for S12(X) V5.0\lib\HC12c\lib;C:\Archivos de programa\Freescale\CodeWarrior for S12(X) V5.0\lib\HC12c\src;Z:\mi home\Documents\RGB LED Strip\HC12\WS2812B_HC12\Sources\DP256Reg;C:\Archivos de programa\Freescale\CodeWarrior for S12(X) V5.0\lib\HC12c\include" -Env"LIBPATH=C:\Archivos de programa\Freescale\CodeWarrior for S12(X) V5.0\lib\HC12c\include" -Env"OBJPATH=Z:\mi home\Documents\RGB LED Strip\HC12\WS2812B_HC12\bin" -Env"TEXTPATH=Z:\mi home\Documents\RGB LED Strip\HC12\WS2812B_HC12\bin" -Lasm=%n.lst -Lasmc= -Ms -Ot -ObjN="Z:\mi home\Documents\RGB LED Strip\HC12\WS2812B_HC12\CLASE4_C_12X_RTI_Data\RAM\ObjectCode\main.c.o" -WmsgSd1106

  788:  
  789:  
  790:  unsigned int i=0;
  791:  unsigned char data=0;                                                   
  0000 69af         [2]     CLR   1,-SP
  792:  
  793:  
  794:     _printf("Set Color Cmd : ");
  0002 cc0000       [2]     LDD   #"Set Color Cmd : "
  0005 3b           [2]     PSHD  
  0006 160000       [4]     JSR   printf
  0009 1b82         [2]     LEAS  2,SP
  795:     
  796:  
  797:  		if (QueueStatus())				    // some news?
  000b 160000       [4]     JSR   QueueStatus
  000e 04444a       [3]     TBEQ  D,*+77 ;abs = 005b
  798:  			op_status=PullQueue(&data);
  0011 1a80         [2]     LEAX  0,SP
  0013 b754         [1]     TFR   X,D
  0015 160000       [4]     JSR   PullQueue
  0018 7b0000       [3]     STAB  op_status
  799:  		else
  800:  			return;
  801:  						
  802:  	    
  803:  	  _printf("%c",data);
  001b e680         [3]     LDAB  0,SP
  001d 87           [1]     CLRA  
  001e 3b           [2]     PSHD  
  001f cc0000       [2]     LDD   #"%c"
  0022 3b           [2]     PSHD  
  0023 160000       [4]     JSR   printf
  804:  
  805:     if ((data >= '0')  &&  (data <= '7') ) // Protect from unexpected data
  0026 e6a3         [3]     LDAB  4,+SP
  0028 c030         [1]     SUBB  #48
  002a c107         [1]     CMPB  #7
  002c 221a         [3/1]   BHI   *+28 ;abs = 0048
  806:      
  807:  	 color=Led_Colors[data-'0']; 
  002e c603         [1]     LDAB  #3
  0030 a680         [3]     LDAA  0,SP
  0032 12           [1]     MUL   
  0033 b746         [1]     TFR   D,Y
  0035 c30000       [2]     ADDD  #Led_Colors:65393
  0038 b745         [1]     TFR   D,X
  003a ee00         [3]     LDX   0,X
  003c 7e0000       [3]     STX   color:1
  003f 18cb0000     [3]     ADDY  #Led_Colors:65392
  0043 e640         [3]     LDAB  0,Y
  0045 7b0000       [3]     STAB  color
  808:  
  809:  	 op_status=PullQueue(&data);  // Get terminator and discard
  0048 1a80         [2]     LEAX  0,SP
  004a b754         [1]     TFR   X,D
  004c 160000       [4]     JSR   PullQueue
  004f 7b0000       [3]     STAB  op_status
  810:  	
  811:  	 _printf("\n");
  0052 cc0000       [2]     LDD   #"\012"
  0055 3b           [2]     PSHD  
  0056 160000       [4]     JSR   printf
  0059 1b82         [2]     LEAS  2,SP
  812:  }
  005b 1b81         [2]     LEAS  1,SP
  005d 3d           [5]     RTS   
  813:  
  814:  
  815:  
  816:   //*****************************************
  817:  //
  818:  //      Cmd_Set_Speed
  819:  //
  820:  //
  821:  //*****************************************
  822:  
  823:  
  824:  void Cmd_Set_Speed(void)
  825:  {

Function: Cmd_Set_Speed
Source  : Z:\mi home\Documents\RGB LED Strip\HC12\WS2812B_HC12\Sources\main.c
Options : -CPUHCS12X -D__NO_FLOAT__ -Env"GENPATH=Z:\mi home\Documents\RGB LED Strip\HC12\WS2812B_HC12;Z:\mi home\Documents\RGB LED Strip\HC12\WS2812B_HC12\bin;Z:\mi home\Documents\RGB LED Strip\HC12\WS2812B_HC12\prm;Z:\mi home\Documents\RGB LED Strip\HC12\WS2812B_HC12\cmd;Z:\mi home\Documents\RGB LED Strip\HC12\WS2812B_HC12\Sources;C:\Archivos de programa\Freescale\CodeWarrior for S12(X) V5.0\lib\HC12c\lib;C:\Archivos de programa\Freescale\CodeWarrior for S12(X) V5.0\lib\HC12c\src;Z:\mi home\Documents\RGB LED Strip\HC12\WS2812B_HC12\Sources\DP256Reg;C:\Archivos de programa\Freescale\CodeWarrior for S12(X) V5.0\lib\HC12c\include" -Env"LIBPATH=C:\Archivos de programa\Freescale\CodeWarrior for S12(X) V5.0\lib\HC12c\include" -Env"OBJPATH=Z:\mi home\Documents\RGB LED Strip\HC12\WS2812B_HC12\bin" -Env"TEXTPATH=Z:\mi home\Documents\RGB LED Strip\HC12\WS2812B_HC12\bin" -Lasm=%n.lst -Lasmc= -Ms -Ot -ObjN="Z:\mi home\Documents\RGB LED Strip\HC12\WS2812B_HC12\CLASE4_C_12X_RTI_Data\RAM\ObjectCode\main.c.o" -WmsgSd1106

  826:  
  827:  
  828:  unsigned int i=0;
  829:  unsigned char data=0;                                                   
  0000 69af         [2]     CLR   1,-SP
  830:  
  831:  
  832:     _printf("Set Speed Cmd : ");
  0002 cc0000       [2]     LDD   #"Set Speed Cmd : "
  0005 3b           [2]     PSHD  
  0006 160000       [4]     JSR   printf
  0009 1b82         [2]     LEAS  2,SP
  833:     
  834:  
  835:  		if (QueueStatus())				    // some news?
  000b 160000       [4]     JSR   QueueStatus
  000e 04443d       [3]     TBEQ  D,*+64 ;abs = 004e
  836:  			op_status=PullQueue(&data);
  0011 1a80         [2]     LEAX  0,SP
  0013 b754         [1]     TFR   X,D
  0015 160000       [4]     JSR   PullQueue
  0018 7b0000       [3]     STAB  op_status
  837:  		else
  838:  			return;
  839:  						
  840:  	    
  841:  	  _printf("%c",data);
  001b e680         [3]     LDAB  0,SP
  001d 87           [1]     CLRA  
  001e 3b           [2]     PSHD  
  001f cc0000       [2]     LDD   #"%c"
  0022 3b           [2]     PSHD  
  0023 160000       [4]     JSR   printf
  842:  
  843:     if ((data >= '0')  &&  (data <= '9') ) // Protect from unexpected data
  0026 e6a3         [3]     LDAB  4,+SP
  0028 c030         [1]     SUBB  #48
  002a c109         [1]     CMPB  #9
  002c 220d         [3/1]   BHI   *+15 ;abs = 003b
  844:      
  845:  	 speed=SpeedTable[data-'0']; 
  002e e680         [3]     LDAB  0,SP
  0030 87           [1]     CLRA  
  0031 59           [1]     LSLD  
  0032 b745         [1]     TFR   D,X
  0034 eee20000     [4]     LDX   SpeedTable:-96,X
  0038 7e0000       [3]     STX   speed
  846:  
  847:  	 op_status=PullQueue(&data);  // Get terminator and discard
  003b 1a80         [2]     LEAX  0,SP
  003d b754         [1]     TFR   X,D
  003f 160000       [4]     JSR   PullQueue
  0042 7b0000       [3]     STAB  op_status
  848:  	
  849:  	 _printf("\n");
  0045 cc0000       [2]     LDD   #"\012"
  0048 3b           [2]     PSHD  
  0049 160000       [4]     JSR   printf
  004c 1b82         [2]     LEAS  2,SP
  850:  }
  004e 1b81         [2]     LEAS  1,SP
  0050 3d           [5]     RTS   
  851:  
  852:  
  853:   //*****************************************
  854:  //
  855:  //      Cmd_Set_Party
  856:  //
  857:  //
  858:  //*****************************************
  859:  
  860:  
  861:  void Cmd_Set_Party(void)
  862:  {

Function: Cmd_Set_Party
Source  : Z:\mi home\Documents\RGB LED Strip\HC12\WS2812B_HC12\Sources\main.c
Options : -CPUHCS12X -D__NO_FLOAT__ -Env"GENPATH=Z:\mi home\Documents\RGB LED Strip\HC12\WS2812B_HC12;Z:\mi home\Documents\RGB LED Strip\HC12\WS2812B_HC12\bin;Z:\mi home\Documents\RGB LED Strip\HC12\WS2812B_HC12\prm;Z:\mi home\Documents\RGB LED Strip\HC12\WS2812B_HC12\cmd;Z:\mi home\Documents\RGB LED Strip\HC12\WS2812B_HC12\Sources;C:\Archivos de programa\Freescale\CodeWarrior for S12(X) V5.0\lib\HC12c\lib;C:\Archivos de programa\Freescale\CodeWarrior for S12(X) V5.0\lib\HC12c\src;Z:\mi home\Documents\RGB LED Strip\HC12\WS2812B_HC12\Sources\DP256Reg;C:\Archivos de programa\Freescale\CodeWarrior for S12(X) V5.0\lib\HC12c\include" -Env"LIBPATH=C:\Archivos de programa\Freescale\CodeWarrior for S12(X) V5.0\lib\HC12c\include" -Env"OBJPATH=Z:\mi home\Documents\RGB LED Strip\HC12\WS2812B_HC12\bin" -Env"TEXTPATH=Z:\mi home\Documents\RGB LED Strip\HC12\WS2812B_HC12\bin" -Lasm=%n.lst -Lasmc= -Ms -Ot -ObjN="Z:\mi home\Documents\RGB LED Strip\HC12\WS2812B_HC12\CLASE4_C_12X_RTI_Data\RAM\ObjectCode\main.c.o" -WmsgSd1106

  863:  
  864:  
  865:  unsigned int i=0;
  866:  unsigned char data=0;                                                   
  0000 69af         [2]     CLR   1,-SP
  867:  
  868:  
  869:     _printf("Set Party Cmd : ");
  0002 cc0000       [2]     LDD   #"Set Party Cmd : "
  0005 3b           [2]     PSHD  
  0006 160000       [4]     JSR   printf
  0009 1b82         [2]     LEAS  2,SP
  870:                    
  871:  
  872:  		if (QueueStatus())				    // some news?
  000b 160000       [4]     JSR   QueueStatus
  000e 044442       [3]     TBEQ  D,*+69 ;abs = 0053
  873:  			op_status=PullQueue(&data);
  0011 1a80         [2]     LEAX  0,SP
  0013 b754         [1]     TFR   X,D
  0015 160000       [4]     JSR   PullQueue
  0018 7b0000       [3]     STAB  op_status
  874:  		else
  875:  			return;
  876:  						
  877:  	    
  878:  	  _printf("%c",data);
  001b e680         [3]     LDAB  0,SP
  001d 87           [1]     CLRA  
  001e 3b           [2]     PSHD  
  001f cc0000       [2]     LDD   #"%c"
  0022 3b           [2]     PSHD  
  0023 160000       [4]     JSR   printf
  879:  
  880:     if ((data >= '0')  &&  (data <= '1') ) // Protect from unexpected data
  0026 e6a3         [3]     LDAB  4,+SP
  0028 c030         [1]     SUBB  #48
  002a c101         [1]     CMPB  #1
  002c 2212         [3/1]   BHI   *+20 ;abs = 0040
  881:     {
  882:      
  883:  	  if (data == '1') 
  002e e680         [3]     LDAB  0,SP
  0030 c131         [1]     CMPB  #49
  0032 2603         [3/1]   BNE   *+5 ;abs = 0037
  884:  	  Set_Party_Mode_On();
  0034 160000       [4]     JSR   Set_Party_Mode_On
  885:  	  if (data == '0')
  0037 e680         [3]     LDAB  0,SP
  0039 c130         [1]     CMPB  #48
  003b 2603         [3/1]   BNE   *+5 ;abs = 0040
  886:  	  Set_Party_Mode_Off();
  003d 160000       [4]     JSR   Set_Party_Mode_Off
  887:  	  
  888:  	 }
  889:  	  
  890:  	 
  891:  
  892:  	 op_status=PullQueue(&data);  // Get terminator and discard
  0040 1a80         [2]     LEAX  0,SP
  0042 b754         [1]     TFR   X,D
  0044 160000       [4]     JSR   PullQueue
  0047 7b0000       [3]     STAB  op_status
  893:  	
  894:  	 _printf("\n");
  004a cc0000       [2]     LDD   #"\012"
  004d 3b           [2]     PSHD  
  004e 160000       [4]     JSR   printf
  0051 1b82         [2]     LEAS  2,SP
  895:  }
  0053 1b81         [2]     LEAS  1,SP
  0055 3d           [5]     RTS   
  896:  
  897:  
  898:  
  899:  
  900:   //*****************************************
  901:  //
  902:  //      Cmd_Set_Intensity
  903:  //
  904:  //
  905:  //*****************************************
  906:  
  907:  
  908:  void Cmd_Set_Intensity(void)
  909:  {

Function: Cmd_Set_Intensity
Source  : Z:\mi home\Documents\RGB LED Strip\HC12\WS2812B_HC12\Sources\main.c
Options : -CPUHCS12X -D__NO_FLOAT__ -Env"GENPATH=Z:\mi home\Documents\RGB LED Strip\HC12\WS2812B_HC12;Z:\mi home\Documents\RGB LED Strip\HC12\WS2812B_HC12\bin;Z:\mi home\Documents\RGB LED Strip\HC12\WS2812B_HC12\prm;Z:\mi home\Documents\RGB LED Strip\HC12\WS2812B_HC12\cmd;Z:\mi home\Documents\RGB LED Strip\HC12\WS2812B_HC12\Sources;C:\Archivos de programa\Freescale\CodeWarrior for S12(X) V5.0\lib\HC12c\lib;C:\Archivos de programa\Freescale\CodeWarrior for S12(X) V5.0\lib\HC12c\src;Z:\mi home\Documents\RGB LED Strip\HC12\WS2812B_HC12\Sources\DP256Reg;C:\Archivos de programa\Freescale\CodeWarrior for S12(X) V5.0\lib\HC12c\include" -Env"LIBPATH=C:\Archivos de programa\Freescale\CodeWarrior for S12(X) V5.0\lib\HC12c\include" -Env"OBJPATH=Z:\mi home\Documents\RGB LED Strip\HC12\WS2812B_HC12\bin" -Env"TEXTPATH=Z:\mi home\Documents\RGB LED Strip\HC12\WS2812B_HC12\bin" -Lasm=%n.lst -Lasmc= -Ms -Ot -ObjN="Z:\mi home\Documents\RGB LED Strip\HC12\WS2812B_HC12\CLASE4_C_12X_RTI_Data\RAM\ObjectCode\main.c.o" -WmsgSd1106

  910:  
  911:  
  912:  unsigned int i=0;
  913:  unsigned char data=0;                                                   
  0000 69af         [2]     CLR   1,-SP
  914:  
  915:  
  916:     _printf("Set Intensity Cmd : ");
  0002 cc0000       [2]     LDD   #"Set Intensity Cmd : "
  0005 3b           [2]     PSHD  
  0006 160000       [4]     JSR   printf
  0009 1b82         [2]     LEAS  2,SP
  917:     
  918:  
  919:  		if (QueueStatus())				    // some news?
  000b 160000       [4]     JSR   QueueStatus
  000e 04443a       [3]     TBEQ  D,*+61 ;abs = 004b
  920:  			op_status=PullQueue(&data);
  0011 1a80         [2]     LEAX  0,SP
  0013 b754         [1]     TFR   X,D
  0015 160000       [4]     JSR   PullQueue
  0018 7b0000       [3]     STAB  op_status
  921:  		else
  922:  			return;
  923:  						
  924:  	    
  925:  	  _printf("%c",data);
  001b e680         [3]     LDAB  0,SP
  001d 87           [1]     CLRA  
  001e 3b           [2]     PSHD  
  001f cc0000       [2]     LDD   #"%c"
  0022 3b           [2]     PSHD  
  0023 160000       [4]     JSR   printf
  926:  
  927:     if ((data >= '0')  &&  (data <= '2') ) // Protect from unexpected data
  0026 e6a3         [3]     LDAB  4,+SP
  0028 c030         [1]     SUBB  #48
  002a c102         [1]     CMPB  #2
  002c 220a         [3/1]   BHI   *+12 ;abs = 0038
  928:      
  929:   	Led_intensity=Intensity_Table[data-'0']; 
  002e ce0000       [2]     LDX   #Intensity_Table:65488
  0031 e680         [3]     LDAB  0,SP
  0033 e6e5         [3]     LDAB  B,X
  0035 7b0000       [3]     STAB  Led_intensity
  930:  
  931:  	 op_status=PullQueue(&data);  // Get terminator and discard
  0038 1a80         [2]     LEAX  0,SP
  003a b754         [1]     TFR   X,D
  003c 160000       [4]     JSR   PullQueue
  003f 7b0000       [3]     STAB  op_status
  932:  	
  933:  	 _printf("\n");
  0042 cc0000       [2]     LDD   #"\012"
  0045 3b           [2]     PSHD  
  0046 160000       [4]     JSR   printf
  0049 1b82         [2]     LEAS  2,SP
  934:  }
  004b 1b81         [2]     LEAS  1,SP
  004d 3d           [5]     RTS   
  935:  
  936:  
  937:  
  938:  
  939:  
  940:  
  941:  
  942:  void Set_Intensity(unsigned char new_intensity)
  943:  
  944:  {

Function: Set_Intensity
Source  : Z:\mi home\Documents\RGB LED Strip\HC12\WS2812B_HC12\Sources\main.c
Options : -CPUHCS12X -D__NO_FLOAT__ -Env"GENPATH=Z:\mi home\Documents\RGB LED Strip\HC12\WS2812B_HC12;Z:\mi home\Documents\RGB LED Strip\HC12\WS2812B_HC12\bin;Z:\mi home\Documents\RGB LED Strip\HC12\WS2812B_HC12\prm;Z:\mi home\Documents\RGB LED Strip\HC12\WS2812B_HC12\cmd;Z:\mi home\Documents\RGB LED Strip\HC12\WS2812B_HC12\Sources;C:\Archivos de programa\Freescale\CodeWarrior for S12(X) V5.0\lib\HC12c\lib;C:\Archivos de programa\Freescale\CodeWarrior for S12(X) V5.0\lib\HC12c\src;Z:\mi home\Documents\RGB LED Strip\HC12\WS2812B_HC12\Sources\DP256Reg;C:\Archivos de programa\Freescale\CodeWarrior for S12(X) V5.0\lib\HC12c\include" -Env"LIBPATH=C:\Archivos de programa\Freescale\CodeWarrior for S12(X) V5.0\lib\HC12c\include" -Env"OBJPATH=Z:\mi home\Documents\RGB LED Strip\HC12\WS2812B_HC12\bin" -Env"TEXTPATH=Z:\mi home\Documents\RGB LED Strip\HC12\WS2812B_HC12\bin" -Lasm=%n.lst -Lasmc= -Ms -Ot -ObjN="Z:\mi home\Documents\RGB LED Strip\HC12\WS2812B_HC12\CLASE4_C_12X_RTI_Data\RAM\ObjectCode\main.c.o" -WmsgSd1106

  0000 37           [2]     PSHB  
  945:  
  946:  
  947:    if (color.Green==0 && color.Blue==0 && color.Red==0)
  0001 f60000       [3]     LDAB  color
  0004 260a         [3/1]   BNE   *+12 ;abs = 0010
  0006 f60000       [3]     LDAB  color:2
  0009 2605         [3/1]   BNE   *+7 ;abs = 0010
  000b f60000       [3]     LDAB  color:1
  000e 271e         [3/1]   BEQ   *+32 ;abs = 002e
  948:  
  949:        return;
  950:  
  951:    else {
  952:    
  953:        if(color.Green)
  0010 f60000       [3]     LDAB  color
  0013 2705         [3/1]   BEQ   *+7 ;abs = 001a
  954:      
  955:           color.Green=new_intensity;
  0015 e680         [3]     LDAB  0,SP
  0017 7b0000       [3]     STAB  color
  956:       
  957:        
  958:        if(color.Blue)
  001a f60000       [3]     LDAB  color:2
  001d 2705         [3/1]   BEQ   *+7 ;abs = 0024
  959:      
  960:          color.Blue=new_intensity;
  001f e680         [3]     LDAB  0,SP
  0021 7b0000       [3]     STAB  color:2
  961:         
  962:         
  963:        if(color.Red)
  0024 f60000       [3]     LDAB  color:1
  0027 2705         [3/1]   BEQ   *+7 ;abs = 002e
  964:      
  965:           color.Red=new_intensity;
  0029 e680         [3]     LDAB  0,SP
  002b 7b0000       [3]     STAB  color:1
  966:    }
  967:  }
  002e 1b81         [2]     LEAS  1,SP
  0030 3d           [5]     RTS   
  968:  
  969:  
  970:  
  971:  
  972:  
  973:  
  974:  
  975:  
  976:  
  977:  
  978:  
  979:  
  980:  
  981:  
  982:   //*****************************************
  983:  //
  984:  //      Cmd_Rd_Battery
  985:  //
  986:  //
  987:  //*****************************************
  988:  
  989:  
  990:  void Cmd_Rd_Battery(void)
  991:  {

Function: Cmd_Rd_Battery
Source  : Z:\mi home\Documents\RGB LED Strip\HC12\WS2812B_HC12\Sources\main.c
Options : -CPUHCS12X -D__NO_FLOAT__ -Env"GENPATH=Z:\mi home\Documents\RGB LED Strip\HC12\WS2812B_HC12;Z:\mi home\Documents\RGB LED Strip\HC12\WS2812B_HC12\bin;Z:\mi home\Documents\RGB LED Strip\HC12\WS2812B_HC12\prm;Z:\mi home\Documents\RGB LED Strip\HC12\WS2812B_HC12\cmd;Z:\mi home\Documents\RGB LED Strip\HC12\WS2812B_HC12\Sources;C:\Archivos de programa\Freescale\CodeWarrior for S12(X) V5.0\lib\HC12c\lib;C:\Archivos de programa\Freescale\CodeWarrior for S12(X) V5.0\lib\HC12c\src;Z:\mi home\Documents\RGB LED Strip\HC12\WS2812B_HC12\Sources\DP256Reg;C:\Archivos de programa\Freescale\CodeWarrior for S12(X) V5.0\lib\HC12c\include" -Env"LIBPATH=C:\Archivos de programa\Freescale\CodeWarrior for S12(X) V5.0\lib\HC12c\include" -Env"OBJPATH=Z:\mi home\Documents\RGB LED Strip\HC12\WS2812B_HC12\bin" -Env"TEXTPATH=Z:\mi home\Documents\RGB LED Strip\HC12\WS2812B_HC12\bin" -Lasm=%n.lst -Lasmc= -Ms -Ot -ObjN="Z:\mi home\Documents\RGB LED Strip\HC12\WS2812B_HC12\CLASE4_C_12X_RTI_Data\RAM\ObjectCode\main.c.o" -WmsgSd1106

  992:  
  993:  
  994:  
  995:  unsigned char data=0;                                                   
  0000 69af         [2]     CLR   1,-SP
  996:  
  997:  
  998:     _printf("Rd_Battery Cmd : ");
  0002 cc0000       [2]     LDD   #"Rd_Battery Cmd : "
  0005 3b           [2]     PSHD  
  0006 160000       [4]     JSR   printf
  0009 1b82         [2]     LEAS  2,SP
  999:     
 1000:  
 1001:  		if (QueueStatus())				    // some news?
  000b 160000       [4]     JSR   QueueStatus
  000e 044420       [3]     TBEQ  D,*+35 ;abs = 0031
 1002:  			op_status=PullQueue(&data); // Get terminator and discard
  0011 1a80         [2]     LEAX  0,SP
  0013 b754         [1]     TFR   X,D
  0015 160000       [4]     JSR   PullQueue
  0018 7b0000       [3]     STAB  op_status
 1003:  		else
 1004:  			return;
 1005:  			
 1006:  	 
 1007:  	 
 1008:  	 // send STX data ETX          data is Battery Status
 1009:  	 	sendsci(STX);
  001b c602         [1]     LDAB  #2
  001d 160000       [4]     JSR   sendsci
 1010:  	 	
 1011:  //	 	sendsci('N');       // Mando estado de bateria
 1012:  
 1013:      
 1014:      adcval=atd_getsample();
  0020 160000       [4]     JSR   atd_getsample
  0023 7c0000       [3]     STD   adcval
 1015:  	  	
 1016:  	  sendsci(Batt_Status(adcval));
  0026 160000       [4]     JSR   Batt_Status
  0029 160000       [4]     JSR   sendsci
 1017:  	 	
 1018:  	 	sendsci(ETX);
  002c c603         [1]     LDAB  #3
  002e 160000       [4]     JSR   sendsci
 1019:  	 
 1020:  	 
 1021:  	 
 1022:  }
  0031 1b81         [2]     LEAS  1,SP
  0033 3d           [5]     RTS   
 1023:  
 1024:  
 1025:  // Battery Return codes and Levels 
 1026:  
 1027:  #define	NORMAL 	 '0'
 1028:  #define	MEDIUM 	 '1'
 1029:  #define	LOW	   	 '2'
 1030:  #define	CRITICAL '3'
 1031:  
 1032:  #define	NORMAL_LEVEL 	900
 1033:  #define	MEDIUM_LEVEL 	700
 1034:  #define	LOW_LEVEL	   	500 
 1035:  #define	CRITICAL_LEVEL  300 
 1036:  
 1037:  
 1038:  unsigned char Batt_Status(unsigned int bat_level )
 1039:  {

Function: Batt_Status
Source  : Z:\mi home\Documents\RGB LED Strip\HC12\WS2812B_HC12\Sources\main.c
Options : -CPUHCS12X -D__NO_FLOAT__ -Env"GENPATH=Z:\mi home\Documents\RGB LED Strip\HC12\WS2812B_HC12;Z:\mi home\Documents\RGB LED Strip\HC12\WS2812B_HC12\bin;Z:\mi home\Documents\RGB LED Strip\HC12\WS2812B_HC12\prm;Z:\mi home\Documents\RGB LED Strip\HC12\WS2812B_HC12\cmd;Z:\mi home\Documents\RGB LED Strip\HC12\WS2812B_HC12\Sources;C:\Archivos de programa\Freescale\CodeWarrior for S12(X) V5.0\lib\HC12c\lib;C:\Archivos de programa\Freescale\CodeWarrior for S12(X) V5.0\lib\HC12c\src;Z:\mi home\Documents\RGB LED Strip\HC12\WS2812B_HC12\Sources\DP256Reg;C:\Archivos de programa\Freescale\CodeWarrior for S12(X) V5.0\lib\HC12c\include" -Env"LIBPATH=C:\Archivos de programa\Freescale\CodeWarrior for S12(X) V5.0\lib\HC12c\include" -Env"OBJPATH=Z:\mi home\Documents\RGB LED Strip\HC12\WS2812B_HC12\bin" -Env"TEXTPATH=Z:\mi home\Documents\RGB LED Strip\HC12\WS2812B_HC12\bin" -Lasm=%n.lst -Lasmc= -Ms -Ot -ObjN="Z:\mi home\Documents\RGB LED Strip\HC12\WS2812B_HC12\CLASE4_C_12X_RTI_Data\RAM\ObjectCode\main.c.o" -WmsgSd1106

  0000 6cad         [2]     STD   3,-SP
 1040:  
 1041:  unsigned char bat_status;
 1042:  	
 1043:  	if(bat_level >=NORMAL_LEVEL)
  0002 8c0384       [2]     CPD   #900
  0005 2504         [3/1]   BCS   *+6 ;abs = 000b
 1044:  	
 1045:  		bat_status=NORMAL;
  0007 c630         [1]     LDAB  #48
  0009 6b82         [2]     STAB  2,SP
 1046:  	
 1047:  	if(bat_level < NORMAL_LEVEL && bat_level >= MEDIUM_LEVEL)	
  000b ec80         [3]     LDD   0,SP
  000d 8302bc       [2]     SUBD  #700
  0010 8c00c7       [2]     CPD   #199
  0013 2204         [3/1]   BHI   *+6 ;abs = 0019
 1048:  	
 1049:  		bat_status=MEDIUM;
  0015 c631         [1]     LDAB  #49
  0017 6b82         [2]     STAB  2,SP
 1050:  	
 1051:  	if(bat_level < MEDIUM_LEVEL && bat_level >= CRITICAL_LEVEL)	
  0019 ec80         [3]     LDD   0,SP
  001b 83012c       [2]     SUBD  #300
  001e 8c018f       [2]     CPD   #399
  0021 2204         [3/1]   BHI   *+6 ;abs = 0027
 1052:  	
 1053:  		bat_status=LOW;
  0023 c632         [1]     LDAB  #50
  0025 6b82         [2]     STAB  2,SP
 1054:  		
 1055:  		
 1056:  	if(bat_level < CRITICAL_LEVEL)	
  0027 ec80         [3]     LDD   0,SP
  0029 8c012c       [2]     CPD   #300
  002c 2404         [3/1]   BCC   *+6 ;abs = 0032
 1057:  	
 1058:  		bat_status=CRITICAL;
  002e c633         [1]     LDAB  #51
  0030 6b82         [2]     STAB  2,SP
 1059:  		
 1060:  	return (bat_status);
  0032 e682         [3]     LDAB  2,SP
 1061:  	
 1062:  }
  0034 1b83         [2]     LEAS  3,SP
  0036 3d           [5]     RTS   
 1063:  
 1064:  
 1065:  
 1066:  
 1067:  
 1068:  void Unknown_Cmd(void)
 1069:  
 1070:  {

Function: Unknown_Cmd
Source  : Z:\mi home\Documents\RGB LED Strip\HC12\WS2812B_HC12\Sources\main.c
Options : -CPUHCS12X -D__NO_FLOAT__ -Env"GENPATH=Z:\mi home\Documents\RGB LED Strip\HC12\WS2812B_HC12;Z:\mi home\Documents\RGB LED Strip\HC12\WS2812B_HC12\bin;Z:\mi home\Documents\RGB LED Strip\HC12\WS2812B_HC12\prm;Z:\mi home\Documents\RGB LED Strip\HC12\WS2812B_HC12\cmd;Z:\mi home\Documents\RGB LED Strip\HC12\WS2812B_HC12\Sources;C:\Archivos de programa\Freescale\CodeWarrior for S12(X) V5.0\lib\HC12c\lib;C:\Archivos de programa\Freescale\CodeWarrior for S12(X) V5.0\lib\HC12c\src;Z:\mi home\Documents\RGB LED Strip\HC12\WS2812B_HC12\Sources\DP256Reg;C:\Archivos de programa\Freescale\CodeWarrior for S12(X) V5.0\lib\HC12c\include" -Env"LIBPATH=C:\Archivos de programa\Freescale\CodeWarrior for S12(X) V5.0\lib\HC12c\include" -Env"OBJPATH=Z:\mi home\Documents\RGB LED Strip\HC12\WS2812B_HC12\bin" -Env"TEXTPATH=Z:\mi home\Documents\RGB LED Strip\HC12\WS2812B_HC12\bin" -Lasm=%n.lst -Lasmc= -Ms -Ot -ObjN="Z:\mi home\Documents\RGB LED Strip\HC12\WS2812B_HC12\CLASE4_C_12X_RTI_Data\RAM\ObjectCode\main.c.o" -WmsgSd1106

 1071:  
 1072:  	_printf("Unknown Cmd ");
  0000 cc0000       [2]     LDD   #"Unknown Cmd "
  0003 3b           [2]     PSHD  
  0004 160000       [4]     JSR   printf
 1073:  	  _printf("\n");
  0007 cc0000       [2]     LDD   #"\012"
  000a 6c80         [2]     STD   0,SP
  000c 160000       [4]     JSR   printf
  000f 1b82         [2]     LEAS  2,SP
 1074:  }
  0011 3d           [5]     RTS   
 1075:  
 1076:  
 1077:  void Cmd_No_more_msj(void)
 1078:  
 1079:  {

Function: Cmd_No_more_msj
Source  : Z:\mi home\Documents\RGB LED Strip\HC12\WS2812B_HC12\Sources\main.c
Options : -CPUHCS12X -D__NO_FLOAT__ -Env"GENPATH=Z:\mi home\Documents\RGB LED Strip\HC12\WS2812B_HC12;Z:\mi home\Documents\RGB LED Strip\HC12\WS2812B_HC12\bin;Z:\mi home\Documents\RGB LED Strip\HC12\WS2812B_HC12\prm;Z:\mi home\Documents\RGB LED Strip\HC12\WS2812B_HC12\cmd;Z:\mi home\Documents\RGB LED Strip\HC12\WS2812B_HC12\Sources;C:\Archivos de programa\Freescale\CodeWarrior for S12(X) V5.0\lib\HC12c\lib;C:\Archivos de programa\Freescale\CodeWarrior for S12(X) V5.0\lib\HC12c\src;Z:\mi home\Documents\RGB LED Strip\HC12\WS2812B_HC12\Sources\DP256Reg;C:\Archivos de programa\Freescale\CodeWarrior for S12(X) V5.0\lib\HC12c\include" -Env"LIBPATH=C:\Archivos de programa\Freescale\CodeWarrior for S12(X) V5.0\lib\HC12c\include" -Env"OBJPATH=Z:\mi home\Documents\RGB LED Strip\HC12\WS2812B_HC12\bin" -Env"TEXTPATH=Z:\mi home\Documents\RGB LED Strip\HC12\WS2812B_HC12\bin" -Lasm=%n.lst -Lasmc= -Ms -Ot -ObjN="Z:\mi home\Documents\RGB LED Strip\HC12\WS2812B_HC12\CLASE4_C_12X_RTI_Data\RAM\ObjectCode\main.c.o" -WmsgSd1106

 1080:  
 1081:  	_printf("End of Tranmision\n");
  0000 cc0000       [2]     LDD   #"End of Tranmision\012"
  0003 3b           [2]     PSHD  
  0004 160000       [4]     JSR   printf
  0007 1b82         [2]     LEAS  2,SP
 1082:  	
 1083:  	 end_of_transmision = TRUE;
  0009 c601         [1]     LDAB  #1
  000b 7b0000       [3]     STAB  end_of_transmision
 1084:  	
 1085:  }
  000e 3d           [5]     RTS   
 1086:  
 1087:  
 1088:  
 1089:  
 1090:  /// ===========================000000000000000000000000000000======================================
 1091:  
 1092:  /// ===========================000000000000000000000000000000======================================
 1093:  
 1094:  
 1095:  /// ===========================000000000000000000000000000000======================================
 1096:  
 1097:  
 1098:  
 1099:  
 1100:  
 1101:  
 1102:  
 1103:  
 1104:  // Cqueue TestBench         
 1105:  
 1106:  void Cqtestbench(void)	// queue Test bench
 1107:  {

Function: Cqtestbench
Source  : Z:\mi home\Documents\RGB LED Strip\HC12\WS2812B_HC12\Sources\main.c
Options : -CPUHCS12X -D__NO_FLOAT__ -Env"GENPATH=Z:\mi home\Documents\RGB LED Strip\HC12\WS2812B_HC12;Z:\mi home\Documents\RGB LED Strip\HC12\WS2812B_HC12\bin;Z:\mi home\Documents\RGB LED Strip\HC12\WS2812B_HC12\prm;Z:\mi home\Documents\RGB LED Strip\HC12\WS2812B_HC12\cmd;Z:\mi home\Documents\RGB LED Strip\HC12\WS2812B_HC12\Sources;C:\Archivos de programa\Freescale\CodeWarrior for S12(X) V5.0\lib\HC12c\lib;C:\Archivos de programa\Freescale\CodeWarrior for S12(X) V5.0\lib\HC12c\src;Z:\mi home\Documents\RGB LED Strip\HC12\WS2812B_HC12\Sources\DP256Reg;C:\Archivos de programa\Freescale\CodeWarrior for S12(X) V5.0\lib\HC12c\include" -Env"LIBPATH=C:\Archivos de programa\Freescale\CodeWarrior for S12(X) V5.0\lib\HC12c\include" -Env"OBJPATH=Z:\mi home\Documents\RGB LED Strip\HC12\WS2812B_HC12\bin" -Env"TEXTPATH=Z:\mi home\Documents\RGB LED Strip\HC12\WS2812B_HC12\bin" -Lasm=%n.lst -Lasmc= -Ms -Ot -ObjN="Z:\mi home\Documents\RGB LED Strip\HC12\WS2812B_HC12\CLASE4_C_12X_RTI_Data\RAM\ObjectCode\main.c.o" -WmsgSd1106

  0000 1b9f         [2]     LEAS  -1,SP
 1108:  unsigned char data;
 1109:  unsigned char status;
 1110:  
 1111:  	QueueInit();	// initialize queue
  0002 160000       [4]     JSR   QueueInit
 1112:  	
 1113:  status=	PushQueue(1);	// Push something into the queue
  0005 c601         [1]     LDAB  #1
  0007 160000       [4]     JSR   PushQueue
 1114:  status=	PushQueue(2);
  000a c602         [1]     LDAB  #2
  000c 160000       [4]     JSR   PushQueue
 1115:  status=	PushQueue(3);
  000f c603         [1]     LDAB  #3
  0011 160000       [4]     JSR   PushQueue
 1116:  	
 1117:  	if(PushQueue(4)==QFULL)
  0014 c604         [1]     LDAB  #4
  0016 160000       [4]     JSR   PushQueue
  0019 042123       [3]     DBNE  B,*+38 ;abs = 003f
 1118:  	{
 1119:  		_printf( "Queue Overflowed \n");
  001c cc0000       [2]     LDD   #"Queue Overflowed \012"
  001f 3b           [2]     PSHD  
  0020 160000       [4]     JSR   printf
  0023 1b82         [2]     LEAS  2,SP
 1120:  		return;
  0025 201e         [3]     BRA   *+32 ;abs = 0045
 1121:  	}
 1122:  
 1123:  
 1124:  	while (QueueStatus())		// some news?
 1125:  	{
 1126:  	status=PullQueue(&data); 	// if yes then get data from queue
  0027 1a80         [2]     LEAX  0,SP
  0029 b754         [1]     TFR   X,D
  002b 160000       [4]     JSR   PullQueue
 1127:  		_printf( "Data pulled: %d , Remaining: %d   \n",data,QueueStatus());
  002e 160000       [4]     JSR   QueueStatus
  0031 3b           [2]     PSHD  
  0032 e682         [3]     LDAB  2,SP
  0034 87           [1]     CLRA  
  0035 3b           [2]     PSHD  
  0036 cc0000       [2]     LDD   #"Data pulled: %d , Remaining: %d   \012"
  0039 3b           [2]     PSHD  
  003a 160000       [4]     JSR   printf
  003d 1b86         [2]     LEAS  6,SP
  003f 160000       [4]     JSR   QueueStatus
  0042 0474e2       [3]     TBNE  D,*-27 ;abs = 0027
 1128:  	}
 1129:  
 1130:  }
  0045 1b81         [2]     LEAS  1,SP
  0047 3d           [5]     RTS   
 1131:  
 1132:  
 1133:  
 1134:  
 1135:  
