ANSI-C/cC++ Compiler for HC12 V-5.0.38 Build 9056, Feb 26 2009

    1:  /* Based on CPU DB MC9S12XDP512_144, version 2.87.296 (RegistersPrg V2.24) */
    2:  /* DataSheet : MC9S12XDP512RMV2 Rev. 2.18 May 2008 */
    3:  
    4:  #include <mc9s12xdp512.h>
    5:  
    6:  /*lint -save -esym(765, *) */
    7:  
    8:  
    9:  /* * * * *  8-BIT REGISTERS  * * * * * * * * * * * * * * * */
   10:  volatile PORTESTR _PORTE;                                  /* Port E Register; 0x00000008 */
   11:  volatile DDRESTR _DDRE;                                    /* Port E Data Direction Register; 0x00000009 */
   12:  volatile MMCCTL0STR _MMCCTL0;                              /* S12X_MMC Control Register 0; 0x0000000A */
   13:  volatile MODESTR _MODE;                                    /* Mode Register; 0x0000000B */
   14:  volatile PUCRSTR _PUCR;                                    /* Pull-Up Control Register; 0x0000000C */
   15:  volatile RDRIVSTR _RDRIV;                                  /* Reduced Drive of I/O Lines; 0x0000000D */
   16:  volatile EBICTL0STR _EBICTL0;                              /* External Bus Interface Control Register 0; 0x0000000E */
   17:  volatile EBICTL1STR _EBICTL1;                              /* External Bus Interface Control Register 1; 0x0000000F */
   18:  volatile GPAGESTR _GPAGE;                                  /* Global Page Index Register; 0x00000010 */
   19:  volatile DIRECTSTR _DIRECT;                                /* Direct Page Register; 0x00000011 */
   20:  volatile MMCCTL1STR _MMCCTL1;                              /* S12X_MMC Control Register 1; 0x00000013 */
   21:  volatile RPAGESTR _RPAGE;                                  /* RAM Page Index Register; 0x00000016 */
   22:  volatile EPAGESTR _EPAGE;                                  /* EEPROM Page Index Register; 0x00000017 */
   23:  volatile ECLKCTLSTR _ECLKCTL;                              /* ECLK Control Register; 0x0000001C */
   24:  volatile IRQCRSTR _IRQCR;                                  /* Interrupt Control Register; 0x0000001E */
   25:  volatile DBGC1STR _DBGC1;                                  /* Debug Control Register 1; 0x00000020 */
   26:  volatile DBGSRSTR _DBGSR;                                  /* Debug Status Register; 0x00000021 */
   27:  volatile DBGTCRSTR _DBGTCR;                                /* Debug Trace Control Register; 0x00000022 */
   28:  volatile DBGC2STR _DBGC2;                                  /* Debug Control Register 2; 0x00000023 */
   29:  volatile DBGCNTSTR _DBGCNT;                                /* Debug Count Register; 0x00000026 */
   30:  volatile DBGSCRXSTR _DBGSCRX;                              /* Debug State Control Register 0; 0x00000027 */
   31:  volatile DBGXCTLSTR _DBGXCTL;                              /* Debug Comparator Control Register; 0x00000028 */
   32:  volatile DBGXAHSTR _DBGXAH;                                /* Debug Comparator Address High Register; 0x00000029 */
   33:  volatile DBGXAMSTR _DBGXAM;                                /* Debug Comparator Address Mid Register; 0x0000002A */
   34:  volatile DBGXALSTR _DBGXAL;                                /* Debug Comparator Address Low Register; 0x0000002B */
   35:  volatile DBGXDHSTR _DBGXDH;                                /* Debug Comparator Data High Register; 0x0000002C */
   36:  volatile DBGXDLSTR _DBGXDL;                                /* Debug Comparator Data Low Register; 0x0000002D */
   37:  volatile DBGXDHMSTR _DBGXDHM;                              /* Debug Comparator Data High Mask Register; 0x0000002E */
   38:  volatile DBGXDLMSTR _DBGXDLM;                              /* Debug Comparator Data Low Mask Register; 0x0000002F */
   39:  volatile PPAGESTR _PPAGE;                                  /* Program Page Index Register; 0x00000030 */
   40:  volatile PORTKSTR _PORTK;                                  /* Port K Data Register; 0x00000032 */
   41:  volatile DDRKSTR _DDRK;                                    /* Port K Data Direction Register; 0x00000033 */
   42:  volatile SYNRSTR _SYNR;                                    /* CRG Synthesizer Register; 0x00000034 */
   43:  volatile REFDVSTR _REFDV;                                  /* CRG Reference Divider Register; 0x00000035 */
   44:  volatile CRGFLGSTR _CRGFLG;                                /* CRG Flags Register; 0x00000037 */
   45:  volatile CRGINTSTR _CRGINT;                                /* CRG Interrupt Enable Register; 0x00000038 */
   46:  volatile CLKSELSTR _CLKSEL;                                /* CRG Clock Select Register; 0x00000039 */
   47:  volatile PLLCTLSTR _PLLCTL;                                /* CRG PLL Control Register; 0x0000003A */
   48:  volatile RTICTLSTR _RTICTL;                                /* CRG RTI Control Register; 0x0000003B */
   49:  volatile COPCTLSTR _COPCTL;                                /* CRG COP Control Register; 0x0000003C */
   50:  volatile ARMCOPSTR _ARMCOP;                                /* CRG COP Timer Arm/Reset Register; 0x0000003F */
   51:  volatile TIOSSTR _TIOS;                                    /* Timer Input Capture/Output Compare Select; 0x00000040 */
   52:  volatile CFORCSTR _CFORC;                                  /* Timer Compare Force Register; 0x00000041 */
   53:  volatile OC7MSTR _OC7M;                                    /* Output Compare 7 Mask Register; 0x00000042 */
   54:  volatile OC7DSTR _OC7D;                                    /* Output Compare 7 Data Register; 0x00000043 */
   55:  volatile TSCR1STR _TSCR1;                                  /* Timer System Control Register1; 0x00000046 */
   56:  volatile TTOVSTR _TTOV;                                    /* Timer Toggle On Overflow Register; 0x00000047 */
   57:  volatile TCTL1STR _TCTL1;                                  /* Timer Control Register 1; 0x00000048 */
   58:  volatile TCTL2STR _TCTL2;                                  /* Timer Control Register 2; 0x00000049 */
   59:  volatile TCTL3STR _TCTL3;                                  /* Timer Control Register 3; 0x0000004A */
   60:  volatile TCTL4STR _TCTL4;                                  /* Timer Control Register 4; 0x0000004B */
   61:  volatile TIESTR _TIE;                                      /* Timer Interrupt Enable Register; 0x0000004C */
   62:  volatile TSCR2STR _TSCR2;                                  /* Timer System Control Register 2; 0x0000004D */
   63:  volatile TFLG1STR _TFLG1;                                  /* Main Timer Interrupt Flag 1; 0x0000004E */
   64:  volatile TFLG2STR _TFLG2;                                  /* Main Timer Interrupt Flag 2; 0x0000004F */
   65:  volatile PACTLSTR _PACTL;                                  /* 16-Bit Pulse Accumulator A Control Register; 0x00000060 */
   66:  volatile PAFLGSTR _PAFLG;                                  /* Pulse Accumulator A Flag Register; 0x00000061 */
   67:  volatile MCCTLSTR _MCCTL;                                  /* Modulus Down Counter underflow; 0x00000066 */
   68:  volatile MCFLGSTR _MCFLG;                                  /* 16-Bit Modulus Down Counter Flag Register; 0x00000067 */
   69:  volatile ICPARSTR _ICPAR;                                  /* Input Control Pulse Accumulator Register; 0x00000068 */
   70:  volatile DLYCTSTR _DLYCT;                                  /* Delay Counter Control Register; 0x00000069 */
   71:  volatile ICOVWSTR _ICOVW;                                  /* Input Control Overwrite Register; 0x0000006A */
   72:  volatile ICSYSSTR _ICSYS;                                  /* Input Control System Control Register; 0x0000006B */
   73:  volatile PTPSRSTR _PTPSR;                                  /* Precision Timer Prescaler Select; 0x0000006E */
   74:  volatile PTMCPSRSTR _PTMCPSR;                              /* Precision Timer Modulus Counter Prescaler Select Register; 0x0000006F */
   75:  volatile PBCTLSTR _PBCTL;                                  /* 16-Bit Pulse Accumulator B Control Register; 0x00000070 */
   76:  volatile PBFLGSTR _PBFLG;                                  /* Pulse Accumulator B Flag Register; 0x00000071 */
   77:  volatile ATD1STAT0STR _ATD1STAT0;                          /* ATD 1 Status Register 0; 0x00000086 */
   78:  volatile ATD1TEST1STR _ATD1TEST1;                          /* ATD1 Test Register; 0x00000089 */
   79:  volatile ATD1STAT2STR _ATD1STAT2;                          /* ATD 1 Status Register 2; 0x0000008A */
   80:  volatile ATD1STAT1STR _ATD1STAT1;                          /* ATD 1 Status Register 1; 0x0000008B */
   81:  volatile IIC1_IBADSTR _IIC1_IBAD;                          /* IIC 1 Address Register; 0x000000B0 */
   82:  volatile IIC1_IBFDSTR _IIC1_IBFD;                          /* IIC 1 Frequency Divider Register; 0x000000B1 */
   83:  volatile IIC1_IBCRSTR _IIC1_IBCR;                          /* IIC 1 Control Register; 0x000000B2 */
   84:  volatile IIC1_IBSRSTR _IIC1_IBSR;                          /* IIC 1 Status Register; 0x000000B3 */
   85:  volatile IIC1_IBDRSTR _IIC1_IBDR;                          /* IIC 1 Data I/O Register; 0x000000B4 */
   86:  volatile SCI2ACR2STR _SCI2ACR2;                            /* SCI 2 Alternative Control Register 2; 0x000000BA */
   87:  volatile SCI2CR2STR _SCI2CR2;                              /* SCI 2 Control Register 2; 0x000000BB */
   88:  volatile SCI2SR1STR _SCI2SR1;                              /* SCI 2 Status Register 1; 0x000000BC */
   89:  volatile SCI2SR2STR _SCI2SR2;                              /* SCI 2 Status Register 2; 0x000000BD */
   90:  volatile SCI2DRHSTR _SCI2DRH;                              /* SCI 2 Data Register High; 0x000000BE */
   91:  volatile SCI2DRLSTR _SCI2DRL;                              /* SCI 2 Data Register Low; 0x000000BF */
   92:  volatile SCI3ACR2STR _SCI3ACR2;                            /* SCI 3 Alternative Control Register 2; 0x000000C2 */
   93:  volatile SCI3CR2STR _SCI3CR2;                              /* SCI 3 Control Register 2; 0x000000C3 */
   94:  volatile SCI3SR1STR _SCI3SR1;                              /* SCI 3 Status Register 1; 0x000000C4 */
   95:  volatile SCI3SR2STR _SCI3SR2;                              /* SCI 3 Status Register 2; 0x000000C5 */
   96:  volatile SCI3DRHSTR _SCI3DRH;                              /* SCI 3 Data Register High; 0x000000C6 */
   97:  volatile SCI3DRLSTR _SCI3DRL;                              /* SCI 3 Data Register Low; 0x000000C7 */
   98:  volatile SCI0ACR2STR _SCI0ACR2;                            /* SCI 0 Alternative Control Register 2; 0x000000CA */
   99:  volatile SCI0CR2STR _SCI0CR2;                              /* SCI 0 Control Register 2; 0x000000CB */
  100:  volatile SCI0SR1STR _SCI0SR1;                              /* SCI 0 Status Register 1; 0x000000CC */
  101:  volatile SCI0SR2STR _SCI0SR2;                              /* SCI 0 Status Register 2; 0x000000CD */
  102:  volatile SCI0DRHSTR _SCI0DRH;                              /* SCI 0 Data Register High; 0x000000CE */
  103:  volatile SCI0DRLSTR _SCI0DRL;                              /* SCI 0 Data Register Low; 0x000000CF */
  104:  volatile SCI1ACR2STR _SCI1ACR2;                            /* SCI 1 Alternative Control Register 2; 0x000000D2 */
  105:  volatile SCI1CR2STR _SCI1CR2;                              /* SCI 1 Control Register 2; 0x000000D3 */
  106:  volatile SCI1SR1STR _SCI1SR1;                              /* SCI 1 Status Register 1; 0x000000D4 */
  107:  volatile SCI1SR2STR _SCI1SR2;                              /* SCI 1 Status Register 2; 0x000000D5 */
  108:  volatile SCI1DRHSTR _SCI1DRH;                              /* SCI 1 Data Register High; 0x000000D6 */
  109:  volatile SCI1DRLSTR _SCI1DRL;                              /* SCI 1 Data Register Low; 0x000000D7 */
  110:  volatile SPI0CR1STR _SPI0CR1;                              /* SPI 0 Control Register; 0x000000D8 */
  111:  volatile SPI0CR2STR _SPI0CR2;                              /* SPI 0 Control Register 2; 0x000000D9 */
  112:  volatile SPI0BRSTR _SPI0BR;                                /* SPI 0 Baud Rate Register; 0x000000DA */
  113:  volatile SPI0SRSTR _SPI0SR;                                /* SPI 0 Status Register; 0x000000DB */
  114:  volatile SPI0DRSTR _SPI0DR;                                /* SPI 0 Data Register; 0x000000DD */
  115:  volatile IIC0_IBADSTR _IIC0_IBAD;                          /* IIC 0 Address Register; 0x000000E0 */
  116:  volatile IIC0_IBFDSTR _IIC0_IBFD;                          /* IIC 0 Frequency Divider Register; 0x000000E1 */
  117:  volatile IIC0_IBCRSTR _IIC0_IBCR;                          /* IIC 0 Control Register; 0x000000E2 */
  118:  volatile IIC0_IBSRSTR _IIC0_IBSR;                          /* IIC 0 Status Register; 0x000000E3 */
  119:  volatile IIC0_IBDRSTR _IIC0_IBDR;                          /* IIC 0 Data I/O Register; 0x000000E4 */
  120:  volatile SPI1CR1STR _SPI1CR1;                              /* SPI 1 Control Register; 0x000000F0 */
  121:  volatile SPI1CR2STR _SPI1CR2;                              /* SPI 1 Control Register 2; 0x000000F1 */
  122:  volatile SPI1BRSTR _SPI1BR;                                /* SPI 1 Baud Rate Register; 0x000000F2 */
  123:  volatile SPI1SRSTR _SPI1SR;                                /* SPI 1 Status Register; 0x000000F3 */
  124:  volatile SPI1DRSTR _SPI1DR;                                /* SPI 1 Data Register; 0x000000F5 */
  125:  volatile SPI2CR1STR _SPI2CR1;                              /* SPI 2 Control Register; 0x000000F8 */
  126:  volatile SPI2CR2STR _SPI2CR2;                              /* SPI 2 Control Register 2; 0x000000F9 */
  127:  volatile SPI2BRSTR _SPI2BR;                                /* SPI 2 Baud Rate Register; 0x000000FA */
  128:  volatile SPI2SRSTR _SPI2SR;                                /* SPI 2 Status Register; 0x000000FB */
  129:  volatile SPI2DRSTR _SPI2DR;                                /* SPI 2 Data Register; 0x000000FD */
  130:  volatile FCLKDIVSTR _FCLKDIV;                              /* Flash Clock Divider Register; 0x00000100 */
  131:  volatile FSECSTR _FSEC;                                    /* Flash Security Register; 0x00000101 */
  132:  volatile FTSTMODSTR _FTSTMOD;                              /* Flash Test Mode Register; 0x00000102 */
  133:  volatile FCNFGSTR _FCNFG;                                  /* Flash Configuration Register; 0x00000103 */
  134:  volatile FPROTSTR _FPROT;                                  /* Flash Protection Register; 0x00000104 */
  135:  volatile FSTATSTR _FSTAT;                                  /* Flash Status Register; 0x00000105 */
  136:  volatile FCMDSTR _FCMD;                                    /* Flash Command Buffer and Register; 0x00000106 */
  137:  volatile FCTLSTR _FCTL;                                    /* Flash Control Register; 0x00000107 */
  138:  volatile ECLKDIVSTR _ECLKDIV;                              /* EEPROM Clock Divider Register; 0x00000110 */
  139:  volatile ECNFGSTR _ECNFG;                                  /* EEPROM Configuration Register; 0x00000113 */
  140:  volatile EPROTSTR _EPROT;                                  /* EEPROM Protection Register; 0x00000114 */
  141:  volatile ESTATSTR _ESTAT;                                  /* EEPROM Status Register; 0x00000115 */
  142:  volatile ECMDSTR _ECMD;                                    /* EEPROM Command Buffer and Register; 0x00000116 */
  143:  volatile RAMWPCSTR _RAMWPC;                                /* RAM Write Protection Control Register; 0x0000011C */
  144:  volatile RAMXGUSTR _RAMXGU;                                /* RAM XGATE Upper Boundary Register; 0x0000011D */
  145:  volatile RAMSHLSTR _RAMSHL;                                /* RAM Shared Region Lower Boundary Register; 0x0000011E */
  146:  volatile RAMSHUSTR _RAMSHU;                                /* RAM Shared Region Upper Boundary Register; 0x0000011F */
  147:  volatile IVBRSTR _IVBR;                                    /* Interrupt Vector Base Register; 0x00000121 */
  148:  volatile INT_XGPRIOSTR _INT_XGPRIO;                        /* XGATE Interrupt Priority Configuration Register; 0x00000126 */
  149:  volatile INT_CFADDRSTR _INT_CFADDR;                        /* Interrupt Configuration Address Register; 0x00000127 */
  150:  volatile INT_CFDATA0STR _INT_CFDATA0;                      /* Interrupt Configuration Data Register 0; 0x00000128 */
  151:  volatile INT_CFDATA1STR _INT_CFDATA1;                      /* Interrupt Configuration Data Register 1; 0x00000129 */
  152:  volatile INT_CFDATA2STR _INT_CFDATA2;                      /* Interrupt Configuration Data Register 2; 0x0000012A */
  153:  volatile INT_CFDATA3STR _INT_CFDATA3;                      /* Interrupt Configuration Data Register 3; 0x0000012B */
  154:  volatile INT_CFDATA4STR _INT_CFDATA4;                      /* Interrupt Configuration Data Register 4; 0x0000012C */
  155:  volatile INT_CFDATA5STR _INT_CFDATA5;                      /* Interrupt Configuration Data Register 5; 0x0000012D */
  156:  volatile INT_CFDATA6STR _INT_CFDATA6;                      /* Interrupt Configuration Data Register 6; 0x0000012E */
  157:  volatile INT_CFDATA7STR _INT_CFDATA7;                      /* Interrupt Configuration Data Register 7; 0x0000012F */
  158:  volatile SCI4ACR2STR _SCI4ACR2;                            /* SCI 4 Alternative Control Register 2; 0x00000132 */
  159:  volatile SCI4CR2STR _SCI4CR2;                              /* SCI 4 Control Register 2; 0x00000133 */
  160:  volatile SCI4SR1STR _SCI4SR1;                              /* SCI 4 Status Register 1; 0x00000134 */
  161:  volatile SCI4SR2STR _SCI4SR2;                              /* SCI 4 Status Register 2; 0x00000135 */
  162:  volatile SCI4DRHSTR _SCI4DRH;                              /* SCI 4 Data Register High; 0x00000136 */
  163:  volatile SCI4DRLSTR _SCI4DRL;                              /* SCI 4 Data Register Low; 0x00000137 */
  164:  volatile SCI5ACR2STR _SCI5ACR2;                            /* SCI 5 Alternative Control Register 2; 0x0000013A */
  165:  volatile SCI5CR2STR _SCI5CR2;                              /* SCI 5 Control Register 2; 0x0000013B */
  166:  volatile SCI5SR1STR _SCI5SR1;                              /* SCI 5 Status Register 1; 0x0000013C */
  167:  volatile SCI5SR2STR _SCI5SR2;                              /* SCI 5 Status Register 2; 0x0000013D */
  168:  volatile SCI5DRHSTR _SCI5DRH;                              /* SCI 5 Data Register High; 0x0000013E */
  169:  volatile SCI5DRLSTR _SCI5DRL;                              /* SCI 5 Data Register Low; 0x0000013F */
  170:  volatile CAN0CTL0STR _CAN0CTL0;                            /* MSCAN 0 Control 0 Register; 0x00000140 */
  171:  volatile CAN0CTL1STR _CAN0CTL1;                            /* MSCAN 0 Control 1 Register; 0x00000141 */
  172:  volatile CAN0BTR0STR _CAN0BTR0;                            /* MSCAN 0 Bus Timing Register 0; 0x00000142 */
  173:  volatile CAN0BTR1STR _CAN0BTR1;                            /* MSCAN 0 Bus Timing Register 1; 0x00000143 */
  174:  volatile CAN0RFLGSTR _CAN0RFLG;                            /* MSCAN 0 Receiver Flag Register; 0x00000144 */
  175:  volatile CAN0RIERSTR _CAN0RIER;                            /* MSCAN 0 Receiver Interrupt Enable Register; 0x00000145 */
  176:  volatile CAN0TFLGSTR _CAN0TFLG;                            /* MSCAN 0 Transmitter Flag Register; 0x00000146 */
  177:  volatile CAN0TIERSTR _CAN0TIER;                            /* MSCAN 0 Transmitter Interrupt Enable Register; 0x00000147 */
  178:  volatile CAN0TARQSTR _CAN0TARQ;                            /* MSCAN 0 Transmitter Message Abort Request; 0x00000148 */
  179:  volatile CAN0TAAKSTR _CAN0TAAK;                            /* MSCAN 0 Transmitter Message Abort Control; 0x00000149 */
  180:  volatile CAN0TBSELSTR _CAN0TBSEL;                          /* MSCAN 0 Transmit Buffer Selection; 0x0000014A */
  181:  volatile CAN0IDACSTR _CAN0IDAC;                            /* MSCAN 0 Identifier Acceptance Control Register; 0x0000014B */
  182:  volatile CAN0MISCSTR _CAN0MISC;                            /* MSCAN 0 Miscellaneous Register; 0x0000014D */
  183:  volatile CAN0RXERRSTR _CAN0RXERR;                          /* MSCAN 0 Receive Error Counter Register; 0x0000014E */
  184:  volatile CAN0TXERRSTR _CAN0TXERR;                          /* MSCAN 0 Transmit Error Counter Register; 0x0000014F */
  185:  volatile CAN0IDAR0STR _CAN0IDAR0;                          /* MSCAN 0 Identifier Acceptance Register 0; 0x00000150 */
  186:  volatile CAN0IDAR1STR _CAN0IDAR1;                          /* MSCAN 0 Identifier Acceptance Register 1; 0x00000151 */
  187:  volatile CAN0IDAR2STR _CAN0IDAR2;                          /* MSCAN 0 Identifier Acceptance Register 2; 0x00000152 */
  188:  volatile CAN0IDAR3STR _CAN0IDAR3;                          /* MSCAN 0 Identifier Acceptance Register 3; 0x00000153 */
  189:  volatile CAN0IDMR0STR _CAN0IDMR0;                          /* MSCAN 0 Identifier Mask Register 0; 0x00000154 */
  190:  volatile CAN0IDMR1STR _CAN0IDMR1;                          /* MSCAN 0 Identifier Mask Register 1; 0x00000155 */
  191:  volatile CAN0IDMR2STR _CAN0IDMR2;                          /* MSCAN 0 Identifier Mask Register 2; 0x00000156 */
  192:  volatile CAN0IDMR3STR _CAN0IDMR3;                          /* MSCAN 0 Identifier Mask Register 3; 0x00000157 */
  193:  volatile CAN0IDAR4STR _CAN0IDAR4;                          /* MSCAN 0 Identifier Acceptance Register 4; 0x00000158 */
  194:  volatile CAN0IDAR5STR _CAN0IDAR5;                          /* MSCAN 0 Identifier Acceptance Register 5; 0x00000159 */
  195:  volatile CAN0IDAR6STR _CAN0IDAR6;                          /* MSCAN 0 Identifier Acceptance Register 6; 0x0000015A */
  196:  volatile CAN0IDAR7STR _CAN0IDAR7;                          /* MSCAN 0 Identifier Acceptance Register 7; 0x0000015B */
  197:  volatile CAN0IDMR4STR _CAN0IDMR4;                          /* MSCAN 0 Identifier Mask Register 4; 0x0000015C */
  198:  volatile CAN0IDMR5STR _CAN0IDMR5;                          /* MSCAN 0 Identifier Mask Register 5; 0x0000015D */
  199:  volatile CAN0IDMR6STR _CAN0IDMR6;                          /* MSCAN 0 Identifier Mask Register 6; 0x0000015E */
  200:  volatile CAN0IDMR7STR _CAN0IDMR7;                          /* MSCAN 0 Identifier Mask Register 7; 0x0000015F */
  201:  volatile CAN0RXIDR0STR _CAN0RXIDR0;                        /* MSCAN 0 Receive Identifier Register 0; 0x00000160 */
  202:  volatile CAN0RXIDR1STR _CAN0RXIDR1;                        /* MSCAN 0 Receive Identifier Register 1; 0x00000161 */
  203:  volatile CAN0RXIDR2STR _CAN0RXIDR2;                        /* MSCAN 0 Receive Identifier Register 2; 0x00000162 */
  204:  volatile CAN0RXIDR3STR _CAN0RXIDR3;                        /* MSCAN 0 Receive Identifier Register 3; 0x00000163 */
  205:  volatile CAN0RXDSR0STR _CAN0RXDSR0;                        /* MSCAN 0 Receive Data Segment Register 0; 0x00000164 */
  206:  volatile CAN0RXDSR1STR _CAN0RXDSR1;                        /* MSCAN 0 Receive Data Segment Register 1; 0x00000165 */
  207:  volatile CAN0RXDSR2STR _CAN0RXDSR2;                        /* MSCAN 0 Receive Data Segment Register 2; 0x00000166 */
  208:  volatile CAN0RXDSR3STR _CAN0RXDSR3;                        /* MSCAN 0 Receive Data Segment Register 3; 0x00000167 */
  209:  volatile CAN0RXDSR4STR _CAN0RXDSR4;                        /* MSCAN 0 Receive Data Segment Register 4; 0x00000168 */
  210:  volatile CAN0RXDSR5STR _CAN0RXDSR5;                        /* MSCAN 0 Receive Data Segment Register 5; 0x00000169 */
  211:  volatile CAN0RXDSR6STR _CAN0RXDSR6;                        /* MSCAN 0 Receive Data Segment Register 6; 0x0000016A */
  212:  volatile CAN0RXDSR7STR _CAN0RXDSR7;                        /* MSCAN 0 Receive Data Segment Register 7; 0x0000016B */
  213:  volatile CAN0RXDLRSTR _CAN0RXDLR;                          /* MSCAN 0 Receive Data Length Register; 0x0000016C */
  214:  volatile CAN0TXIDR0STR _CAN0TXIDR0;                        /* MSCAN 0 Transmit Identifier Register 0; 0x00000170 */
  215:  volatile CAN0TXIDR1STR _CAN0TXIDR1;                        /* MSCAN 0 Transmit Identifier Register 1; 0x00000171 */
  216:  volatile CAN0TXIDR2STR _CAN0TXIDR2;                        /* MSCAN 0 Transmit Identifier Register 2; 0x00000172 */
  217:  volatile CAN0TXIDR3STR _CAN0TXIDR3;                        /* MSCAN 0 Transmit Identifier Register 3; 0x00000173 */
  218:  volatile CAN0TXDSR0STR _CAN0TXDSR0;                        /* MSCAN 0 Transmit Data Segment Register 0; 0x00000174 */
  219:  volatile CAN0TXDSR1STR _CAN0TXDSR1;                        /* MSCAN 0 Transmit Data Segment Register 1; 0x00000175 */
  220:  volatile CAN0TXDSR2STR _CAN0TXDSR2;                        /* MSCAN 0 Transmit Data Segment Register 2; 0x00000176 */
  221:  volatile CAN0TXDSR3STR _CAN0TXDSR3;                        /* MSCAN 0 Transmit Data Segment Register 3; 0x00000177 */
  222:  volatile CAN0TXDSR4STR _CAN0TXDSR4;                        /* MSCAN 0 Transmit Data Segment Register 4; 0x00000178 */
  223:  volatile CAN0TXDSR5STR _CAN0TXDSR5;                        /* MSCAN 0 Transmit Data Segment Register 5; 0x00000179 */
  224:  volatile CAN0TXDSR6STR _CAN0TXDSR6;                        /* MSCAN 0 Transmit Data Segment Register 6; 0x0000017A */
  225:  volatile CAN0TXDSR7STR _CAN0TXDSR7;                        /* MSCAN 0 Transmit Data Segment Register 7; 0x0000017B */
  226:  volatile CAN0TXDLRSTR _CAN0TXDLR;                          /* MSCAN 0 Transmit Data Length Register; 0x0000017C */
  227:  volatile CAN0TXTBPRSTR _CAN0TXTBPR;                        /* MSCAN 0 Transmit Buffer Priority; 0x0000017D */
  228:  volatile CAN1CTL0STR _CAN1CTL0;                            /* MSCAN 1 Control 0 Register; 0x00000180 */
  229:  volatile CAN1CTL1STR _CAN1CTL1;                            /* MSCAN 1 Control 1 Register; 0x00000181 */
  230:  volatile CAN1BTR0STR _CAN1BTR0;                            /* MSCAN 1 Bus Timing Register 0; 0x00000182 */
  231:  volatile CAN1BTR1STR _CAN1BTR1;                            /* MSCAN 1 Bus Timing Register 1; 0x00000183 */
  232:  volatile CAN1RFLGSTR _CAN1RFLG;                            /* MSCAN 1 Receiver Flag Register; 0x00000184 */
  233:  volatile CAN1RIERSTR _CAN1RIER;                            /* MSCAN 1 Receiver Interrupt Enable Register; 0x00000185 */
  234:  volatile CAN1TFLGSTR _CAN1TFLG;                            /* MSCAN 1 Transmitter Flag Register; 0x00000186 */
  235:  volatile CAN1TIERSTR _CAN1TIER;                            /* MSCAN 1 Transmitter Interrupt Enable Register; 0x00000187 */
  236:  volatile CAN1TARQSTR _CAN1TARQ;                            /* MSCAN 1 Transmitter Message Abort Request; 0x00000188 */
  237:  volatile CAN1TAAKSTR _CAN1TAAK;                            /* MSCAN 1 Transmitter Message Abort Control; 0x00000189 */
  238:  volatile CAN1TBSELSTR _CAN1TBSEL;                          /* MSCAN 1 Transmit Buffer Selection; 0x0000018A */
  239:  volatile CAN1IDACSTR _CAN1IDAC;                            /* MSCAN 1 Identifier Acceptance Control Register; 0x0000018B */
  240:  volatile CAN1MISCSTR _CAN1MISC;                            /* MSCAN 1 Miscellaneous Register; 0x0000018D */
  241:  volatile CAN1RXERRSTR _CAN1RXERR;                          /* MSCAN 1 Receive Error Counter Register; 0x0000018E */
  242:  volatile CAN1TXERRSTR _CAN1TXERR;                          /* MSCAN 1 Transmit Error Counter Register; 0x0000018F */
  243:  volatile CAN1IDAR0STR _CAN1IDAR0;                          /* MSCAN 1 Identifier Acceptance Register 0; 0x00000190 */
  244:  volatile CAN1IDAR1STR _CAN1IDAR1;                          /* MSCAN 1 Identifier Acceptance Register 1; 0x00000191 */
  245:  volatile CAN1IDAR2STR _CAN1IDAR2;                          /* MSCAN 1 Identifier Acceptance Register 2; 0x00000192 */
  246:  volatile CAN1IDAR3STR _CAN1IDAR3;                          /* MSCAN 1 Identifier Acceptance Register 3; 0x00000193 */
  247:  volatile CAN1IDMR0STR _CAN1IDMR0;                          /* MSCAN 1 Identifier Mask Register 0; 0x00000194 */
  248:  volatile CAN1IDMR1STR _CAN1IDMR1;                          /* MSCAN 1 Identifier Mask Register 1; 0x00000195 */
  249:  volatile CAN1IDMR2STR _CAN1IDMR2;                          /* MSCAN 1 Identifier Mask Register 2; 0x00000196 */
  250:  volatile CAN1IDMR3STR _CAN1IDMR3;                          /* MSCAN 1 Identifier Mask Register 3; 0x00000197 */
  251:  volatile CAN1IDAR4STR _CAN1IDAR4;                          /* MSCAN 1 Identifier Acceptance Register 4; 0x00000198 */
  252:  volatile CAN1IDAR5STR _CAN1IDAR5;                          /* MSCAN 1 Identifier Acceptance Register 5; 0x00000199 */
  253:  volatile CAN1IDAR6STR _CAN1IDAR6;                          /* MSCAN 1 Identifier Acceptance Register 6; 0x0000019A */
  254:  volatile CAN1IDAR7STR _CAN1IDAR7;                          /* MSCAN 1 Identifier Acceptance Register 7; 0x0000019B */
  255:  volatile CAN1IDMR4STR _CAN1IDMR4;                          /* MSCAN 1 Identifier Mask Register 4; 0x0000019C */
  256:  volatile CAN1IDMR5STR _CAN1IDMR5;                          /* MSCAN 1 Identifier Mask Register 5; 0x0000019D */
  257:  volatile CAN1IDMR6STR _CAN1IDMR6;                          /* MSCAN 1 Identifier Mask Register 6; 0x0000019E */
  258:  volatile CAN1IDMR7STR _CAN1IDMR7;                          /* MSCAN 1 Identifier Mask Register 7; 0x0000019F */
  259:  volatile CAN1RXIDR0STR _CAN1RXIDR0;                        /* MSCAN 1 Receive Identifier Register 0; 0x000001A0 */
  260:  volatile CAN1RXIDR1STR _CAN1RXIDR1;                        /* MSCAN 1 Receive Identifier Register 1; 0x000001A1 */
  261:  volatile CAN1RXIDR2STR _CAN1RXIDR2;                        /* MSCAN 1 Receive Identifier Register 2; 0x000001A2 */
  262:  volatile CAN1RXIDR3STR _CAN1RXIDR3;                        /* MSCAN 1 Receive Identifier Register 3; 0x000001A3 */
  263:  volatile CAN1RXDSR0STR _CAN1RXDSR0;                        /* MSCAN 1 Receive Data Segment Register 0; 0x000001A4 */
  264:  volatile CAN1RXDSR1STR _CAN1RXDSR1;                        /* MSCAN 1 Receive Data Segment Register 1; 0x000001A5 */
  265:  volatile CAN1RXDSR2STR _CAN1RXDSR2;                        /* MSCAN 1 Receive Data Segment Register 2; 0x000001A6 */
  266:  volatile CAN1RXDSR3STR _CAN1RXDSR3;                        /* MSCAN 1 Receive Data Segment Register 3; 0x000001A7 */
  267:  volatile CAN1RXDSR4STR _CAN1RXDSR4;                        /* MSCAN 1 Receive Data Segment Register 4; 0x000001A8 */
  268:  volatile CAN1RXDSR5STR _CAN1RXDSR5;                        /* MSCAN 1 Receive Data Segment Register 5; 0x000001A9 */
  269:  volatile CAN1RXDSR6STR _CAN1RXDSR6;                        /* MSCAN 1 Receive Data Segment Register 6; 0x000001AA */
  270:  volatile CAN1RXDSR7STR _CAN1RXDSR7;                        /* MSCAN 1 Receive Data Segment Register 7; 0x000001AB */
  271:  volatile CAN1RXDLRSTR _CAN1RXDLR;                          /* MSCAN 1 Receive Data Length Register; 0x000001AC */
  272:  volatile CAN1TXIDR0STR _CAN1TXIDR0;                        /* MSCAN 1 Transmit Identifier Register 0; 0x000001B0 */
  273:  volatile CAN1TXIDR1STR _CAN1TXIDR1;                        /* MSCAN 1 Transmit Identifier Register 1; 0x000001B1 */
  274:  volatile CAN1TXIDR2STR _CAN1TXIDR2;                        /* MSCAN 1 Transmit Identifier Register 2; 0x000001B2 */
  275:  volatile CAN1TXIDR3STR _CAN1TXIDR3;                        /* MSCAN 1 Transmit Identifier Register 3; 0x000001B3 */
  276:  volatile CAN1TXDSR0STR _CAN1TXDSR0;                        /* MSCAN 1 Transmit Data Segment Register 0; 0x000001B4 */
  277:  volatile CAN1TXDSR1STR _CAN1TXDSR1;                        /* MSCAN 1 Transmit Data Segment Register 1; 0x000001B5 */
  278:  volatile CAN1TXDSR2STR _CAN1TXDSR2;                        /* MSCAN 1 Transmit Data Segment Register 2; 0x000001B6 */
  279:  volatile CAN1TXDSR3STR _CAN1TXDSR3;                        /* MSCAN 1 Transmit Data Segment Register 3; 0x000001B7 */
  280:  volatile CAN1TXDSR4STR _CAN1TXDSR4;                        /* MSCAN 1 Transmit Data Segment Register 4; 0x000001B8 */
  281:  volatile CAN1TXDSR5STR _CAN1TXDSR5;                        /* MSCAN 1 Transmit Data Segment Register 5; 0x000001B9 */
  282:  volatile CAN1TXDSR6STR _CAN1TXDSR6;                        /* MSCAN 1 Transmit Data Segment Register 6; 0x000001BA */
  283:  volatile CAN1TXDSR7STR _CAN1TXDSR7;                        /* MSCAN 1 Transmit Data Segment Register 7; 0x000001BB */
  284:  volatile CAN1TXDLRSTR _CAN1TXDLR;                          /* MSCAN 1 Transmit Data Length Register; 0x000001BC */
  285:  volatile CAN1TXTBPRSTR _CAN1TXTBPR;                        /* MSCAN 1 Transmit Buffer Priority; 0x000001BD */
  286:  volatile CAN2CTL0STR _CAN2CTL0;                            /* MSCAN 2 Control 0 Register; 0x000001C0 */
  287:  volatile CAN2CTL1STR _CAN2CTL1;                            /* MSCAN 2 Control 1 Register; 0x000001C1 */
  288:  volatile CAN2BTR0STR _CAN2BTR0;                            /* MSCAN 2 Bus Timing Register 0; 0x000001C2 */
  289:  volatile CAN2BTR1STR _CAN2BTR1;                            /* MSCAN 2 Bus Timing Register 1; 0x000001C3 */
  290:  volatile CAN2RFLGSTR _CAN2RFLG;                            /* MSCAN 2 Receiver Flag Register; 0x000001C4 */
  291:  volatile CAN2RIERSTR _CAN2RIER;                            /* MSCAN 2 Receiver Interrupt Enable Register; 0x000001C5 */
  292:  volatile CAN2TFLGSTR _CAN2TFLG;                            /* MSCAN 2 Transmitter Flag Register; 0x000001C6 */
  293:  volatile CAN2TIERSTR _CAN2TIER;                            /* MSCAN 2 Transmitter Interrupt Enable Register; 0x000001C7 */
  294:  volatile CAN2TARQSTR _CAN2TARQ;                            /* MSCAN 2 Transmitter Message Abort Request; 0x000001C8 */
  295:  volatile CAN2TAAKSTR _CAN2TAAK;                            /* MSCAN 2 Transmitter Message Abort Control; 0x000001C9 */
  296:  volatile CAN2TBSELSTR _CAN2TBSEL;                          /* MSCAN 2 Transmit Buffer Selection; 0x000001CA */
  297:  volatile CAN2IDACSTR _CAN2IDAC;                            /* MSCAN 2 Identifier Acceptance Control Register; 0x000001CB */
  298:  volatile CAN2MISCSTR _CAN2MISC;                            /* MSCAN 2 Miscellaneous Register; 0x000001CD */
  299:  volatile CAN2RXERRSTR _CAN2RXERR;                          /* MSCAN 2 Receive Error Counter Register; 0x000001CE */
  300:  volatile CAN2TXERRSTR _CAN2TXERR;                          /* MSCAN 2 Transmit Error Counter Register; 0x000001CF */
  301:  volatile CAN2IDAR0STR _CAN2IDAR0;                          /* MSCAN 2 Identifier Acceptance Register 0; 0x000001D0 */
  302:  volatile CAN2IDAR1STR _CAN2IDAR1;                          /* MSCAN 2 Identifier Acceptance Register 1; 0x000001D1 */
  303:  volatile CAN2IDAR2STR _CAN2IDAR2;                          /* MSCAN 2 Identifier Acceptance Register 2; 0x000001D2 */
  304:  volatile CAN2IDAR3STR _CAN2IDAR3;                          /* MSCAN 2 Identifier Acceptance Register 3; 0x000001D3 */
  305:  volatile CAN2IDMR0STR _CAN2IDMR0;                          /* MSCAN 2 Identifier Mask Register 0; 0x000001D4 */
  306:  volatile CAN2IDMR1STR _CAN2IDMR1;                          /* MSCAN 2 Identifier Mask Register 1; 0x000001D5 */
  307:  volatile CAN2IDMR2STR _CAN2IDMR2;                          /* MSCAN 2 Identifier Mask Register 2; 0x000001D6 */
  308:  volatile CAN2IDMR3STR _CAN2IDMR3;                          /* MSCAN 2 Identifier Mask Register 3; 0x000001D7 */
  309:  volatile CAN2IDAR4STR _CAN2IDAR4;                          /* MSCAN 2 Identifier Acceptance Register 4; 0x000001D8 */
  310:  volatile CAN2IDAR5STR _CAN2IDAR5;                          /* MSCAN 2 Identifier Acceptance Register 5; 0x000001D9 */
  311:  volatile CAN2IDAR6STR _CAN2IDAR6;                          /* MSCAN 2 Identifier Acceptance Register 6; 0x000001DA */
  312:  volatile CAN2IDAR7STR _CAN2IDAR7;                          /* MSCAN 2 Identifier Acceptance Register 7; 0x000001DB */
  313:  volatile CAN2IDMR4STR _CAN2IDMR4;                          /* MSCAN 2 Identifier Mask Register 4; 0x000001DC */
  314:  volatile CAN2IDMR5STR _CAN2IDMR5;                          /* MSCAN 2 Identifier Mask Register 5; 0x000001DD */
  315:  volatile CAN2IDMR6STR _CAN2IDMR6;                          /* MSCAN 2 Identifier Mask Register 6; 0x000001DE */
  316:  volatile CAN2IDMR7STR _CAN2IDMR7;                          /* MSCAN 2 Identifier Mask Register 7; 0x000001DF */
  317:  volatile CAN2RXIDR0STR _CAN2RXIDR0;                        /* MSCAN 2 Receive Identifier Register 0; 0x000001E0 */
  318:  volatile CAN2RXIDR1STR _CAN2RXIDR1;                        /* MSCAN 2 Receive Identifier Register 1; 0x000001E1 */
  319:  volatile CAN2RXIDR2STR _CAN2RXIDR2;                        /* MSCAN 2 Receive Identifier Register 2; 0x000001E2 */
  320:  volatile CAN2RXIDR3STR _CAN2RXIDR3;                        /* MSCAN 2 Receive Identifier Register 3; 0x000001E3 */
  321:  volatile CAN2RXDSR0STR _CAN2RXDSR0;                        /* MSCAN 2 Receive Data Segment Register 0; 0x000001E4 */
  322:  volatile CAN2RXDSR1STR _CAN2RXDSR1;                        /* MSCAN 2 Receive Data Segment Register 1; 0x000001E5 */
  323:  volatile CAN2RXDSR2STR _CAN2RXDSR2;                        /* MSCAN 2 Receive Data Segment Register 2; 0x000001E6 */
  324:  volatile CAN2RXDSR3STR _CAN2RXDSR3;                        /* MSCAN 2 Receive Data Segment Register 3; 0x000001E7 */
  325:  volatile CAN2RXDSR4STR _CAN2RXDSR4;                        /* MSCAN 2 Receive Data Segment Register 4; 0x000001E8 */
  326:  volatile CAN2RXDSR5STR _CAN2RXDSR5;                        /* MSCAN 2 Receive Data Segment Register 5; 0x000001E9 */
  327:  volatile CAN2RXDSR6STR _CAN2RXDSR6;                        /* MSCAN 2 Receive Data Segment Register 6; 0x000001EA */
  328:  volatile CAN2RXDSR7STR _CAN2RXDSR7;                        /* MSCAN 2 Receive Data Segment Register 7; 0x000001EB */
  329:  volatile CAN2RXDLRSTR _CAN2RXDLR;                          /* MSCAN 2 Receive Data Length Register; 0x000001EC */
  330:  volatile CAN2TXIDR0STR _CAN2TXIDR0;                        /* MSCAN 2 Transmit Identifier Register 0; 0x000001F0 */
  331:  volatile CAN2TXIDR1STR _CAN2TXIDR1;                        /* MSCAN 2 Transmit Identifier Register 1; 0x000001F1 */
  332:  volatile CAN2TXIDR2STR _CAN2TXIDR2;                        /* MSCAN 2 Transmit Identifier Register 2; 0x000001F2 */
  333:  volatile CAN2TXIDR3STR _CAN2TXIDR3;                        /* MSCAN 2 Transmit Identifier Register 3; 0x000001F3 */
  334:  volatile CAN2TXDSR0STR _CAN2TXDSR0;                        /* MSCAN 2 Transmit Data Segment Register 0; 0x000001F4 */
  335:  volatile CAN2TXDSR1STR _CAN2TXDSR1;                        /* MSCAN 2 Transmit Data Segment Register 1; 0x000001F5 */
  336:  volatile CAN2TXDSR2STR _CAN2TXDSR2;                        /* MSCAN 2 Transmit Data Segment Register 2; 0x000001F6 */
  337:  volatile CAN2TXDSR3STR _CAN2TXDSR3;                        /* MSCAN 2 Transmit Data Segment Register 3; 0x000001F7 */
  338:  volatile CAN2TXDSR4STR _CAN2TXDSR4;                        /* MSCAN 2 Transmit Data Segment Register 4; 0x000001F8 */
  339:  volatile CAN2TXDSR5STR _CAN2TXDSR5;                        /* MSCAN 2 Transmit Data Segment Register 5; 0x000001F9 */
  340:  volatile CAN2TXDSR6STR _CAN2TXDSR6;                        /* MSCAN 2 Transmit Data Segment Register 6; 0x000001FA */
  341:  volatile CAN2TXDSR7STR _CAN2TXDSR7;                        /* MSCAN 2 Transmit Data Segment Register 7; 0x000001FB */
  342:  volatile CAN2TXDLRSTR _CAN2TXDLR;                          /* MSCAN 2 Transmit Data Length Register; 0x000001FC */
  343:  volatile CAN2TXTBPRSTR _CAN2TXTBPR;                        /* MSCAN 2 Transmit Buffer Priority; 0x000001FD */
  344:  volatile CAN3CTL0STR _CAN3CTL0;                            /* MSCAN 3 Control 0 Register; 0x00000200 */
  345:  volatile CAN3CTL1STR _CAN3CTL1;                            /* MSCAN 3 Control 1 Register; 0x00000201 */
  346:  volatile CAN3BTR0STR _CAN3BTR0;                            /* MSCAN 3 Bus Timing Register 0; 0x00000202 */
  347:  volatile CAN3BTR1STR _CAN3BTR1;                            /* MSCAN 3 Bus Timing Register 1; 0x00000203 */
  348:  volatile CAN3RFLGSTR _CAN3RFLG;                            /* MSCAN 3 Receiver Flag Register; 0x00000204 */
  349:  volatile CAN3RIERSTR _CAN3RIER;                            /* MSCAN 3 Receiver Interrupt Enable Register; 0x00000205 */
  350:  volatile CAN3TFLGSTR _CAN3TFLG;                            /* MSCAN 3 Transmitter Flag Register; 0x00000206 */
  351:  volatile CAN3TIERSTR _CAN3TIER;                            /* MSCAN 3 Transmitter Interrupt Enable Register; 0x00000207 */
  352:  volatile CAN3TARQSTR _CAN3TARQ;                            /* MSCAN 3 Transmitter Message Abort Request; 0x00000208 */
  353:  volatile CAN3TAAKSTR _CAN3TAAK;                            /* MSCAN 3 Transmitter Message Abort Control; 0x00000209 */
  354:  volatile CAN3TBSELSTR _CAN3TBSEL;                          /* MSCAN 3 Transmit Buffer Selection; 0x0000020A */
  355:  volatile CAN3IDACSTR _CAN3IDAC;                            /* MSCAN 3 Identifier Acceptance Control Register; 0x0000020B */
  356:  volatile CAN3MISCSTR _CAN3MISC;                            /* MSCAN 3 Miscellaneous Register; 0x0000020D */
  357:  volatile CAN3RXERRSTR _CAN3RXERR;                          /* MSCAN 3 Receive Error Counter Register; 0x0000020E */
  358:  volatile CAN3TXERRSTR _CAN3TXERR;                          /* MSCAN 3 Transmit Error Counter Register; 0x0000020F */
  359:  volatile CAN3IDAR0STR _CAN3IDAR0;                          /* MSCAN 3 Identifier Acceptance Register 0; 0x00000210 */
  360:  volatile CAN3IDAR1STR _CAN3IDAR1;                          /* MSCAN 3 Identifier Acceptance Register 1; 0x00000211 */
  361:  volatile CAN3IDAR2STR _CAN3IDAR2;                          /* MSCAN 3 Identifier Acceptance Register 2; 0x00000212 */
  362:  volatile CAN3IDAR3STR _CAN3IDAR3;                          /* MSCAN 3 Identifier Acceptance Register 3; 0x00000213 */
  363:  volatile CAN3IDMR0STR _CAN3IDMR0;                          /* MSCAN 3 Identifier Mask Register 0; 0x00000214 */
  364:  volatile CAN3IDMR1STR _CAN3IDMR1;                          /* MSCAN 3 Identifier Mask Register 1; 0x00000215 */
  365:  volatile CAN3IDMR2STR _CAN3IDMR2;                          /* MSCAN 3 Identifier Mask Register 2; 0x00000216 */
  366:  volatile CAN3IDMR3STR _CAN3IDMR3;                          /* MSCAN 3 Identifier Mask Register 3; 0x00000217 */
  367:  volatile CAN3IDAR4STR _CAN3IDAR4;                          /* MSCAN 3 Identifier Acceptance Register 4; 0x00000218 */
  368:  volatile CAN3IDAR5STR _CAN3IDAR5;                          /* MSCAN 3 Identifier Acceptance Register 5; 0x00000219 */
  369:  volatile CAN3IDAR6STR _CAN3IDAR6;                          /* MSCAN 3 Identifier Acceptance Register 6; 0x0000021A */
  370:  volatile CAN3IDAR7STR _CAN3IDAR7;                          /* MSCAN 3 Identifier Acceptance Register 7; 0x0000021B */
  371:  volatile CAN3IDMR4STR _CAN3IDMR4;                          /* MSCAN 3 Identifier Mask Register 4; 0x0000021C */
  372:  volatile CAN3IDMR5STR _CAN3IDMR5;                          /* MSCAN 3 Identifier Mask Register 5; 0x0000021D */
  373:  volatile CAN3IDMR6STR _CAN3IDMR6;                          /* MSCAN 3 Identifier Mask Register 6; 0x0000021E */
  374:  volatile CAN3IDMR7STR _CAN3IDMR7;                          /* MSCAN 3 Identifier Mask Register 7; 0x0000021F */
  375:  volatile CAN3RXIDR0STR _CAN3RXIDR0;                        /* MSCAN 3 Receive Identifier Register 0; 0x00000220 */
  376:  volatile CAN3RXIDR1STR _CAN3RXIDR1;                        /* MSCAN 3 Receive Identifier Register 1; 0x00000221 */
  377:  volatile CAN3RXIDR2STR _CAN3RXIDR2;                        /* MSCAN 3 Receive Identifier Register 2; 0x00000222 */
  378:  volatile CAN3RXIDR3STR _CAN3RXIDR3;                        /* MSCAN 3 Receive Identifier Register 3; 0x00000223 */
  379:  volatile CAN3RXDSR0STR _CAN3RXDSR0;                        /* MSCAN 3 Receive Data Segment Register 0; 0x00000224 */
  380:  volatile CAN3RXDSR1STR _CAN3RXDSR1;                        /* MSCAN 3 Receive Data Segment Register 1; 0x00000225 */
  381:  volatile CAN3RXDSR2STR _CAN3RXDSR2;                        /* MSCAN 3 Receive Data Segment Register 2; 0x00000226 */
  382:  volatile CAN3RXDSR3STR _CAN3RXDSR3;                        /* MSCAN 3 Receive Data Segment Register 3; 0x00000227 */
  383:  volatile CAN3RXDSR4STR _CAN3RXDSR4;                        /* MSCAN 3 Receive Data Segment Register 4; 0x00000228 */
  384:  volatile CAN3RXDSR5STR _CAN3RXDSR5;                        /* MSCAN 3 Receive Data Segment Register 5; 0x00000229 */
  385:  volatile CAN3RXDSR6STR _CAN3RXDSR6;                        /* MSCAN 3 Receive Data Segment Register 6; 0x0000022A */
  386:  volatile CAN3RXDSR7STR _CAN3RXDSR7;                        /* MSCAN 3 Receive Data Segment Register 7; 0x0000022B */
  387:  volatile CAN3RXDLRSTR _CAN3RXDLR;                          /* MSCAN 3 Receive Data Length Register; 0x0000022C */
  388:  volatile CAN3TXIDR0STR _CAN3TXIDR0;                        /* MSCAN 3 Transmit Identifier Register 0; 0x00000230 */
  389:  volatile CAN3TXIDR1STR _CAN3TXIDR1;                        /* MSCAN 3 Transmit Identifier Register 1; 0x00000231 */
  390:  volatile CAN3TXIDR2STR _CAN3TXIDR2;                        /* MSCAN 3 Transmit Identifier Register 2; 0x00000232 */
  391:  volatile CAN3TXIDR3STR _CAN3TXIDR3;                        /* MSCAN 3 Transmit Identifier Register 3; 0x00000233 */
  392:  volatile CAN3TXDSR0STR _CAN3TXDSR0;                        /* MSCAN 3 Transmit Data Segment Register 0; 0x00000234 */
  393:  volatile CAN3TXDSR1STR _CAN3TXDSR1;                        /* MSCAN 3 Transmit Data Segment Register 1; 0x00000235 */
  394:  volatile CAN3TXDSR2STR _CAN3TXDSR2;                        /* MSCAN 3 Transmit Data Segment Register 2; 0x00000236 */
  395:  volatile CAN3TXDSR3STR _CAN3TXDSR3;                        /* MSCAN 3 Transmit Data Segment Register 3; 0x00000237 */
  396:  volatile CAN3TXDSR4STR _CAN3TXDSR4;                        /* MSCAN 3 Transmit Data Segment Register 4; 0x00000238 */
  397:  volatile CAN3TXDSR5STR _CAN3TXDSR5;                        /* MSCAN 3 Transmit Data Segment Register 5; 0x00000239 */
  398:  volatile CAN3TXDSR6STR _CAN3TXDSR6;                        /* MSCAN 3 Transmit Data Segment Register 6; 0x0000023A */
  399:  volatile CAN3TXDSR7STR _CAN3TXDSR7;                        /* MSCAN 3 Transmit Data Segment Register 7; 0x0000023B */
  400:  volatile CAN3TXDLRSTR _CAN3TXDLR;                          /* MSCAN 3 Transmit Data Length Register; 0x0000023C */
  401:  volatile CAN3TXTBPRSTR _CAN3TXTBPR;                        /* MSCAN 3 Transmit Buffer Priority; 0x0000023D */
  402:  volatile PTTSTR _PTT;                                      /* Port T I/O Register; 0x00000240 */
  403:  volatile PTITSTR _PTIT;                                    /* Port T Input Register; 0x00000241 */
  404:  volatile DDRTSTR _DDRT;                                    /* Port T Data Direction Register; 0x00000242 */
  405:  volatile RDRTSTR _RDRT;                                    /* Port T Reduced Drive Register; 0x00000243 */
  406:  volatile PERTSTR _PERT;                                    /* Port T Pull Device Enable Register; 0x00000244 */
  407:  volatile PPSTSTR _PPST;                                    /* Port T Polarity Select Register; 0x00000245 */
  408:  volatile PTSSTR _PTS;                                      /* Port S I/O Register; 0x00000248 */
  409:  volatile PTISSTR _PTIS;                                    /* Port S Input Register; 0x00000249 */
  410:  volatile DDRSSTR _DDRS;                                    /* Port S Data Direction Register; 0x0000024A */
  411:  volatile RDRSSTR _RDRS;                                    /* Port S Reduced Drive Register; 0x0000024B */
  412:  volatile PERSSTR _PERS;                                    /* Port S Pull Device Enable Register; 0x0000024C */
  413:  volatile PPSSSTR _PPSS;                                    /* Port S Polarity Select Register; 0x0000024D */
  414:  volatile WOMSSTR _WOMS;                                    /* Port S Wired-Or Mode Register; 0x0000024E */
  415:  volatile PTMSTR _PTM;                                      /* Port M I/O Register; 0x00000250 */
  416:  volatile PTIMSTR _PTIM;                                    /* Port M Input Register; 0x00000251 */
  417:  volatile DDRMSTR _DDRM;                                    /* Port M Data Direction Register; 0x00000252 */
  418:  volatile RDRMSTR _RDRM;                                    /* Port M Reduced Drive Register; 0x00000253 */
  419:  volatile PERMSTR _PERM;                                    /* Port M Pull Device Enable Register; 0x00000254 */
  420:  volatile PPSMSTR _PPSM;                                    /* Port M Polarity Select Register; 0x00000255 */
  421:  volatile WOMMSTR _WOMM;                                    /* Port M Wired-Or Mode Register; 0x00000256 */
  422:  volatile MODRRSTR _MODRR;                                  /* Module Routing Register; 0x00000257 */
  423:  volatile PTPSTR _PTP;                                      /* Port P I/O Register; 0x00000258 */
  424:  volatile PTIPSTR _PTIP;                                    /* Port P Input Register; 0x00000259 */
  425:  volatile DDRPSTR _DDRP;                                    /* Port P Data Direction Register; 0x0000025A */
  426:  volatile RDRPSTR _RDRP;                                    /* Port P Reduced Drive Register; 0x0000025B */
  427:  volatile PERPSTR _PERP;                                    /* Port P Pull Device Enable Register; 0x0000025C */
  428:  volatile PPSPSTR _PPSP;                                    /* Port P Polarity Select Register; 0x0000025D */
  429:  volatile PIEPSTR _PIEP;                                    /* Port P Interrupt Enable Register; 0x0000025E */
  430:  volatile PIFPSTR _PIFP;                                    /* Port P Interrupt Flag Register; 0x0000025F */
  431:  volatile PTHSTR _PTH;                                      /* Port H I/O Register; 0x00000260 */
  432:  volatile PTIHSTR _PTIH;                                    /* Port H Input Register; 0x00000261 */
  433:  volatile DDRHSTR _DDRH;                                    /* Port H Data Direction Register; 0x00000262 */
  434:  volatile RDRHSTR _RDRH;                                    /* Port H Reduced Drive Register; 0x00000263 */
  435:  volatile PERHSTR _PERH;                                    /* Port H Pull Device Enable Register; 0x00000264 */
  436:  volatile PPSHSTR _PPSH;                                    /* Port H Polarity Select Register; 0x00000265 */
  437:  volatile PIEHSTR _PIEH;                                    /* Port H Interrupt Enable Register; 0x00000266 */
  438:  volatile PIFHSTR _PIFH;                                    /* Port H Interrupt Flag Register; 0x00000267 */
  439:  volatile PTJSTR _PTJ;                                      /* Port J I/O Register; 0x00000268 */
  440:  volatile PTIJSTR _PTIJ;                                    /* Port J Input Register; 0x00000269 */
  441:  volatile DDRJSTR _DDRJ;                                    /* Port J Data Direction Register; 0x0000026A */
  442:  volatile RDRJSTR _RDRJ;                                    /* Port J Reduced Drive Register; 0x0000026B */
  443:  volatile PERJSTR _PERJ;                                    /* Port J Pull Device Enable Register; 0x0000026C */
  444:  volatile PPSJSTR _PPSJ;                                    /* Port J Polarity Select Register; 0x0000026D */
  445:  volatile PIEJSTR _PIEJ;                                    /* Port J Interrupt Enable Register; 0x0000026E */
  446:  volatile PIFJSTR _PIFJ;                                    /* Port J Interrupt Flag Register; 0x0000026F */
  447:  volatile PT1AD0STR _PT1AD0;                                /* Port AD0 Data Register 1; 0x00000271 */
  448:  volatile DDR1AD0STR _DDR1AD0;                              /* Port AD0 Data Direction Register 1; 0x00000273 */
  449:  volatile RDR1AD0STR _RDR1AD0;                              /* Port AD0 Reduced Drive Register 1; 0x00000275 */
  450:  volatile PER1AD0STR _PER1AD0;                              /* Port AD0 Pull Up Enable Register 1; 0x00000277 */
  451:  volatile CAN4CTL0STR _CAN4CTL0;                            /* MSCAN 4 Control 0 Register; 0x00000280 */
  452:  volatile CAN4CTL1STR _CAN4CTL1;                            /* MSCAN 4 Control 1 Register; 0x00000281 */
  453:  volatile CAN4BTR0STR _CAN4BTR0;                            /* MSCAN 4 Bus Timing Register 0; 0x00000282 */
  454:  volatile CAN4BTR1STR _CAN4BTR1;                            /* MSCAN 4 Bus Timing Register 1; 0x00000283 */
  455:  volatile CAN4RFLGSTR _CAN4RFLG;                            /* MSCAN 4 Receiver Flag Register; 0x00000284 */
  456:  volatile CAN4RIERSTR _CAN4RIER;                            /* MSCAN 4 Receiver Interrupt Enable Register; 0x00000285 */
  457:  volatile CAN4TFLGSTR _CAN4TFLG;                            /* MSCAN 4 Transmitter Flag Register; 0x00000286 */
  458:  volatile CAN4TIERSTR _CAN4TIER;                            /* MSCAN 4 Transmitter Interrupt Enable Register; 0x00000287 */
  459:  volatile CAN4TARQSTR _CAN4TARQ;                            /* MSCAN 4 Transmitter Message Abort Request; 0x00000288 */
  460:  volatile CAN4TAAKSTR _CAN4TAAK;                            /* MSCAN 4 Transmitter Message Abort Control; 0x00000289 */
  461:  volatile CAN4TBSELSTR _CAN4TBSEL;                          /* MSCAN 4 Transmit Buffer Selection; 0x0000028A */
  462:  volatile CAN4IDACSTR _CAN4IDAC;                            /* MSCAN 4 Identifier Acceptance Control Register; 0x0000028B */
  463:  volatile CAN4MISCSTR _CAN4MISC;                            /* MSCAN 4 Miscellaneous Register; 0x0000028D */
  464:  volatile CAN4RXERRSTR _CAN4RXERR;                          /* MSCAN 4 Receive Error Counter Register; 0x0000028E */
  465:  volatile CAN4TXERRSTR _CAN4TXERR;                          /* MSCAN 4 Transmit Error Counter Register; 0x0000028F */
  466:  volatile CAN4IDAR0STR _CAN4IDAR0;                          /* MSCAN 4 Identifier Acceptance Register 0; 0x00000290 */
  467:  volatile CAN4IDAR1STR _CAN4IDAR1;                          /* MSCAN 4 Identifier Acceptance Register 1; 0x00000291 */
  468:  volatile CAN4IDAR2STR _CAN4IDAR2;                          /* MSCAN 4 Identifier Acceptance Register 2; 0x00000292 */
  469:  volatile CAN4IDAR3STR _CAN4IDAR3;                          /* MSCAN 4 Identifier Acceptance Register 3; 0x00000293 */
  470:  volatile CAN4IDMR0STR _CAN4IDMR0;                          /* MSCAN 4 Identifier Mask Register 0; 0x00000294 */
  471:  volatile CAN4IDMR1STR _CAN4IDMR1;                          /* MSCAN 4 Identifier Mask Register 1; 0x00000295 */
  472:  volatile CAN4IDMR2STR _CAN4IDMR2;                          /* MSCAN 4 Identifier Mask Register 2; 0x00000296 */
  473:  volatile CAN4IDMR3STR _CAN4IDMR3;                          /* MSCAN 4 Identifier Mask Register 3; 0x00000297 */
  474:  volatile CAN4IDAR4STR _CAN4IDAR4;                          /* MSCAN 4 Identifier Acceptance Register 4; 0x00000298 */
  475:  volatile CAN4IDAR5STR _CAN4IDAR5;                          /* MSCAN 4 Identifier Acceptance Register 5; 0x00000299 */
  476:  volatile CAN4IDAR6STR _CAN4IDAR6;                          /* MSCAN 4 Identifier Acceptance Register 6; 0x0000029A */
  477:  volatile CAN4IDAR7STR _CAN4IDAR7;                          /* MSCAN 4 Identifier Acceptance Register 7; 0x0000029B */
  478:  volatile CAN4IDMR4STR _CAN4IDMR4;                          /* MSCAN 4 Identifier Mask Register 4; 0x0000029C */
  479:  volatile CAN4IDMR5STR _CAN4IDMR5;                          /* MSCAN 4 Identifier Mask Register 5; 0x0000029D */
  480:  volatile CAN4IDMR6STR _CAN4IDMR6;                          /* MSCAN 4 Identifier Mask Register 6; 0x0000029E */
  481:  volatile CAN4IDMR7STR _CAN4IDMR7;                          /* MSCAN 4 Identifier Mask Register 7; 0x0000029F */
  482:  volatile CAN4RXIDR0STR _CAN4RXIDR0;                        /* MSCAN 4 Receive Identifier Register 0; 0x000002A0 */
  483:  volatile CAN4RXIDR1STR _CAN4RXIDR1;                        /* MSCAN 4 Receive Identifier Register 1; 0x000002A1 */
  484:  volatile CAN4RXIDR2STR _CAN4RXIDR2;                        /* MSCAN 4 Receive Identifier Register 2; 0x000002A2 */
  485:  volatile CAN4RXIDR3STR _CAN4RXIDR3;                        /* MSCAN 4 Receive Identifier Register 3; 0x000002A3 */
  486:  volatile CAN4RXDSR0STR _CAN4RXDSR0;                        /* MSCAN 4 Receive Data Segment Register 0; 0x000002A4 */
  487:  volatile CAN4RXDSR1STR _CAN4RXDSR1;                        /* MSCAN 4 Receive Data Segment Register 1; 0x000002A5 */
  488:  volatile CAN4RXDSR2STR _CAN4RXDSR2;                        /* MSCAN 4 Receive Data Segment Register 2; 0x000002A6 */
  489:  volatile CAN4RXDSR3STR _CAN4RXDSR3;                        /* MSCAN 4 Receive Data Segment Register 3; 0x000002A7 */
  490:  volatile CAN4RXDSR4STR _CAN4RXDSR4;                        /* MSCAN 4 Receive Data Segment Register 4; 0x000002A8 */
  491:  volatile CAN4RXDSR5STR _CAN4RXDSR5;                        /* MSCAN 4 Receive Data Segment Register 5; 0x000002A9 */
  492:  volatile CAN4RXDSR6STR _CAN4RXDSR6;                        /* MSCAN 4 Receive Data Segment Register 6; 0x000002AA */
  493:  volatile CAN4RXDSR7STR _CAN4RXDSR7;                        /* MSCAN 4 Receive Data Segment Register 7; 0x000002AB */
  494:  volatile CAN4RXDLRSTR _CAN4RXDLR;                          /* MSCAN 4 Receive Data Length Register; 0x000002AC */
  495:  volatile CAN4TXIDR0STR _CAN4TXIDR0;                        /* MSCAN 4 Transmit Identifier Register 0; 0x000002B0 */
  496:  volatile CAN4TXIDR1STR _CAN4TXIDR1;                        /* MSCAN 4 Transmit Identifier Register 1; 0x000002B1 */
  497:  volatile CAN4TXIDR2STR _CAN4TXIDR2;                        /* MSCAN 4 Transmit Identifier Register 2; 0x000002B2 */
  498:  volatile CAN4TXIDR3STR _CAN4TXIDR3;                        /* MSCAN 4 Transmit Identifier Register 3; 0x000002B3 */
  499:  volatile CAN4TXDSR0STR _CAN4TXDSR0;                        /* MSCAN 4 Transmit Data Segment Register 0; 0x000002B4 */
  500:  volatile CAN4TXDSR1STR _CAN4TXDSR1;                        /* MSCAN 4 Transmit Data Segment Register 1; 0x000002B5 */
  501:  volatile CAN4TXDSR2STR _CAN4TXDSR2;                        /* MSCAN 4 Transmit Data Segment Register 2; 0x000002B6 */
  502:  volatile CAN4TXDSR3STR _CAN4TXDSR3;                        /* MSCAN 4 Transmit Data Segment Register 3; 0x000002B7 */
  503:  volatile CAN4TXDSR4STR _CAN4TXDSR4;                        /* MSCAN 4 Transmit Data Segment Register 4; 0x000002B8 */
  504:  volatile CAN4TXDSR5STR _CAN4TXDSR5;                        /* MSCAN 4 Transmit Data Segment Register 5; 0x000002B9 */
  505:  volatile CAN4TXDSR6STR _CAN4TXDSR6;                        /* MSCAN 4 Transmit Data Segment Register 6; 0x000002BA */
  506:  volatile CAN4TXDSR7STR _CAN4TXDSR7;                        /* MSCAN 4 Transmit Data Segment Register 7; 0x000002BB */
  507:  volatile CAN4TXDLRSTR _CAN4TXDLR;                          /* MSCAN 4 Transmit Data Length Register; 0x000002BC */
  508:  volatile CAN4TXTBPRSTR _CAN4TXTBPR;                        /* MSCAN 4 Transmit Buffer Priority; 0x000002BD */
  509:  volatile ATD0STAT0STR _ATD0STAT0;                          /* ATD 0 Status Register 0; 0x000002C6 */
  510:  volatile ATD0TEST1STR _ATD0TEST1;                          /* ATD0 Test Register; 0x000002C9 */
  511:  volatile ATD0STAT1STR _ATD0STAT1;                          /* ATD 0 Status Register 1; 0x000002CB */
  512:  volatile ATD0DIENSTR _ATD0DIEN;                            /* ATD 0 Input Enable Register; 0x000002CD */
  513:  volatile ATD0PTAD0STR _ATD0PTAD0;                          /* ATD 0 Port AD0 Register; 0x000002CF */
  514:  volatile VREGCTRLSTR _VREGCTRL;                            /* VREG_3V3 - Control Register; 0x000002F1 */
  515:  volatile VREGAPICLSTR _VREGAPICL;                          /* VREG_3V3 - Autonomous Periodical Interrupt Control Register; 0x000002F2 */
  516:  volatile VREGAPITRSTR _VREGAPITR;                          /* VREG_3V3 - Autonomous Periodical Interrupt Trimming Register; 0x000002F3 */
  517:  volatile PWMESTR _PWME;                                    /* PWM Enable Register; 0x00000300 */
  518:  volatile PWMPOLSTR _PWMPOL;                                /* PWM Polarity Register; 0x00000301 */
  519:  volatile PWMCLKSTR _PWMCLK;                                /* PWM Clock Select Register; 0x00000302 */
  520:  volatile PWMPRCLKSTR _PWMPRCLK;                            /* PWM Prescale Clock Select Register; 0x00000303 */
  521:  volatile PWMCAESTR _PWMCAE;                                /* PWM Center Align Enable Register; 0x00000304 */
  522:  volatile PWMCTLSTR _PWMCTL;                                /* PWM Control Register; 0x00000305 */
  523:  volatile PWMSCLASTR _PWMSCLA;                              /* PWM Scale A Register; 0x00000308 */
  524:  volatile PWMSCLBSTR _PWMSCLB;                              /* PWM Scale B Register; 0x00000309 */
  525:  volatile PWMSDNSTR _PWMSDN;                                /* PWM Shutdown Register; 0x00000324 */
  526:  volatile PITCFLMTSTR _PITCFLMT;                            /* PIT Control and Force Load Micro Timer Register; 0x00000340 */
  527:  volatile PITFLTSTR _PITFLT;                                /* PIT Force Load Timer Register; 0x00000341 */
  528:  volatile PITCESTR _PITCE;                                  /* PIT Channel Enable Register; 0x00000342 */
  529:  volatile PITMUXSTR _PITMUX;                                /* PIT Multiplex Register; 0x00000343 */
  530:  volatile PITINTESTR _PITINTE;                              /* PIT Interrupt Enable Register; 0x00000344 */
  531:  volatile PITTFSTR _PITTF;                                  /* PIT Time-out Flag Register; 0x00000345 */
  532:  volatile PITMTLD0STR _PITMTLD0;                            /* PIT Micro Timer Load Register 0; 0x00000346 */
  533:  volatile PITMTLD1STR _PITMTLD1;                            /* PIT Micro Timer Load Register 1; 0x00000347 */
  534:  volatile XGCHIDSTR _XGCHID;                                /* XGATE Channel ID Register; 0x00000382 */
  535:  volatile XGCCRSTR _XGCCR;                                  /* XGATE Condition Code Register; 0x0000039D */
  536:  /* NVFPROT - macro for reading non volatile register       Non volatile Flash Protection Register; 0x0000FF0D */
  537:  /* NVFCTL - macro for reading non volatile register        Non Volatile Flash Control Register; 0x0000FF0E */
  538:  /* NVFSEC - macro for reading non volatile register        Non volatile Flash Security Register; 0x0000FF0F */
  539:  
  540:  
  541:  /* * * * *  16-BIT REGISTERS  * * * * * * * * * * * * * * * */
  542:  volatile PORTABSTR _PORTAB;                                /* Port AB; 0x00000000 */
  543:  volatile DDRABSTR _DDRAB;                                  /* Port AB Data Direction; 0x00000002 */
  544:  volatile PORTCDSTR _PORTCD;                                /* Port CD; 0x00000004 */
  545:  volatile DDRCDSTR _DDRCD;                                  /* Port CD Data Direction; 0x00000006 */
  546:  volatile PARTIDSTR _PARTID;                                /* Part ID Register; 0x0000001A */
  547:  volatile DBGTBSTR _DBGTB;                                  /* Debug Trace Buffer Register; 0x00000024 */
  548:  volatile TCNTSTR _TCNT;                                    /* Timer Count Register; 0x00000044 */
  549:  volatile TC0STR _TC0;                                      /* Timer Input Capture/Output Compare Register 0; 0x00000050 */
  550:  volatile TC1STR _TC1;                                      /* Timer Input Capture/Output Compare Register 1; 0x00000052 */
  551:  volatile TC2STR _TC2;                                      /* Timer Input Capture/Output Compare Register 2; 0x00000054 */
  552:  volatile TC3STR _TC3;                                      /* Timer Input Capture/Output Compare Register 3; 0x00000056 */
  553:  volatile TC4STR _TC4;                                      /* Timer Input Capture/Output Compare Register 4; 0x00000058 */
  554:  volatile TC5STR _TC5;                                      /* Timer Input Capture/Output Compare Register 5; 0x0000005A */
  555:  volatile TC6STR _TC6;                                      /* Timer Input Capture/Output Compare Register 6; 0x0000005C */
  556:  volatile TC7STR _TC7;                                      /* Timer Input Capture/Output Compare Register 7; 0x0000005E */
  557:  volatile PACN32STR _PACN32;                                /* Pulse Accumulators Count 32 Register; 0x00000062 */
  558:  volatile PACN10STR _PACN10;                                /* Pulse Accumulators Count 10 Register; 0x00000064 */
  559:  volatile PA32HSTR _PA32H;                                  /* 8-Bit Pulse Accumulators Holding 32 Register; 0x00000072 */
  560:  volatile PA10HSTR _PA10H;                                  /* 8-Bit Pulse Accumulators Holding 10 Register; 0x00000074 */
  561:  volatile MCCNTSTR _MCCNT;                                  /* Modulus Down-Counter Count Register; 0x00000076 */
  562:  volatile TC0HSTR _TC0H;                                    /* Timer Input Capture Holding Registers 0; 0x00000078 */
  563:  volatile TC1HSTR _TC1H;                                    /* Timer Input Capture Holding Registers 1; 0x0000007A */
  564:  volatile TC2HSTR _TC2H;                                    /* Timer Input Capture Holding Registers 2; 0x0000007C */
  565:  volatile TC3HSTR _TC3H;                                    /* Timer Input Capture Holding Registers 3; 0x0000007E */
  566:  volatile ATD1CTL01STR _ATD1CTL01;                          /* ATD 1 Control Register 01; 0x00000080 */
  567:  volatile ATD1CTL23STR _ATD1CTL23;                          /* ATD 1 Control Register 23; 0x00000082 */
  568:  volatile ATD1CTL45STR _ATD1CTL45;                          /* ATD 1 Control Register 45; 0x00000084 */
  569:  volatile ATD1DIENSTR _ATD1DIEN;                            /* ATD 1 Input Enable Register; 0x0000008C */
  570:  volatile ATD1PTADSTR _ATD1PTAD;                            /* ATD1 Port AD Register; 0x0000008E */
  571:  volatile ATD1DR0STR _ATD1DR0;                              /* ATD 1 Conversion Result Register 0; 0x00000090 */
  572:  volatile ATD1DR1STR _ATD1DR1;                              /* ATD 1 Conversion Result Register 1; 0x00000092 */
  573:  volatile ATD1DR2STR _ATD1DR2;                              /* ATD 1 Conversion Result Register 2; 0x00000094 */
  574:  volatile ATD1DR3STR _ATD1DR3;                              /* ATD 1 Conversion Result Register 3; 0x00000096 */
  575:  volatile ATD1DR4STR _ATD1DR4;                              /* ATD 1 Conversion Result Register 4; 0x00000098 */
  576:  volatile ATD1DR5STR _ATD1DR5;                              /* ATD 1 Conversion Result Register 5; 0x0000009A */
  577:  volatile ATD1DR6STR _ATD1DR6;                              /* ATD 1 Conversion Result Register 6; 0x0000009C */
  578:  volatile ATD1DR7STR _ATD1DR7;                              /* ATD 1 Conversion Result Register 7; 0x0000009E */
  579:  volatile ATD1DR8STR _ATD1DR8;                              /* ATD 1 Conversion Result Register 8; 0x000000A0 */
  580:  volatile ATD1DR9STR _ATD1DR9;                              /* ATD 1 Conversion Result Register 9; 0x000000A2 */
  581:  volatile ATD1DR10STR _ATD1DR10;                            /* ATD 1 Conversion Result Register 10; 0x000000A4 */
  582:  volatile ATD1DR11STR _ATD1DR11;                            /* ATD 1 Conversion Result Register 11; 0x000000A6 */
  583:  volatile ATD1DR12STR _ATD1DR12;                            /* ATD 1 Conversion Result Register 12; 0x000000A8 */
  584:  volatile ATD1DR13STR _ATD1DR13;                            /* ATD 1 Conversion Result Register 13; 0x000000AA */
  585:  volatile ATD1DR14STR _ATD1DR14;                            /* ATD 1 Conversion Result Register 14; 0x000000AC */
  586:  volatile ATD1DR15STR _ATD1DR15;                            /* ATD 1 Conversion Result Register 15; 0x000000AE */
  587:  volatile SCI2BDSTR _SCI2BD;                                /* SCI 2 Baud Rate Register; 0x000000B8 */
  588:  volatile SCI3BDSTR _SCI3BD;                                /* SCI 3 Baud Rate Register; 0x000000C0 */
  589:  volatile SCI0BDSTR _SCI0BD;                                /* SCI 0 Baud Rate Register; 0x000000C8 */
  590:  volatile SCI1BDSTR _SCI1BD;                                /* SCI 1 Baud Rate Register; 0x000000D0 */
  591:  volatile FADDRSTR _FADDR;                                  /* Flash Address Register; 0x00000108 */
  592:  volatile FDATASTR _FDATA;                                  /* Flash Data Register; 0x0000010A */
  593:  volatile EADDRSTR _EADDR;                                  /* EEPROM Address Register; 0x00000118 */
  594:  volatile EDATASTR _EDATA;                                  /* EEPROM Data Register; 0x0000011A */
  595:  volatile SCI4BDSTR _SCI4BD;                                /* SCI 4 Baud Rate Register; 0x00000130 */
  596:  volatile SCI5BDSTR _SCI5BD;                                /* SCI 5 Baud Rate Register; 0x00000138 */
  597:  volatile CAN0RXTSRSTR _CAN0RXTSR;                          /* MSCAN 0 Receive Time Stamp Register; 0x0000016E */
  598:  volatile CAN0TXTSRSTR _CAN0TXTSR;                          /* MSCAN 0 Transmit Time Stamp Register; 0x0000017E */
  599:  volatile CAN1RXTSRSTR _CAN1RXTSR;                          /* MSCAN 1 Receive Time Stamp Register; 0x000001AE */
  600:  volatile CAN1TXTSRSTR _CAN1TXTSR;                          /* MSCAN 1 Transmit Time Stamp Register; 0x000001BE */
  601:  volatile CAN2RXTSRSTR _CAN2RXTSR;                          /* MSCAN 2 Receive Time Stamp Register; 0x000001EE */
  602:  volatile CAN2TXTSRSTR _CAN2TXTSR;                          /* MSCAN 2 Transmit Time Stamp Register; 0x000001FE */
  603:  volatile CAN3RXTSRSTR _CAN3RXTSR;                          /* MSCAN 3 Receive Time Stamp Register; 0x0000022E */
  604:  volatile CAN3TXTSRSTR _CAN3TXTSR;                          /* MSCAN 3 Transmit Time Stamp Register; 0x0000023E */
  605:  volatile PT01AD1STR _PT01AD1;                              /* Port AD1 Data Register; 0x00000278 */
  606:  volatile DDR01AD1STR _DDR01AD1;                            /* Port AD1 Data Direction Register; 0x0000027A */
  607:  volatile RDR01AD1STR _RDR01AD1;                            /* Port AD1 Reduced Drive Register; 0x0000027C */
  608:  volatile PER01AD1STR _PER01AD1;                            /* Port AD1 Pull Up Enable Register; 0x0000027E */
  609:  volatile CAN4RXTSRSTR _CAN4RXTSR;                          /* MSCAN 4 Receive Time Stamp Register; 0x000002AE */
  610:  volatile CAN4TXTSRSTR _CAN4TXTSR;                          /* MSCAN 4 Transmit Time Stamp Register; 0x000002BE */
  611:  volatile ATD0CTL01STR _ATD0CTL01;                          /* ATD 0 Control Register 01; 0x000002C0 */
  612:  volatile ATD0CTL23STR _ATD0CTL23;                          /* ATD 0 Control Register 23; 0x000002C2 */
  613:  volatile ATD0CTL45STR _ATD0CTL45;                          /* ATD 0 Control Register 45; 0x000002C4 */
  614:  volatile ATD0DR0STR _ATD0DR0;                              /* ATD 0 Conversion Result Register 0; 0x000002D0 */
  615:  volatile ATD0DR1STR _ATD0DR1;                              /* ATD 0 Conversion Result Register 1; 0x000002D2 */
  616:  volatile ATD0DR2STR _ATD0DR2;                              /* ATD 0 Conversion Result Register 2; 0x000002D4 */
  617:  volatile ATD0DR3STR _ATD0DR3;                              /* ATD 0 Conversion Result Register 3; 0x000002D6 */
  618:  volatile ATD0DR4STR _ATD0DR4;                              /* ATD 0 Conversion Result Register 4; 0x000002D8 */
  619:  volatile ATD0DR5STR _ATD0DR5;                              /* ATD 0 Conversion Result Register 5; 0x000002DA */
  620:  volatile ATD0DR6STR _ATD0DR6;                              /* ATD 0 Conversion Result Register 6; 0x000002DC */
  621:  volatile ATD0DR7STR _ATD0DR7;                              /* ATD 0 Conversion Result Register 7; 0x000002DE */
  622:  volatile VREGAPIRSTR _VREGAPIR;                            /* VREG_3V3 - Autonomous Periodical Interrupt Rate Register; 0x000002F4 */
  623:  volatile PWMCNT01STR _PWMCNT01;                            /* PWM Channel Counter 01 Register; 0x0000030C */
  624:  volatile PWMCNT23STR _PWMCNT23;                            /* PWM Channel Counter 23 Register; 0x0000030E */
  625:  volatile PWMCNT45STR _PWMCNT45;                            /* PWM Channel Counter 45 Register; 0x00000310 */
  626:  volatile PWMCNT67STR _PWMCNT67;                            /* PWM Channel Counter 67 Register; 0x00000312 */
  627:  volatile PWMPER01STR _PWMPER01;                            /* PWM Channel Period 01 Register; 0x00000314 */
  628:  volatile PWMPER23STR _PWMPER23;                            /* PWM Channel Period 23 Register; 0x00000316 */
  629:  volatile PWMPER45STR _PWMPER45;                            /* PWM Channel Period 45 Register; 0x00000318 */
  630:  volatile PWMPER67STR _PWMPER67;                            /* PWM Channel Period 67 Register; 0x0000031A */
  631:  volatile PWMDTY01STR _PWMDTY01;                            /* PWM Channel Duty 01 Register; 0x0000031C */
  632:  volatile PWMDTY23STR _PWMDTY23;                            /* PWM Channel Duty 23 Register; 0x0000031E */
  633:  volatile PWMDTY45STR _PWMDTY45;                            /* PWM Channel Duty 45 Register; 0x00000320 */
  634:  volatile PWMDTY67STR _PWMDTY67;                            /* PWM Channel Duty 67 Register; 0x00000322 */
  635:  volatile PITLD0STR _PITLD0;                                /* PIT Load Register 0; 0x00000348 */
  636:  volatile PITCNT0STR _PITCNT0;                              /* PIT Count Register 0; 0x0000034A */
  637:  volatile PITLD1STR _PITLD1;                                /* PIT Load Register 1; 0x0000034C */
  638:  volatile PITCNT1STR _PITCNT1;                              /* PIT Count Register 1; 0x0000034E */
  639:  volatile PITLD2STR _PITLD2;                                /* PIT Load Register 2; 0x00000350 */
  640:  volatile PITCNT2STR _PITCNT2;                              /* PIT Count Register 2; 0x00000352 */
  641:  volatile PITLD3STR _PITLD3;                                /* PIT Load Register 3; 0x00000354 */
  642:  volatile PITCNT3STR _PITCNT3;                              /* PIT Count Register 3; 0x00000356 */
  643:  volatile XGMCTLSTR _XGMCTL;                                /* XGATE Module Control Register; 0x00000380 */
  644:  volatile XGVBRSTR _XGVBR;                                  /* XGATE Vector Base Address Register; 0x00000386 */
  645:  volatile XGIF_7F_70STR _XGIF_7F_70;                        /* XGATE Channel Interrupt Flag Vector 7; 0x00000388 */
  646:  volatile XGIF_6F_60STR _XGIF_6F_60;                        /* XGATE Channel Interrupt Flag Vector 6; 0x0000038A */
  647:  volatile XGIF_5F_50STR _XGIF_5F_50;                        /* XGATE Channel Interrupt Flag Vector 5; 0x0000038C */
  648:  volatile XGIF_4F_40STR _XGIF_4F_40;                        /* XGATE Channel Interrupt Flag Vector 4; 0x0000038E */
  649:  volatile XGIF_3F_30STR _XGIF_3F_30;                        /* XGATE Channel Interrupt Flag Vector 3; 0x00000390 */
  650:  volatile XGIF_2F_20STR _XGIF_2F_20;                        /* XGATE Channel Interrupt Flag Vector 2; 0x00000392 */
  651:  volatile XGIF_1F_10STR _XGIF_1F_10;                        /* XGATE Channel Interrupt Flag Vector 1; 0x00000394 */
  652:  volatile XGIF_0F_00STR _XGIF_0F_00;                        /* XGATE Channel Interrupt Flag Vector 0; 0x00000396 */
  653:  volatile XGSWTSTR _XGSWT;                                  /* XGATE Software Trigger Register; 0x00000398 */
  654:  volatile XGSEMSTR _XGSEM;                                  /* XGATE Semaphore Register; 0x0000039A */
  655:  volatile XGPCSTR _XGPC;                                    /* XGATE Program Counter Register; 0x0000039E */
  656:  volatile XGR1STR _XGR1;                                    /* XGATE Register 1; 0x000003A2 */
  657:  volatile XGR2STR _XGR2;                                    /* XGATE Register 2; 0x000003A4 */
  658:  volatile XGR3STR _XGR3;                                    /* XGATE Register 3; 0x000003A6 */
  659:  volatile XGR4STR _XGR4;                                    /* XGATE Register 4; 0x000003A8 */
  660:  volatile XGR5STR _XGR5;                                    /* XGATE Register 5; 0x000003AA */
  661:  volatile XGR6STR _XGR6;                                    /* XGATE Register 6; 0x000003AC */
  662:  volatile XGR7STR _XGR7;                                    /* XGATE Register 7; 0x000003AE */
  663:  /* BAKEY0 - macro for reading non volatile register        Backdoor Access Key 0; 0x0000FF00 */
  664:  /* BAKEY1 - macro for reading non volatile register        Backdoor Access Key 1; 0x0000FF02 */
  665:  /* BAKEY2 - macro for reading non volatile register        Backdoor Access Key 2; 0x0000FF04 */
  666:  /* BAKEY3 - macro for reading non volatile register        Backdoor Access Key 3; 0x0000FF06 */
  667:  
  668:  /*lint -restore */
  669:  
  670:  /* EOF */
  671:  
