*** EVALUATION ***
ANSI-C/cC++ Compiler for HC12 V-5.0.38 Build 9056, Feb 26 2009

    1:  
    2:  //#define TP 25  // 1.25 us @ 50ns OCTic
    3:  #include "mc9s12xdp512.h"
    4:  
    5:      
    6:  #define OCTIC 50            // 50ns (prescaler must be at 2)  
    7:  #define T1H   800/OCTIC     // 800ns  @ 50ns OCTic
    8:  #define T0H   400/OCTIC     // 400ns  @ 50ns OCTic
    9:  #define TRES  50000/OCTIC   // 50us @ 50ns OCTic
   10:  
   11:  // Variables used by Driver                                     
   12:  
   13:  static unsigned int  delta;
   14:  static unsigned char mask;
   15:  
   16:  // ************* OJO **********
   17:  // OJO ByteCtr debe ser int no char pues el maximo es 32x8x3= 768 me ovide !!!
   18:  // Medir como impacta en los tiempos
   19:    
   20:  //static unsigned char ByteCtr=2;   // How many bytes will be send to WS2812B
   21:  static unsigned int  ByteCtr=2;   // How many bytes will be send to WS2812B
   22:  
   23:  static unsigned char *p2rgb;      // Poiner to data to be send over DIN pin (WS2812B) 
   24:  
   25:  
   26:  
   27:  
   28:  void WS2812B_Set_Data_Length( unsigned int length ) {
*** EVALUATION ***

Function: WS2812B_Set_Data_Length
Source  : Z:\mi home\Documents\RGB LED Strip\HC12\WS2812B_HC12\Sources\WS2812B.c
Options : -CPUHCS12X -D__NO_FLOAT__ -Env"GENPATH=Z:\mi home\Documents\RGB LED Strip\HC12\WS2812B_HC12;Z:\mi home\Documents\RGB LED Strip\HC12\WS2812B_HC12\bin;Z:\mi home\Documents\RGB LED Strip\HC12\WS2812B_HC12\prm;Z:\mi home\Documents\RGB LED Strip\HC12\WS2812B_HC12\cmd;Z:\mi home\Documents\RGB LED Strip\HC12\WS2812B_HC12\Sources;C:\Archivos de programa\Freescale\CodeWarrior for S12(X) V5.0\lib\HC12c\lib;C:\Archivos de programa\Freescale\CodeWarrior for S12(X) V5.0\lib\HC12c\src;Z:\mi home\Documents\RGB LED Strip\HC12\WS2812B_HC12\Sources\DP256Reg;C:\Archivos de programa\Freescale\CodeWarrior for S12(X) V5.0\lib\HC12c\include" -Env"LIBPATH=C:\Archivos de programa\Freescale\CodeWarrior for S12(X) V5.0\lib\HC12c\include" -Env"OBJPATH=Z:\mi home\Documents\RGB LED Strip\HC12\WS2812B_HC12\bin" -Env"TEXTPATH=Z:\mi home\Documents\RGB LED Strip\HC12\WS2812B_HC12\bin" -Lasm="Z:\mi home\Documents\RGB LED Strip\HC12\WS2812B_HC12\CLASE4_C_12X_RTI_Data\RAM\ObjectCode\WS2812B.c.o.lst" -Ms -Ot -ObjN="Z:\mi home\Documents\RGB LED Strip\HC12\WS2812B_HC12\CLASE4_C_12X_RTI_Data\RAM\ObjectCode\WS2812B.c.o" -WmsgSd1106

   29:   
   30:   
   31:          ByteCtr=length;    // Ver?? si no conviene 3xlength  RGB
  0000 7c0000       [3]     STD   ByteCtr
   32:   
   33:    
   34:  }
  0003 3d           [5]     RTS   
   35:  
   36:  void WS2812B_Set_Data_pointer( unsigned char *data_ptr ) {
*** EVALUATION ***

Function: WS2812B_Set_Data_pointer
Source  : Z:\mi home\Documents\RGB LED Strip\HC12\WS2812B_HC12\Sources\WS2812B.c
Options : -CPUHCS12X -D__NO_FLOAT__ -Env"GENPATH=Z:\mi home\Documents\RGB LED Strip\HC12\WS2812B_HC12;Z:\mi home\Documents\RGB LED Strip\HC12\WS2812B_HC12\bin;Z:\mi home\Documents\RGB LED Strip\HC12\WS2812B_HC12\prm;Z:\mi home\Documents\RGB LED Strip\HC12\WS2812B_HC12\cmd;Z:\mi home\Documents\RGB LED Strip\HC12\WS2812B_HC12\Sources;C:\Archivos de programa\Freescale\CodeWarrior for S12(X) V5.0\lib\HC12c\lib;C:\Archivos de programa\Freescale\CodeWarrior for S12(X) V5.0\lib\HC12c\src;Z:\mi home\Documents\RGB LED Strip\HC12\WS2812B_HC12\Sources\DP256Reg;C:\Archivos de programa\Freescale\CodeWarrior for S12(X) V5.0\lib\HC12c\include" -Env"LIBPATH=C:\Archivos de programa\Freescale\CodeWarrior for S12(X) V5.0\lib\HC12c\include" -Env"OBJPATH=Z:\mi home\Documents\RGB LED Strip\HC12\WS2812B_HC12\bin" -Env"TEXTPATH=Z:\mi home\Documents\RGB LED Strip\HC12\WS2812B_HC12\bin" -Lasm="Z:\mi home\Documents\RGB LED Strip\HC12\WS2812B_HC12\CLASE4_C_12X_RTI_Data\RAM\ObjectCode\WS2812B.c.o.lst" -Ms -Ot -ObjN="Z:\mi home\Documents\RGB LED Strip\HC12\WS2812B_HC12\CLASE4_C_12X_RTI_Data\RAM\ObjectCode\WS2812B.c.o" -WmsgSd1106

   37:   
   38:   
   39:          p2rgb=data_ptr;    // 
  0000 7c0000       [3]     STD   p2rgb
   40:   
   41:    
   42:  }
  0003 3d           [5]     RTS   
